<?xml version="1.0" encoding="UTF-8"?>
<testsuites name="双星轮胎 MES - 全量接口测试" tests="266" time="94.962">
  <testsuite name="00 - 基础与认证 / 数据库健康检查 - 未登录应拦截" id="199484f1-abac-4c6e-928f-5b07b7f2db4a" timestamp="2026-07-17T15:56:06.150Z" tests="1" failures="0" errors="0" time="0.055">
    <testcase name="健康接口受认证保护" time="0.055" classname="00"/>
  </testsuite>
  <testsuite name="00 - 基础与认证 / 系统管理员登录（最小权限校验）" id="22c7343b-3ae7-4306-bf4d-0e7496fc870c" timestamp="2026-07-17T15:56:06.150Z" tests="1" failures="0" errors="0" time="0.975">
    <testcase name="系统管理员登录成功" time="0.975" classname="00"/>
  </testsuite>
  <testsuite name="00 - 基础与认证 / 系统管理员不能读取生产工单" id="69e7323d-c56c-4d40-ba51-92356920b069" timestamp="2026-07-17T15:56:06.150Z" tests="2" failures="0" errors="0" time="0.694">
    <testcase name="最小权限边界生效" time="0.694" classname="00"/>
    <testcase name="返回明确权限提示" time="0.694" classname="00"/>
  </testsuite>
  <testsuite name="00 - 基础与认证 / 超级管理员登录" id="4452ebc1-a706-48e6-ad85-a730f250c529" timestamp="2026-07-17T15:56:06.150Z" tests="2" failures="0" errors="0" time="1.046">
    <testcase name="登录成功" time="1.046" classname="00"/>
    <testcase name="登录响应为成功 JSON" time="1.046" classname="00"/>
  </testsuite>
  <testsuite name="00 - 基础与认证 / 当前用户" id="34ef80b2-f6fa-4b8f-8602-afba4cdd3dc3" timestamp="2026-07-17T15:56:06.150Z" tests="2" failures="0" errors="0" time="0.620">
    <testcase name="当前用户查询成功" time="0.620" classname="00"/>
    <testcase name="返回超级管理员身份" time="0.620" classname="00"/>
  </testsuite>
  <testsuite name="01 - 全接口未登录安全边界 (170) / GET /access/account-applications" id="76da5d98-b146-4a35-a0cf-d3a6776f191e" timestamp="2026-07-17T15:56:06.150Z" tests="3" failures="0" errors="0" time="0.180">
    <testcase name="未登录请求返回 401" time="0.180" classname="01170GetAccessAccountApplications"/>
    <testcase name="错误响应为 JSON" time="0.180" classname="01170GetAccessAccountApplications"/>
    <testcase name="响应时间小于 2 秒" time="0.180" classname="01170GetAccessAccountApplications"/>
  </testsuite>
  <testsuite name="01 - 全接口未登录安全边界 (170) / GET /access/permission-applications" id="5ffd74c5-978d-4c7e-9390-a6d193881a25" timestamp="2026-07-17T15:56:06.150Z" tests="3" failures="0" errors="0" time="0.005">
    <testcase name="未登录请求返回 401" time="0.005" classname="01170GetAccessPermissionApplications"/>
    <testcase name="错误响应为 JSON" time="0.005" classname="01170GetAccessPermissionApplications"/>
    <testcase name="响应时间小于 2 秒" time="0.005" classname="01170GetAccessPermissionApplications"/>
  </testsuite>
  <testsuite name="01 - 全接口未登录安全边界 (170) / GET /access/permissions" id="26e91696-26fd-4fad-b33d-605afab98ccb" timestamp="2026-07-17T15:56:06.150Z" tests="3" failures="0" errors="0" time="0.004">
    <testcase name="未登录请求返回 401" time="0.004" classname="01170GetAccessPermissions"/>
    <testcase name="错误响应为 JSON" time="0.004" classname="01170GetAccessPermissions"/>
    <testcase name="响应时间小于 2 秒" time="0.004" classname="01170GetAccessPermissions"/>
  </testsuite>
  <testsuite name="01 - 全接口未登录安全边界 (170) / GET /access/roles" id="9037cc16-a966-49a7-a056-e60a4d401318" timestamp="2026-07-17T15:56:06.150Z" tests="3" failures="0" errors="0" time="0.004">
    <testcase name="未登录请求返回 401" time="0.004" classname="01170GetAccessRoles"/>
    <testcase name="错误响应为 JSON" time="0.004" classname="01170GetAccessRoles"/>
    <testcase name="响应时间小于 2 秒" time="0.004" classname="01170GetAccessRoles"/>
  </testsuite>
  <testsuite name="01 - 全接口未登录安全边界 (170) / GET /access/system-maintenance" id="86d039e0-99f3-4b70-8684-818f94c4faa7" timestamp="2026-07-17T15:56:06.150Z" tests="3" failures="0" errors="0" time="0.004">
    <testcase name="未登录请求返回 401" time="0.004" classname="01170GetAccessSystemMaintenance"/>
    <testcase name="错误响应为 JSON" time="0.004" classname="01170GetAccessSystemMaintenance"/>
    <testcase name="响应时间小于 2 秒" time="0.004" classname="01170GetAccessSystemMaintenance"/>
  </testsuite>
  <testsuite name="01 - 全接口未登录安全边界 (170) / GET /access/users/{userId}/data-scopes" id="609264e0-6388-4a79-ae1c-2e78b8940d40" timestamp="2026-07-17T15:56:06.150Z" tests="3" failures="0" errors="0" time="0.004">
    <testcase name="未登录请求返回 401" time="0.004" classname="01170GetAccessUsersUserIdDataScopes"/>
    <testcase name="错误响应为 JSON" time="0.004" classname="01170GetAccessUsersUserIdDataScopes"/>
    <testcase name="响应时间小于 2 秒" time="0.004" classname="01170GetAccessUsersUserIdDataScopes"/>
  </testsuite>
  <testsuite name="01 - 全接口未登录安全边界 (170) / PUT /access/users/{userId}/data-scopes" id="64a744fc-843b-4154-8037-d1f13a4dffdc" timestamp="2026-07-17T15:56:06.150Z" tests="3" failures="0" errors="0" time="0.004">
    <testcase name="未登录请求返回 401" time="0.004" classname="01170PutAccessUsersUserIdDataScopes"/>
    <testcase name="错误响应为 JSON" time="0.004" classname="01170PutAccessUsersUserIdDataScopes"/>
    <testcase name="响应时间小于 2 秒" time="0.004" classname="01170PutAccessUsersUserIdDataScopes"/>
  </testsuite>
  <testsuite name="01 - 全接口未登录安全边界 (170) / GET /access/users/{userId}/roles" id="fcdd969d-6f39-4fff-9802-1cf104c05290" timestamp="2026-07-17T15:56:06.150Z" tests="3" failures="0" errors="0" time="0.004">
    <testcase name="未登录请求返回 401" time="0.004" classname="01170GetAccessUsersUserIdRoles"/>
    <testcase name="错误响应为 JSON" time="0.004" classname="01170GetAccessUsersUserIdRoles"/>
    <testcase name="响应时间小于 2 秒" time="0.004" classname="01170GetAccessUsersUserIdRoles"/>
  </testsuite>
  <testsuite name="01 - 全接口未登录安全边界 (170) / PUT /access/users/{userId}/roles" id="f86e6371-9c11-4476-9f7f-a4a8637108ad" timestamp="2026-07-17T15:56:06.150Z" tests="3" failures="0" errors="0" time="0.004">
    <testcase name="未登录请求返回 401" time="0.004" classname="01170PutAccessUsersUserIdRoles"/>
    <testcase name="错误响应为 JSON" time="0.004" classname="01170PutAccessUsersUserIdRoles"/>
    <testcase name="响应时间小于 2 秒" time="0.004" classname="01170PutAccessUsersUserIdRoles"/>
  </testsuite>
  <testsuite name="01 - 全接口未登录安全边界 (170) / POST /ai/planning/advice" id="b541a930-a3cf-4356-bf5d-46ccc7548865" timestamp="2026-07-17T15:56:06.150Z" tests="3" failures="0" errors="0" time="0.340">
    <testcase name="未登录请求返回 401" time="0.340" classname="01170PostAiPlanningAdvice"/>
    <testcase name="错误响应为 JSON" time="0.340" classname="01170PostAiPlanningAdvice"/>
    <testcase name="响应时间小于 2 秒" time="0.340" classname="01170PostAiPlanningAdvice"/>
  </testsuite>
  <testsuite name="01 - 全接口未登录安全边界 (170) / POST /auth/logout" id="2eca46a1-8594-4d71-a319-9ec6c940f22b" timestamp="2026-07-17T15:56:06.150Z" tests="3" failures="0" errors="0" time="0.004">
    <testcase name="未登录请求返回 401" time="0.004" classname="01170PostAuthLogout"/>
    <testcase name="错误响应为 JSON" time="0.004" classname="01170PostAuthLogout"/>
    <testcase name="响应时间小于 2 秒" time="0.004" classname="01170PostAuthLogout"/>
  </testsuite>
  <testsuite name="01 - 全接口未登录安全边界 (170) / GET /auth/me" id="a83f111d-4b1b-40b0-a3ae-711caed2af2c" timestamp="2026-07-17T15:56:06.150Z" tests="3" failures="0" errors="0" time="0.004">
    <testcase name="未登录请求返回 401" time="0.004" classname="01170GetAuthMe"/>
    <testcase name="错误响应为 JSON" time="0.004" classname="01170GetAuthMe"/>
    <testcase name="响应时间小于 2 秒" time="0.004" classname="01170GetAuthMe"/>
  </testsuite>
  <testsuite name="01 - 全接口未登录安全边界 (170) / GET /orders" id="c73c46f4-57cf-4fa7-83b8-14f726edcf99" timestamp="2026-07-17T15:56:06.150Z" tests="3" failures="0" errors="0" time="0.004">
    <testcase name="未登录请求返回 401" time="0.004" classname="01170GetOrders"/>
    <testcase name="错误响应为 JSON" time="0.004" classname="01170GetOrders"/>
    <testcase name="响应时间小于 2 秒" time="0.004" classname="01170GetOrders"/>
  </testsuite>
  <testsuite name="01 - 全接口未登录安全边界 (170) / POST /orders" id="9d149f0f-8635-4468-a401-d2e07b89bb8d" timestamp="2026-07-17T15:56:06.150Z" tests="3" failures="0" errors="0" time="0.004">
    <testcase name="未登录请求返回 401" time="0.004" classname="01170PostOrders"/>
    <testcase name="错误响应为 JSON" time="0.004" classname="01170PostOrders"/>
    <testcase name="响应时间小于 2 秒" time="0.004" classname="01170PostOrders"/>
  </testsuite>
  <testsuite name="01 - 全接口未登录安全边界 (170) / GET /orders/{id}" id="e8d3c7fb-45a0-4807-8a8c-21cdb3aabc45" timestamp="2026-07-17T15:56:06.150Z" tests="3" failures="0" errors="0" time="0.004">
    <testcase name="未登录请求返回 401" time="0.004" classname="01170GetOrdersId"/>
    <testcase name="错误响应为 JSON" time="0.004" classname="01170GetOrdersId"/>
    <testcase name="响应时间小于 2 秒" time="0.004" classname="01170GetOrdersId"/>
  </testsuite>
  <testsuite name="01 - 全接口未登录安全边界 (170) / GET /dashboard/executive" id="0c973bd8-b3af-42c5-a718-9b4c2bd20df3" timestamp="2026-07-17T15:56:06.150Z" tests="3" failures="0" errors="0" time="0.066">
    <testcase name="未登录请求返回 401" time="0.066" classname="01170GetDashboardExecutive"/>
    <testcase name="错误响应为 JSON" time="0.066" classname="01170GetDashboardExecutive"/>
    <testcase name="响应时间小于 2 秒" time="0.066" classname="01170GetDashboardExecutive"/>
  </testsuite>
  <testsuite name="01 - 全接口未登录安全边界 (170) / GET /dashboard/my-summary" id="f827db9f-7fee-4577-9a65-071177aefe00" timestamp="2026-07-17T15:56:06.150Z" tests="3" failures="0" errors="0" time="0.003">
    <testcase name="未登录请求返回 401" time="0.003" classname="01170GetDashboardMySummary"/>
    <testcase name="错误响应为 JSON" time="0.003" classname="01170GetDashboardMySummary"/>
    <testcase name="响应时间小于 2 秒" time="0.003" classname="01170GetDashboardMySummary"/>
  </testsuite>
  <testsuite name="01 - 全接口未登录安全边界 (170) / GET /db/ping" id="6c1e8ca2-8513-4273-a953-c433649880ea" timestamp="2026-07-17T15:56:06.150Z" tests="3" failures="0" errors="0" time="0.005">
    <testcase name="未登录请求返回 401" time="0.005" classname="01170GetDbPing"/>
    <testcase name="错误响应为 JSON" time="0.005" classname="01170GetDbPing"/>
    <testcase name="响应时间小于 2 秒" time="0.005" classname="01170GetDbPing"/>
  </testsuite>
  <testsuite name="01 - 全接口未登录安全边界 (170) / GET /equipment-repair-reports" id="a67f20e8-dfbb-41bd-814f-72cd4c46e24e" timestamp="2026-07-17T15:56:06.150Z" tests="3" failures="0" errors="0" time="0.123">
    <testcase name="未登录请求返回 401" time="0.123" classname="01170GetEquipmentRepairReports"/>
    <testcase name="错误响应为 JSON" time="0.123" classname="01170GetEquipmentRepairReports"/>
    <testcase name="响应时间小于 2 秒" time="0.123" classname="01170GetEquipmentRepairReports"/>
  </testsuite>
  <testsuite name="01 - 全接口未登录安全边界 (170) / POST /equipment-repair-reports" id="83d6b55f-f06f-4192-98eb-27d583e9b60e" timestamp="2026-07-17T15:56:06.150Z" tests="3" failures="0" errors="0" time="0.003">
    <testcase name="未登录请求返回 401" time="0.003" classname="01170PostEquipmentRepairReports"/>
    <testcase name="错误响应为 JSON" time="0.003" classname="01170PostEquipmentRepairReports"/>
    <testcase name="响应时间小于 2 秒" time="0.003" classname="01170PostEquipmentRepairReports"/>
  </testsuite>
  <testsuite name="01 - 全接口未登录安全边界 (170) / POST /equipment-repair-reports/{id}/approve" id="d95aa167-bb6d-4499-83a4-b95ef6b4895a" timestamp="2026-07-17T15:56:06.150Z" tests="3" failures="0" errors="0" time="0.005">
    <testcase name="未登录请求返回 401" time="0.005" classname="01170PostEquipmentRepairReportsIdApprove"/>
    <testcase name="错误响应为 JSON" time="0.005" classname="01170PostEquipmentRepairReportsIdApprove"/>
    <testcase name="响应时间小于 2 秒" time="0.005" classname="01170PostEquipmentRepairReportsIdApprove"/>
  </testsuite>
  <testsuite name="01 - 全接口未登录安全边界 (170) / POST /equipment-repair-reports/{id}/to-maintenance-order" id="8bd5ae36-904e-4fc3-b325-6fe7183533aa" timestamp="2026-07-17T15:56:06.150Z" tests="3" failures="0" errors="0" time="0.004">
    <testcase name="未登录请求返回 401" time="0.004" classname="01170PostEquipmentRepairReportsIdToMaintenanceOrder"/>
    <testcase name="错误响应为 JSON" time="0.004" classname="01170PostEquipmentRepairReportsIdToMaintenanceOrder"/>
    <testcase name="响应时间小于 2 秒" time="0.004" classname="01170PostEquipmentRepairReportsIdToMaintenanceOrder"/>
  </testsuite>
  <testsuite name="01 - 全接口未登录安全边界 (170) / GET /equipment" id="9de477ce-71e0-4cca-8cff-8b62017ad8de" timestamp="2026-07-17T15:56:06.150Z" tests="3" failures="0" errors="0" time="0.004">
    <testcase name="未登录请求返回 401" time="0.004" classname="01170GetEquipment"/>
    <testcase name="错误响应为 JSON" time="0.004" classname="01170GetEquipment"/>
    <testcase name="响应时间小于 2 秒" time="0.004" classname="01170GetEquipment"/>
  </testsuite>
  <testsuite name="01 - 全接口未登录安全边界 (170) / POST /equipment" id="0c0cf42e-8184-48d5-af1f-fd56d2679885" timestamp="2026-07-17T15:56:06.150Z" tests="3" failures="0" errors="0" time="0.003">
    <testcase name="未登录请求返回 401" time="0.003" classname="01170PostEquipment"/>
    <testcase name="错误响应为 JSON" time="0.003" classname="01170PostEquipment"/>
    <testcase name="响应时间小于 2 秒" time="0.003" classname="01170PostEquipment"/>
  </testsuite>
  <testsuite name="01 - 全接口未登录安全边界 (170) / GET /equipment/{id}" id="16c66116-14ba-4e86-9132-8caee311dc22" timestamp="2026-07-17T15:56:06.150Z" tests="3" failures="0" errors="0" time="0.004">
    <testcase name="未登录请求返回 401" time="0.004" classname="01170GetEquipmentId"/>
    <testcase name="错误响应为 JSON" time="0.004" classname="01170GetEquipmentId"/>
    <testcase name="响应时间小于 2 秒" time="0.004" classname="01170GetEquipmentId"/>
  </testsuite>
  <testsuite name="01 - 全接口未登录安全边界 (170) / PUT /equipment/{id}/status" id="535ea4b5-4dcd-4f1a-8fff-e8f7d734be3f" timestamp="2026-07-17T15:56:06.150Z" tests="3" failures="0" errors="0" time="0.004">
    <testcase name="未登录请求返回 401" time="0.004" classname="01170PutEquipmentIdStatus"/>
    <testcase name="错误响应为 JSON" time="0.004" classname="01170PutEquipmentIdStatus"/>
    <testcase name="响应时间小于 2 秒" time="0.004" classname="01170PutEquipmentIdStatus"/>
  </testsuite>
  <testsuite name="01 - 全接口未登录安全边界 (170) / GET /equipment/by-line/{lineId}" id="3662f4f8-2592-43c5-833c-537c028d5fef" timestamp="2026-07-17T15:56:06.150Z" tests="3" failures="0" errors="0" time="0.005">
    <testcase name="未登录请求返回 401" time="0.005" classname="01170GetEquipmentByLineLineId"/>
    <testcase name="错误响应为 JSON" time="0.005" classname="01170GetEquipmentByLineLineId"/>
    <testcase name="响应时间小于 2 秒" time="0.005" classname="01170GetEquipmentByLineLineId"/>
  </testsuite>
  <testsuite name="01 - 全接口未登录安全边界 (170) / GET /inventory" id="16d1f472-8c8a-4af9-83de-e6d9072e282b" timestamp="2026-07-17T15:56:06.150Z" tests="3" failures="0" errors="0" time="0.066">
    <testcase name="未登录请求返回 401" time="0.066" classname="01170GetInventory"/>
    <testcase name="错误响应为 JSON" time="0.066" classname="01170GetInventory"/>
    <testcase name="响应时间小于 2 秒" time="0.066" classname="01170GetInventory"/>
  </testsuite>
  <testsuite name="01 - 全接口未登录安全边界 (170) / POST /inventory" id="5fbb57c1-8b46-45d6-b85b-9be043c2374e" timestamp="2026-07-17T15:56:06.150Z" tests="3" failures="0" errors="0" time="0.006">
    <testcase name="未登录请求返回 401" time="0.006" classname="01170PostInventory"/>
    <testcase name="错误响应为 JSON" time="0.006" classname="01170PostInventory"/>
    <testcase name="响应时间小于 2 秒" time="0.006" classname="01170PostInventory"/>
  </testsuite>
  <testsuite name="01 - 全接口未登录安全边界 (170) / DELETE /inventory/{id}" id="8544fda8-ff80-4d60-9044-0f8fa38537e6" timestamp="2026-07-17T15:56:06.150Z" tests="3" failures="0" errors="0" time="0.007">
    <testcase name="未登录请求返回 401" time="0.007" classname="01170DeleteInventoryId"/>
    <testcase name="错误响应为 JSON" time="0.007" classname="01170DeleteInventoryId"/>
    <testcase name="响应时间小于 2 秒" time="0.007" classname="01170DeleteInventoryId"/>
  </testsuite>
  <testsuite name="01 - 全接口未登录安全边界 (170) / GET /inventory/{id}" id="a4ca1fa0-46e7-4066-bdfe-7e24dd9ed079" timestamp="2026-07-17T15:56:06.150Z" tests="3" failures="0" errors="0" time="0.004">
    <testcase name="未登录请求返回 401" time="0.004" classname="01170GetInventoryId"/>
    <testcase name="错误响应为 JSON" time="0.004" classname="01170GetInventoryId"/>
    <testcase name="响应时间小于 2 秒" time="0.004" classname="01170GetInventoryId"/>
  </testsuite>
  <testsuite name="01 - 全接口未登录安全边界 (170) / PUT /inventory/{id}" id="177276dd-5194-46a3-be21-d7033d493085" timestamp="2026-07-17T15:56:06.150Z" tests="3" failures="0" errors="0" time="0.003">
    <testcase name="未登录请求返回 401" time="0.003" classname="01170PutInventoryId"/>
    <testcase name="错误响应为 JSON" time="0.003" classname="01170PutInventoryId"/>
    <testcase name="响应时间小于 2 秒" time="0.003" classname="01170PutInventoryId"/>
  </testsuite>
  <testsuite name="01 - 全接口未登录安全边界 (170) / POST /inventory/external-purchase" id="ead65aea-eb67-4f76-ada5-550b4a4f2c5a" timestamp="2026-07-17T15:56:06.150Z" tests="3" failures="0" errors="0" time="0.004">
    <testcase name="未登录请求返回 401" time="0.004" classname="01170PostInventoryExternalPurchase"/>
    <testcase name="错误响应为 JSON" time="0.004" classname="01170PostInventoryExternalPurchase"/>
    <testcase name="响应时间小于 2 秒" time="0.004" classname="01170PostInventoryExternalPurchase"/>
  </testsuite>
  <testsuite name="01 - 全接口未登录安全边界 (170) / GET /inventory/material/{materialId}" id="8c7147df-d4b8-4c5e-9bed-f8d7829db780" timestamp="2026-07-17T15:56:06.150Z" tests="3" failures="0" errors="0" time="0.005">
    <testcase name="未登录请求返回 401" time="0.005" classname="01170GetInventoryMaterialMaterialId"/>
    <testcase name="错误响应为 JSON" time="0.005" classname="01170GetInventoryMaterialMaterialId"/>
    <testcase name="响应时间小于 2 秒" time="0.005" classname="01170GetInventoryMaterialMaterialId"/>
  </testsuite>
  <testsuite name="01 - 全接口未登录安全边界 (170) / GET /inventory/transactions" id="ba92248f-898e-45bc-9a5a-b7dafc9aa363" timestamp="2026-07-17T15:56:06.150Z" tests="3" failures="0" errors="0" time="0.006">
    <testcase name="未登录请求返回 401" time="0.006" classname="01170GetInventoryTransactions"/>
    <testcase name="错误响应为 JSON" time="0.006" classname="01170GetInventoryTransactions"/>
    <testcase name="响应时间小于 2 秒" time="0.006" classname="01170GetInventoryTransactions"/>
  </testsuite>
  <testsuite name="01 - 全接口未登录安全边界 (170) / POST /inventory/transactions" id="9745b6ae-15bd-45ec-9312-4fe729c468ba" timestamp="2026-07-17T15:56:06.150Z" tests="3" failures="0" errors="0" time="0.004">
    <testcase name="未登录请求返回 401" time="0.004" classname="01170PostInventoryTransactions"/>
    <testcase name="错误响应为 JSON" time="0.004" classname="01170PostInventoryTransactions"/>
    <testcase name="响应时间小于 2 秒" time="0.004" classname="01170PostInventoryTransactions"/>
  </testsuite>
  <testsuite name="01 - 全接口未登录安全边界 (170) / GET /inventory/transactions/{id}" id="98bd1e44-c96e-45dc-8a5d-212b263ebab2" timestamp="2026-07-17T15:56:06.150Z" tests="3" failures="0" errors="0" time="0.004">
    <testcase name="未登录请求返回 401" time="0.004" classname="01170GetInventoryTransactionsId"/>
    <testcase name="错误响应为 JSON" time="0.004" classname="01170GetInventoryTransactionsId"/>
    <testcase name="响应时间小于 2 秒" time="0.004" classname="01170GetInventoryTransactionsId"/>
  </testsuite>
  <testsuite name="01 - 全接口未登录安全边界 (170) / GET /maintenance-orders" id="d9fc75eb-8a6b-430e-b58e-832ea7d3bddb" timestamp="2026-07-17T15:56:06.150Z" tests="3" failures="0" errors="0" time="0.005">
    <testcase name="未登录请求返回 401" time="0.005" classname="01170GetMaintenanceOrders"/>
    <testcase name="错误响应为 JSON" time="0.005" classname="01170GetMaintenanceOrders"/>
    <testcase name="响应时间小于 2 秒" time="0.005" classname="01170GetMaintenanceOrders"/>
  </testsuite>
  <testsuite name="01 - 全接口未登录安全边界 (170) / POST /maintenance-orders/{id}/accept" id="e501b6ef-3acf-4511-b36e-b2661c70c4db" timestamp="2026-07-17T15:56:06.150Z" tests="3" failures="0" errors="0" time="0.007">
    <testcase name="未登录请求返回 401" time="0.007" classname="01170PostMaintenanceOrdersIdAccept"/>
    <testcase name="错误响应为 JSON" time="0.007" classname="01170PostMaintenanceOrdersIdAccept"/>
    <testcase name="响应时间小于 2 秒" time="0.007" classname="01170PostMaintenanceOrdersIdAccept"/>
  </testsuite>
  <testsuite name="01 - 全接口未登录安全边界 (170) / POST /maintenance-orders/{id}/assign" id="a999bec6-0344-41ca-aa60-da58dc6171a5" timestamp="2026-07-17T15:56:06.150Z" tests="3" failures="0" errors="0" time="0.003">
    <testcase name="未登录请求返回 401" time="0.003" classname="01170PostMaintenanceOrdersIdAssign"/>
    <testcase name="错误响应为 JSON" time="0.003" classname="01170PostMaintenanceOrdersIdAssign"/>
    <testcase name="响应时间小于 2 秒" time="0.003" classname="01170PostMaintenanceOrdersIdAssign"/>
  </testsuite>
  <testsuite name="01 - 全接口未登录安全边界 (170) / POST /maintenance-orders/{id}/finish" id="9c4eb28b-c7a1-446e-ad45-4dffd3b39348" timestamp="2026-07-17T15:56:06.150Z" tests="3" failures="0" errors="0" time="0.007">
    <testcase name="未登录请求返回 401" time="0.007" classname="01170PostMaintenanceOrdersIdFinish"/>
    <testcase name="错误响应为 JSON" time="0.007" classname="01170PostMaintenanceOrdersIdFinish"/>
    <testcase name="响应时间小于 2 秒" time="0.007" classname="01170PostMaintenanceOrdersIdFinish"/>
  </testsuite>
  <testsuite name="01 - 全接口未登录安全边界 (170) / GET /maintenance-orders/maintainers" id="510317be-14e9-472d-90c6-31759aa2548d" timestamp="2026-07-17T15:56:06.150Z" tests="3" failures="0" errors="0" time="0.006">
    <testcase name="未登录请求返回 401" time="0.006" classname="01170GetMaintenanceOrdersMaintainers"/>
    <testcase name="错误响应为 JSON" time="0.006" classname="01170GetMaintenanceOrdersMaintainers"/>
    <testcase name="响应时间小于 2 秒" time="0.006" classname="01170GetMaintenanceOrdersMaintainers"/>
  </testsuite>
  <testsuite name="01 - 全接口未登录安全边界 (170) / GET /maintenance-plans" id="81e9ad20-2dfa-4980-b5ae-fe6a46559f38" timestamp="2026-07-17T15:56:06.150Z" tests="3" failures="0" errors="0" time="0.004">
    <testcase name="未登录请求返回 401" time="0.004" classname="01170GetMaintenancePlans"/>
    <testcase name="错误响应为 JSON" time="0.004" classname="01170GetMaintenancePlans"/>
    <testcase name="响应时间小于 2 秒" time="0.004" classname="01170GetMaintenancePlans"/>
  </testsuite>
  <testsuite name="01 - 全接口未登录安全边界 (170) / POST /maintenance-plans" id="3b69f888-8d4f-44d1-a409-f3b0107ff7cb" timestamp="2026-07-17T15:56:06.150Z" tests="3" failures="0" errors="0" time="0.005">
    <testcase name="未登录请求返回 401" time="0.005" classname="01170PostMaintenancePlans"/>
    <testcase name="错误响应为 JSON" time="0.005" classname="01170PostMaintenancePlans"/>
    <testcase name="响应时间小于 2 秒" time="0.005" classname="01170PostMaintenancePlans"/>
  </testsuite>
  <testsuite name="01 - 全接口未登录安全边界 (170) / GET /management-feedback" id="1fc58c5f-cc0f-4018-8e96-8a400796337a" timestamp="2026-07-17T15:56:06.150Z" tests="3" failures="0" errors="0" time="0.020">
    <testcase name="未登录请求返回 401" time="0.020" classname="01170GetManagementFeedback"/>
    <testcase name="错误响应为 JSON" time="0.020" classname="01170GetManagementFeedback"/>
    <testcase name="响应时间小于 2 秒" time="0.020" classname="01170GetManagementFeedback"/>
  </testsuite>
  <testsuite name="01 - 全接口未登录安全边界 (170) / POST /management-feedback" id="ad298c58-e830-44cd-9e91-fd871f82ba7c" timestamp="2026-07-17T15:56:06.150Z" tests="3" failures="0" errors="0" time="0.003">
    <testcase name="未登录请求返回 401" time="0.003" classname="01170PostManagementFeedback"/>
    <testcase name="错误响应为 JSON" time="0.003" classname="01170PostManagementFeedback"/>
    <testcase name="响应时间小于 2 秒" time="0.003" classname="01170PostManagementFeedback"/>
  </testsuite>
  <testsuite name="01 - 全接口未登录安全边界 (170) / GET /management-feedback/{id}" id="8e383260-ba4f-4fef-b38d-6d4d85bf582b" timestamp="2026-07-17T15:56:06.150Z" tests="3" failures="0" errors="0" time="0.003">
    <testcase name="未登录请求返回 401" time="0.003" classname="01170GetManagementFeedbackId"/>
    <testcase name="错误响应为 JSON" time="0.003" classname="01170GetManagementFeedbackId"/>
    <testcase name="响应时间小于 2 秒" time="0.003" classname="01170GetManagementFeedbackId"/>
  </testsuite>
  <testsuite name="01 - 全接口未登录安全边界 (170) / POST /management-feedback/{id}/close" id="1deae80b-5a73-4420-9ebf-154aed7286a7" timestamp="2026-07-17T15:56:06.150Z" tests="3" failures="0" errors="0" time="0.005">
    <testcase name="未登录请求返回 401" time="0.005" classname="01170PostManagementFeedbackIdClose"/>
    <testcase name="错误响应为 JSON" time="0.005" classname="01170PostManagementFeedbackIdClose"/>
    <testcase name="响应时间小于 2 秒" time="0.005" classname="01170PostManagementFeedbackIdClose"/>
  </testsuite>
  <testsuite name="01 - 全接口未登录安全边界 (170) / GET /management-feedback/create-options" id="f87d1b95-893c-49a2-aab6-4166744fc465" timestamp="2026-07-17T15:56:06.150Z" tests="3" failures="0" errors="0" time="0.003">
    <testcase name="未登录请求返回 401" time="0.003" classname="01170GetManagementFeedbackCreateOptions"/>
    <testcase name="错误响应为 JSON" time="0.003" classname="01170GetManagementFeedbackCreateOptions"/>
    <testcase name="响应时间小于 2 秒" time="0.003" classname="01170GetManagementFeedbackCreateOptions"/>
  </testsuite>
  <testsuite name="01 - 全接口未登录安全边界 (170) / GET /process-routes" id="37542b66-4e5d-4e98-9654-d765642e8636" timestamp="2026-07-17T15:56:06.150Z" tests="3" failures="0" errors="0" time="0.004">
    <testcase name="未登录请求返回 401" time="0.004" classname="01170GetProcessRoutes"/>
    <testcase name="错误响应为 JSON" time="0.004" classname="01170GetProcessRoutes"/>
    <testcase name="响应时间小于 2 秒" time="0.004" classname="01170GetProcessRoutes"/>
  </testsuite>
  <testsuite name="01 - 全接口未登录安全边界 (170) / POST /process-routes" id="a1b00f82-02da-4a6f-9794-bd38c9603bb6" timestamp="2026-07-17T15:56:06.150Z" tests="3" failures="0" errors="0" time="0.003">
    <testcase name="未登录请求返回 401" time="0.003" classname="01170PostProcessRoutes"/>
    <testcase name="错误响应为 JSON" time="0.003" classname="01170PostProcessRoutes"/>
    <testcase name="响应时间小于 2 秒" time="0.003" classname="01170PostProcessRoutes"/>
  </testsuite>
  <testsuite name="01 - 全接口未登录安全边界 (170) / DELETE /process-routes/{id}" id="e7caa56f-fc3e-4b66-80ef-b75e69ad6bc0" timestamp="2026-07-17T15:56:06.150Z" tests="3" failures="0" errors="0" time="0.004">
    <testcase name="未登录请求返回 401" time="0.004" classname="01170DeleteProcessRoutesId"/>
    <testcase name="错误响应为 JSON" time="0.004" classname="01170DeleteProcessRoutesId"/>
    <testcase name="响应时间小于 2 秒" time="0.004" classname="01170DeleteProcessRoutesId"/>
  </testsuite>
  <testsuite name="01 - 全接口未登录安全边界 (170) / PUT /process-routes/{id}" id="ea89b594-82f9-4308-8ac8-9f7455cb2cd3" timestamp="2026-07-17T15:56:06.150Z" tests="3" failures="0" errors="0" time="0.003">
    <testcase name="未登录请求返回 401" time="0.003" classname="01170PutProcessRoutesId"/>
    <testcase name="错误响应为 JSON" time="0.003" classname="01170PutProcessRoutesId"/>
    <testcase name="响应时间小于 2 秒" time="0.003" classname="01170PutProcessRoutesId"/>
  </testsuite>
  <testsuite name="01 - 全接口未登录安全边界 (170) / GET /product-boms" id="3f37e5c2-1c33-459d-82fa-c1e4e6a00ea9" timestamp="2026-07-17T15:56:06.150Z" tests="3" failures="0" errors="0" time="0.004">
    <testcase name="未登录请求返回 401" time="0.004" classname="01170GetProductBoms"/>
    <testcase name="错误响应为 JSON" time="0.004" classname="01170GetProductBoms"/>
    <testcase name="响应时间小于 2 秒" time="0.004" classname="01170GetProductBoms"/>
  </testsuite>
  <testsuite name="01 - 全接口未登录安全边界 (170) / POST /product-boms" id="f24cbd10-b3ea-455d-814f-aff3943f9b40" timestamp="2026-07-17T15:56:06.150Z" tests="3" failures="0" errors="0" time="0.003">
    <testcase name="未登录请求返回 401" time="0.003" classname="01170PostProductBoms"/>
    <testcase name="错误响应为 JSON" time="0.003" classname="01170PostProductBoms"/>
    <testcase name="响应时间小于 2 秒" time="0.003" classname="01170PostProductBoms"/>
  </testsuite>
  <testsuite name="01 - 全接口未登录安全边界 (170) / DELETE /product-boms/{id}" id="4a5d1731-7711-4918-a881-18b72155c1f4" timestamp="2026-07-17T15:56:06.150Z" tests="3" failures="0" errors="0" time="0.005">
    <testcase name="未登录请求返回 401" time="0.005" classname="01170DeleteProductBomsId"/>
    <testcase name="错误响应为 JSON" time="0.005" classname="01170DeleteProductBomsId"/>
    <testcase name="响应时间小于 2 秒" time="0.005" classname="01170DeleteProductBomsId"/>
  </testsuite>
  <testsuite name="01 - 全接口未登录安全边界 (170) / PUT /product-boms/{id}" id="8962f667-d0b8-428b-ac89-be1a48a20442" timestamp="2026-07-17T15:56:06.150Z" tests="3" failures="0" errors="0" time="0.004">
    <testcase name="未登录请求返回 401" time="0.004" classname="01170PutProductBomsId"/>
    <testcase name="错误响应为 JSON" time="0.004" classname="01170PutProductBomsId"/>
    <testcase name="响应时间小于 2 秒" time="0.004" classname="01170PutProductBomsId"/>
  </testsuite>
  <testsuite name="01 - 全接口未登录安全边界 (170) / GET /production-lines" id="d0216f61-7ef8-45b5-b9c7-3c1ac124478e" timestamp="2026-07-17T15:56:06.150Z" tests="3" failures="0" errors="0" time="0.005">
    <testcase name="未登录请求返回 401" time="0.005" classname="01170GetProductionLines"/>
    <testcase name="错误响应为 JSON" time="0.005" classname="01170GetProductionLines"/>
    <testcase name="响应时间小于 2 秒" time="0.005" classname="01170GetProductionLines"/>
  </testsuite>
  <testsuite name="01 - 全接口未登录安全边界 (170) / POST /production-lines" id="df532038-7e02-405c-823a-33f6dedc22ff" timestamp="2026-07-17T15:56:06.150Z" tests="3" failures="0" errors="0" time="0.003">
    <testcase name="未登录请求返回 401" time="0.003" classname="01170PostProductionLines"/>
    <testcase name="错误响应为 JSON" time="0.003" classname="01170PostProductionLines"/>
    <testcase name="响应时间小于 2 秒" time="0.003" classname="01170PostProductionLines"/>
  </testsuite>
  <testsuite name="01 - 全接口未登录安全边界 (170) / DELETE /production-lines/{id}" id="2bb3d293-eb0c-4045-aca7-25d82112b193" timestamp="2026-07-17T15:56:06.150Z" tests="3" failures="0" errors="0" time="0.004">
    <testcase name="未登录请求返回 401" time="0.004" classname="01170DeleteProductionLinesId"/>
    <testcase name="错误响应为 JSON" time="0.004" classname="01170DeleteProductionLinesId"/>
    <testcase name="响应时间小于 2 秒" time="0.004" classname="01170DeleteProductionLinesId"/>
  </testsuite>
  <testsuite name="01 - 全接口未登录安全边界 (170) / PUT /production-lines/{id}" id="4c4f4165-7618-4d0a-b1f2-58b00b1f516d" timestamp="2026-07-17T15:56:06.150Z" tests="3" failures="0" errors="0" time="0.003">
    <testcase name="未登录请求返回 401" time="0.003" classname="01170PutProductionLinesId"/>
    <testcase name="错误响应为 JSON" time="0.003" classname="01170PutProductionLinesId"/>
    <testcase name="响应时间小于 2 秒" time="0.003" classname="01170PutProductionLinesId"/>
  </testsuite>
  <testsuite name="01 - 全接口未登录安全边界 (170) / GET /products" id="2024bf21-c058-40b5-9758-78c12ca062e1" timestamp="2026-07-17T15:56:06.150Z" tests="3" failures="0" errors="0" time="0.005">
    <testcase name="未登录请求返回 401" time="0.005" classname="01170GetProducts"/>
    <testcase name="错误响应为 JSON" time="0.005" classname="01170GetProducts"/>
    <testcase name="响应时间小于 2 秒" time="0.005" classname="01170GetProducts"/>
  </testsuite>
  <testsuite name="01 - 全接口未登录安全边界 (170) / POST /products" id="68af52ab-2d2c-4a46-8968-c7ccc871d5d8" timestamp="2026-07-17T15:56:06.150Z" tests="3" failures="0" errors="0" time="0.003">
    <testcase name="未登录请求返回 401" time="0.003" classname="01170PostProducts"/>
    <testcase name="错误响应为 JSON" time="0.003" classname="01170PostProducts"/>
    <testcase name="响应时间小于 2 秒" time="0.003" classname="01170PostProducts"/>
  </testsuite>
  <testsuite name="01 - 全接口未登录安全边界 (170) / DELETE /products/{id}" id="91758e44-2e0b-4c74-90d0-4e96a77c47f0" timestamp="2026-07-17T15:56:06.150Z" tests="3" failures="0" errors="0" time="0.004">
    <testcase name="未登录请求返回 401" time="0.004" classname="01170DeleteProductsId"/>
    <testcase name="错误响应为 JSON" time="0.004" classname="01170DeleteProductsId"/>
    <testcase name="响应时间小于 2 秒" time="0.004" classname="01170DeleteProductsId"/>
  </testsuite>
  <testsuite name="01 - 全接口未登录安全边界 (170) / PUT /products/{id}" id="8cf4f079-36d6-4db8-adbb-d482c0c8692b" timestamp="2026-07-17T15:56:06.150Z" tests="3" failures="0" errors="0" time="0.004">
    <testcase name="未登录请求返回 401" time="0.004" classname="01170PutProductsId"/>
    <testcase name="错误响应为 JSON" time="0.004" classname="01170PutProductsId"/>
    <testcase name="响应时间小于 2 秒" time="0.004" classname="01170PutProductsId"/>
  </testsuite>
  <testsuite name="01 - 全接口未登录安全边界 (170) / GET /products/{id}/bom" id="2ce2da3e-65de-4fa3-9ce8-915a17f9c24d" timestamp="2026-07-17T15:56:06.150Z" tests="3" failures="0" errors="0" time="0.003">
    <testcase name="未登录请求返回 401" time="0.003" classname="01170GetProductsIdBom"/>
    <testcase name="错误响应为 JSON" time="0.003" classname="01170GetProductsIdBom"/>
    <testcase name="响应时间小于 2 秒" time="0.003" classname="01170GetProductsIdBom"/>
  </testsuite>
  <testsuite name="01 - 全接口未登录安全边界 (170) / POST /products/{id}/bom" id="e12077de-3c62-40f5-a323-7c9dd328d8af" timestamp="2026-07-17T15:56:06.150Z" tests="3" failures="0" errors="0" time="0.003">
    <testcase name="未登录请求返回 401" time="0.003" classname="01170PostProductsIdBom"/>
    <testcase name="错误响应为 JSON" time="0.003" classname="01170PostProductsIdBom"/>
    <testcase name="响应时间小于 2 秒" time="0.003" classname="01170PostProductsIdBom"/>
  </testsuite>
  <testsuite name="01 - 全接口未登录安全边界 (170) / GET /sync-logs" id="7ee05bda-8beb-4632-bc86-f3df7bb123a5" timestamp="2026-07-17T15:56:06.150Z" tests="3" failures="0" errors="0" time="0.004">
    <testcase name="未登录请求返回 401" time="0.004" classname="01170GetSyncLogs"/>
    <testcase name="错误响应为 JSON" time="0.004" classname="01170GetSyncLogs"/>
    <testcase name="响应时间小于 2 秒" time="0.004" classname="01170GetSyncLogs"/>
  </testsuite>
  <testsuite name="01 - 全接口未登录安全边界 (170) / GET /requisitions" id="3a22a975-97a1-41ff-b5ed-2dec970795e4" timestamp="2026-07-17T15:56:06.150Z" tests="3" failures="0" errors="0" time="0.005">
    <testcase name="未登录请求返回 401" time="0.005" classname="01170GetRequisitions"/>
    <testcase name="错误响应为 JSON" time="0.005" classname="01170GetRequisitions"/>
    <testcase name="响应时间小于 2 秒" time="0.005" classname="01170GetRequisitions"/>
  </testsuite>
  <testsuite name="01 - 全接口未登录安全边界 (170) / POST /requisitions" id="28edcc0c-d6e8-4609-bf82-2e62298307fc" timestamp="2026-07-17T15:56:06.150Z" tests="3" failures="0" errors="0" time="0.003">
    <testcase name="未登录请求返回 401" time="0.003" classname="01170PostRequisitions"/>
    <testcase name="错误响应为 JSON" time="0.003" classname="01170PostRequisitions"/>
    <testcase name="响应时间小于 2 秒" time="0.003" classname="01170PostRequisitions"/>
  </testsuite>
  <testsuite name="01 - 全接口未登录安全边界 (170) / GET /requisitions/{id}" id="cea790c4-9630-41ad-8e68-d890d3b46bb5" timestamp="2026-07-17T15:56:06.150Z" tests="3" failures="0" errors="0" time="0.003">
    <testcase name="未登录请求返回 401" time="0.003" classname="01170GetRequisitionsId"/>
    <testcase name="错误响应为 JSON" time="0.003" classname="01170GetRequisitionsId"/>
    <testcase name="响应时间小于 2 秒" time="0.003" classname="01170GetRequisitionsId"/>
  </testsuite>
  <testsuite name="01 - 全接口未登录安全边界 (170) / POST /requisitions/{id}/approve" id="2ee4d37a-a073-48cb-b10d-682c8ca5f3f6" timestamp="2026-07-17T15:56:06.150Z" tests="3" failures="0" errors="0" time="0.004">
    <testcase name="未登录请求返回 401" time="0.004" classname="01170PostRequisitionsIdApprove"/>
    <testcase name="错误响应为 JSON" time="0.004" classname="01170PostRequisitionsIdApprove"/>
    <testcase name="响应时间小于 2 秒" time="0.004" classname="01170PostRequisitionsIdApprove"/>
  </testsuite>
  <testsuite name="01 - 全接口未登录安全边界 (170) / POST /requisitions/{id}/receive" id="263f3a94-24b1-438a-b67c-e359304735a5" timestamp="2026-07-17T15:56:06.150Z" tests="3" failures="0" errors="0" time="0.004">
    <testcase name="未登录请求返回 401" time="0.004" classname="01170PostRequisitionsIdReceive"/>
    <testcase name="错误响应为 JSON" time="0.004" classname="01170PostRequisitionsIdReceive"/>
    <testcase name="响应时间小于 2 秒" time="0.004" classname="01170PostRequisitionsIdReceive"/>
  </testsuite>
  <testsuite name="01 - 全接口未登录安全边界 (170) / POST /requisitions/{id}/reject" id="3372d36a-b016-4f46-a4fe-5050f4559b52" timestamp="2026-07-17T15:56:06.150Z" tests="3" failures="0" errors="0" time="0.005">
    <testcase name="未登录请求返回 401" time="0.005" classname="01170PostRequisitionsIdReject"/>
    <testcase name="错误响应为 JSON" time="0.005" classname="01170PostRequisitionsIdReject"/>
    <testcase name="响应时间小于 2 秒" time="0.005" classname="01170PostRequisitionsIdReject"/>
  </testsuite>
  <testsuite name="01 - 全接口未登录安全边界 (170) / GET /requisitions/by-work-order/{workOrderId}" id="e7c70d35-e7a1-4f7c-bb09-1e36f08350d5" timestamp="2026-07-17T15:56:06.150Z" tests="3" failures="0" errors="0" time="0.005">
    <testcase name="未登录请求返回 401" time="0.005" classname="01170GetRequisitionsByWorkOrderWorkOrderId"/>
    <testcase name="错误响应为 JSON" time="0.005" classname="01170GetRequisitionsByWorkOrderWorkOrderId"/>
    <testcase name="响应时间小于 2 秒" time="0.005" classname="01170GetRequisitionsByWorkOrderWorkOrderId"/>
  </testsuite>
  <testsuite name="01 - 全接口未登录安全边界 (170) / GET /requisitions/create-options" id="87011f86-cf3e-404b-b15d-721aa5749072" timestamp="2026-07-17T15:56:06.150Z" tests="3" failures="0" errors="0" time="0.003">
    <testcase name="未登录请求返回 401" time="0.003" classname="01170GetRequisitionsCreateOptions"/>
    <testcase name="错误响应为 JSON" time="0.003" classname="01170GetRequisitionsCreateOptions"/>
    <testcase name="响应时间小于 2 秒" time="0.003" classname="01170GetRequisitionsCreateOptions"/>
  </testsuite>
  <testsuite name="01 - 全接口未登录安全边界 (170) / GET /materials" id="2a188fec-0ee1-4610-8cdf-39cd66d3119b" timestamp="2026-07-17T15:56:06.150Z" tests="3" failures="0" errors="0" time="0.004">
    <testcase name="未登录请求返回 401" time="0.004" classname="01170GetMaterials"/>
    <testcase name="错误响应为 JSON" time="0.004" classname="01170GetMaterials"/>
    <testcase name="响应时间小于 2 秒" time="0.004" classname="01170GetMaterials"/>
  </testsuite>
  <testsuite name="01 - 全接口未登录安全边界 (170) / POST /materials" id="02b0cf8b-a294-41e3-8f99-77dc23449357" timestamp="2026-07-17T15:56:06.150Z" tests="3" failures="0" errors="0" time="0.008">
    <testcase name="未登录请求返回 401" time="0.008" classname="01170PostMaterials"/>
    <testcase name="错误响应为 JSON" time="0.008" classname="01170PostMaterials"/>
    <testcase name="响应时间小于 2 秒" time="0.008" classname="01170PostMaterials"/>
  </testsuite>
  <testsuite name="01 - 全接口未登录安全边界 (170) / DELETE /materials/{id}" id="53b74f19-7477-42f4-bedf-1d45146639cd" timestamp="2026-07-17T15:56:06.150Z" tests="3" failures="0" errors="0" time="0.004">
    <testcase name="未登录请求返回 401" time="0.004" classname="01170DeleteMaterialsId"/>
    <testcase name="错误响应为 JSON" time="0.004" classname="01170DeleteMaterialsId"/>
    <testcase name="响应时间小于 2 秒" time="0.004" classname="01170DeleteMaterialsId"/>
  </testsuite>
  <testsuite name="01 - 全接口未登录安全边界 (170) / GET /materials/{id}" id="e8965671-cf91-4627-9fec-c4f2051681c2" timestamp="2026-07-17T15:56:06.150Z" tests="3" failures="0" errors="0" time="0.003">
    <testcase name="未登录请求返回 401" time="0.003" classname="01170GetMaterialsId"/>
    <testcase name="错误响应为 JSON" time="0.003" classname="01170GetMaterialsId"/>
    <testcase name="响应时间小于 2 秒" time="0.003" classname="01170GetMaterialsId"/>
  </testsuite>
  <testsuite name="01 - 全接口未登录安全边界 (170) / PUT /materials/{id}" id="e47e0e1c-d0f7-43e7-8f33-cae41de77d92" timestamp="2026-07-17T15:56:06.150Z" tests="3" failures="0" errors="0" time="0.003">
    <testcase name="未登录请求返回 401" time="0.003" classname="01170PutMaterialsId"/>
    <testcase name="错误响应为 JSON" time="0.003" classname="01170PutMaterialsId"/>
    <testcase name="响应时间小于 2 秒" time="0.003" classname="01170PutMaterialsId"/>
  </testsuite>
  <testsuite name="01 - 全接口未登录安全边界 (170) / GET /picking-tasks" id="7f2481b4-4056-465c-b23b-aaa67ff7f5ab" timestamp="2026-07-17T15:56:06.150Z" tests="3" failures="0" errors="0" time="0.006">
    <testcase name="未登录请求返回 401" time="0.006" classname="01170GetPickingTasks"/>
    <testcase name="错误响应为 JSON" time="0.006" classname="01170GetPickingTasks"/>
    <testcase name="响应时间小于 2 秒" time="0.006" classname="01170GetPickingTasks"/>
  </testsuite>
  <testsuite name="01 - 全接口未登录安全边界 (170) / POST /picking-tasks" id="33ae8e6c-1b5a-4bed-90d1-a351cf662647" timestamp="2026-07-17T15:56:06.150Z" tests="3" failures="0" errors="0" time="0.004">
    <testcase name="未登录请求返回 401" time="0.004" classname="01170PostPickingTasks"/>
    <testcase name="错误响应为 JSON" time="0.004" classname="01170PostPickingTasks"/>
    <testcase name="响应时间小于 2 秒" time="0.004" classname="01170PostPickingTasks"/>
  </testsuite>
  <testsuite name="01 - 全接口未登录安全边界 (170) / GET /picking-tasks/{id}" id="be278b55-b62c-4426-9a88-46a8a1dc9f40" timestamp="2026-07-17T15:56:06.150Z" tests="3" failures="0" errors="0" time="0.004">
    <testcase name="未登录请求返回 401" time="0.004" classname="01170GetPickingTasksId"/>
    <testcase name="错误响应为 JSON" time="0.004" classname="01170GetPickingTasksId"/>
    <testcase name="响应时间小于 2 秒" time="0.004" classname="01170GetPickingTasksId"/>
  </testsuite>
  <testsuite name="01 - 全接口未登录安全边界 (170) / POST /picking-tasks/{id}/complete" id="69db130d-3153-4302-944a-a7fba819432a" timestamp="2026-07-17T15:56:06.150Z" tests="3" failures="0" errors="0" time="0.004">
    <testcase name="未登录请求返回 401" time="0.004" classname="01170PostPickingTasksIdComplete"/>
    <testcase name="错误响应为 JSON" time="0.004" classname="01170PostPickingTasksIdComplete"/>
    <testcase name="响应时间小于 2 秒" time="0.004" classname="01170PostPickingTasksIdComplete"/>
  </testsuite>
  <testsuite name="01 - 全接口未登录安全边界 (170) / GET /piecework-wages" id="eeedbf94-b191-4511-89c8-d7a794296997" timestamp="2026-07-17T15:56:06.150Z" tests="3" failures="0" errors="0" time="0.037">
    <testcase name="未登录请求返回 401" time="0.037" classname="01170GetPieceworkWages"/>
    <testcase name="错误响应为 JSON" time="0.037" classname="01170GetPieceworkWages"/>
    <testcase name="响应时间小于 2 秒" time="0.037" classname="01170GetPieceworkWages"/>
  </testsuite>
  <testsuite name="01 - 全接口未登录安全边界 (170) / GET /piecework-wages/{id}" id="674c9031-ef6d-42b1-ab07-a6d95ead3f0f" timestamp="2026-07-17T15:56:06.150Z" tests="3" failures="0" errors="0" time="0.005">
    <testcase name="未登录请求返回 401" time="0.005" classname="01170GetPieceworkWagesId"/>
    <testcase name="错误响应为 JSON" time="0.005" classname="01170GetPieceworkWagesId"/>
    <testcase name="响应时间小于 2 秒" time="0.005" classname="01170GetPieceworkWagesId"/>
  </testsuite>
  <testsuite name="01 - 全接口未登录安全边界 (170) / GET /piecework-wages/by-report/{workReportId}" id="37b15b91-5f55-4ed1-a4a4-354f57054345" timestamp="2026-07-17T15:56:06.150Z" tests="3" failures="0" errors="0" time="0.003">
    <testcase name="未登录请求返回 401" time="0.003" classname="01170GetPieceworkWagesByReportWorkReportId"/>
    <testcase name="错误响应为 JSON" time="0.003" classname="01170GetPieceworkWagesByReportWorkReportId"/>
    <testcase name="响应时间小于 2 秒" time="0.003" classname="01170GetPieceworkWagesByReportWorkReportId"/>
  </testsuite>
  <testsuite name="01 - 全接口未登录安全边界 (170) / GET /production-tasks" id="0a64de80-b500-4619-84dd-055093e88b18" timestamp="2026-07-17T15:56:06.150Z" tests="3" failures="0" errors="0" time="0.005">
    <testcase name="未登录请求返回 401" time="0.005" classname="01170GetProductionTasks"/>
    <testcase name="错误响应为 JSON" time="0.005" classname="01170GetProductionTasks"/>
    <testcase name="响应时间小于 2 秒" time="0.005" classname="01170GetProductionTasks"/>
  </testsuite>
  <testsuite name="01 - 全接口未登录安全边界 (170) / POST /production-tasks" id="27c57779-5966-4933-8527-41ee9e783ddf" timestamp="2026-07-17T15:56:06.150Z" tests="3" failures="0" errors="0" time="0.003">
    <testcase name="未登录请求返回 401" time="0.003" classname="01170PostProductionTasks"/>
    <testcase name="错误响应为 JSON" time="0.003" classname="01170PostProductionTasks"/>
    <testcase name="响应时间小于 2 秒" time="0.003" classname="01170PostProductionTasks"/>
  </testsuite>
  <testsuite name="01 - 全接口未登录安全边界 (170) / POST /production-tasks/{id}/kitting" id="206a0388-8485-4676-beeb-640641ad623f" timestamp="2026-07-17T15:56:06.150Z" tests="3" failures="0" errors="0" time="0.003">
    <testcase name="未登录请求返回 401" time="0.003" classname="01170PostProductionTasksIdKitting"/>
    <testcase name="错误响应为 JSON" time="0.003" classname="01170PostProductionTasksIdKitting"/>
    <testcase name="响应时间小于 2 秒" time="0.003" classname="01170PostProductionTasksIdKitting"/>
  </testsuite>
  <testsuite name="01 - 全接口未登录安全边界 (170) / POST /production-tasks/{id}/shortage-alerts" id="484cf370-8d8f-4b42-a6ca-544a03a191ed" timestamp="2026-07-17T15:56:06.150Z" tests="3" failures="0" errors="0" time="0.003">
    <testcase name="未登录请求返回 401" time="0.003" classname="01170PostProductionTasksIdShortageAlerts"/>
    <testcase name="错误响应为 JSON" time="0.003" classname="01170PostProductionTasksIdShortageAlerts"/>
    <testcase name="响应时间小于 2 秒" time="0.003" classname="01170PostProductionTasksIdShortageAlerts"/>
  </testsuite>
  <testsuite name="01 - 全接口未登录安全边界 (170) / GET /production-tasks/kitting-analyses" id="7b922522-3a43-4086-8afe-059f30d8585a" timestamp="2026-07-17T15:56:06.150Z" tests="3" failures="0" errors="0" time="0.003">
    <testcase name="未登录请求返回 401" time="0.003" classname="01170GetProductionTasksKittingAnalyses"/>
    <testcase name="错误响应为 JSON" time="0.003" classname="01170GetProductionTasksKittingAnalyses"/>
    <testcase name="响应时间小于 2 秒" time="0.003" classname="01170GetProductionTasksKittingAnalyses"/>
  </testsuite>
  <testsuite name="01 - 全接口未登录安全边界 (170) / GET /production-tasks/shortage-alerts" id="ad7a7fd6-7c4b-4ec5-a4db-8a60874001aa" timestamp="2026-07-17T15:56:06.150Z" tests="3" failures="0" errors="0" time="0.003">
    <testcase name="未登录请求返回 401" time="0.003" classname="01170GetProductionTasksShortageAlerts"/>
    <testcase name="错误响应为 JSON" time="0.003" classname="01170GetProductionTasksShortageAlerts"/>
    <testcase name="响应时间小于 2 秒" time="0.003" classname="01170GetProductionTasksShortageAlerts"/>
  </testsuite>
  <testsuite name="01 - 全接口未登录安全边界 (170) / GET /product-traces" id="a59078b5-f143-4e30-be78-5d43a9b55759" timestamp="2026-07-17T15:56:06.150Z" tests="3" failures="0" errors="0" time="0.028">
    <testcase name="未登录请求返回 401" time="0.028" classname="01170GetProductTraces"/>
    <testcase name="错误响应为 JSON" time="0.028" classname="01170GetProductTraces"/>
    <testcase name="响应时间小于 2 秒" time="0.028" classname="01170GetProductTraces"/>
  </testsuite>
  <testsuite name="01 - 全接口未登录安全边界 (170) / POST /product-traces" id="9ecdd5b2-a2d8-45bf-bbc3-f95b32ed2673" timestamp="2026-07-17T15:56:06.150Z" tests="3" failures="0" errors="0" time="0.005">
    <testcase name="未登录请求返回 401" time="0.005" classname="01170PostProductTraces"/>
    <testcase name="错误响应为 JSON" time="0.005" classname="01170PostProductTraces"/>
    <testcase name="响应时间小于 2 秒" time="0.005" classname="01170PostProductTraces"/>
  </testsuite>
  <testsuite name="01 - 全接口未登录安全边界 (170) / GET /product-traces/{id}" id="455103a1-8ab5-453c-985e-3e720710c7c3" timestamp="2026-07-17T15:56:06.150Z" tests="3" failures="0" errors="0" time="0.005">
    <testcase name="未登录请求返回 401" time="0.005" classname="01170GetProductTracesId"/>
    <testcase name="错误响应为 JSON" time="0.005" classname="01170GetProductTracesId"/>
    <testcase name="响应时间小于 2 秒" time="0.005" classname="01170GetProductTracesId"/>
  </testsuite>
  <testsuite name="01 - 全接口未登录安全边界 (170) / GET /product-traces/work-orders/{workOrderId}" id="beae9678-7b1a-41e1-8d75-7c7962c0d77b" timestamp="2026-07-17T15:56:06.150Z" tests="3" failures="0" errors="0" time="0.006">
    <testcase name="未登录请求返回 401" time="0.006" classname="01170GetProductTracesWorkOrdersWorkOrderId"/>
    <testcase name="错误响应为 JSON" time="0.006" classname="01170GetProductTracesWorkOrdersWorkOrderId"/>
    <testcase name="响应时间小于 2 秒" time="0.006" classname="01170GetProductTracesWorkOrdersWorkOrderId"/>
  </testsuite>
  <testsuite name="01 - 全接口未登录安全边界 (170) / GET /profile" id="d7767caa-449b-48f3-8813-54f695d568e2" timestamp="2026-07-17T15:56:06.150Z" tests="3" failures="0" errors="0" time="0.026">
    <testcase name="未登录请求返回 401" time="0.026" classname="01170GetProfile"/>
    <testcase name="错误响应为 JSON" time="0.026" classname="01170GetProfile"/>
    <testcase name="响应时间小于 2 秒" time="0.026" classname="01170GetProfile"/>
  </testsuite>
  <testsuite name="01 - 全接口未登录安全边界 (170) / PUT /profile" id="d75e6bdf-56ab-4ba2-927f-592a1a210456" timestamp="2026-07-17T15:56:06.150Z" tests="3" failures="0" errors="0" time="0.006">
    <testcase name="未登录请求返回 401" time="0.006" classname="01170PutProfile"/>
    <testcase name="错误响应为 JSON" time="0.006" classname="01170PutProfile"/>
    <testcase name="响应时间小于 2 秒" time="0.006" classname="01170PutProfile"/>
  </testsuite>
  <testsuite name="01 - 全接口未登录安全边界 (170) / GET /quality-inspections" id="18905681-bbe2-45fa-be5a-469822bd9db7" timestamp="2026-07-17T15:56:06.150Z" tests="3" failures="0" errors="0" time="0.088">
    <testcase name="未登录请求返回 401" time="0.088" classname="01170GetQualityInspections"/>
    <testcase name="错误响应为 JSON" time="0.088" classname="01170GetQualityInspections"/>
    <testcase name="响应时间小于 2 秒" time="0.088" classname="01170GetQualityInspections"/>
  </testsuite>
  <testsuite name="01 - 全接口未登录安全边界 (170) / POST /quality-inspections" id="ac2ae2c7-b87e-4301-b094-d31a9b5b2e63" timestamp="2026-07-17T15:56:06.150Z" tests="3" failures="0" errors="0" time="0.003">
    <testcase name="未登录请求返回 401" time="0.003" classname="01170PostQualityInspections"/>
    <testcase name="错误响应为 JSON" time="0.003" classname="01170PostQualityInspections"/>
    <testcase name="响应时间小于 2 秒" time="0.003" classname="01170PostQualityInspections"/>
  </testsuite>
  <testsuite name="01 - 全接口未登录安全边界 (170) / GET /quality-inspections/{id}" id="14030c83-2f14-452b-a8d7-78ea6dc1ac28" timestamp="2026-07-17T15:56:06.150Z" tests="3" failures="0" errors="0" time="0.004">
    <testcase name="未登录请求返回 401" time="0.004" classname="01170GetQualityInspectionsId"/>
    <testcase name="错误响应为 JSON" time="0.004" classname="01170GetQualityInspectionsId"/>
    <testcase name="响应时间小于 2 秒" time="0.004" classname="01170GetQualityInspectionsId"/>
  </testsuite>
  <testsuite name="01 - 全接口未登录安全边界 (170) / POST /quality-inspections/{id}/assign" id="ee1d51b3-0409-4596-aaf7-67d3f2009cfc" timestamp="2026-07-17T15:56:06.150Z" tests="3" failures="0" errors="0" time="0.005">
    <testcase name="未登录请求返回 401" time="0.005" classname="01170PostQualityInspectionsIdAssign"/>
    <testcase name="错误响应为 JSON" time="0.005" classname="01170PostQualityInspectionsIdAssign"/>
    <testcase name="响应时间小于 2 秒" time="0.005" classname="01170PostQualityInspectionsIdAssign"/>
  </testsuite>
  <testsuite name="01 - 全接口未登录安全边界 (170) / GET /quality-inspections/{id}/items" id="655043d5-d1a1-46fe-af69-3eb1879bfbde" timestamp="2026-07-17T15:56:06.150Z" tests="3" failures="0" errors="0" time="0.003">
    <testcase name="未登录请求返回 401" time="0.003" classname="01170GetQualityInspectionsIdItems"/>
    <testcase name="错误响应为 JSON" time="0.003" classname="01170GetQualityInspectionsIdItems"/>
    <testcase name="响应时间小于 2 秒" time="0.003" classname="01170GetQualityInspectionsIdItems"/>
  </testsuite>
  <testsuite name="01 - 全接口未登录安全边界 (170) / POST /quality-inspections/{id}/items" id="153bfadb-05d1-4b4b-b8ce-b68d6b4b86b9" timestamp="2026-07-17T15:56:06.150Z" tests="3" failures="0" errors="0" time="0.003">
    <testcase name="未登录请求返回 401" time="0.003" classname="01170PostQualityInspectionsIdItems"/>
    <testcase name="错误响应为 JSON" time="0.003" classname="01170PostQualityInspectionsIdItems"/>
    <testcase name="响应时间小于 2 秒" time="0.003" classname="01170PostQualityInspectionsIdItems"/>
  </testsuite>
  <testsuite name="01 - 全接口未登录安全边界 (170) / POST /quality-inspections/{id}/judge" id="a66f5618-29d1-4bd3-a8f1-fa8cc68e3bce" timestamp="2026-07-17T15:56:06.150Z" tests="3" failures="0" errors="0" time="0.003">
    <testcase name="未登录请求返回 401" time="0.003" classname="01170PostQualityInspectionsIdJudge"/>
    <testcase name="错误响应为 JSON" time="0.003" classname="01170PostQualityInspectionsIdJudge"/>
    <testcase name="响应时间小于 2 秒" time="0.003" classname="01170PostQualityInspectionsIdJudge"/>
  </testsuite>
  <testsuite name="01 - 全接口未登录安全边界 (170) / POST /quality-inspections/{id}/submit" id="cb36f0b0-b6fc-4aee-bfa0-74f91f1aa5e6" timestamp="2026-07-17T15:56:06.150Z" tests="3" failures="0" errors="0" time="0.004">
    <testcase name="未登录请求返回 401" time="0.004" classname="01170PostQualityInspectionsIdSubmit"/>
    <testcase name="错误响应为 JSON" time="0.004" classname="01170PostQualityInspectionsIdSubmit"/>
    <testcase name="响应时间小于 2 秒" time="0.004" classname="01170PostQualityInspectionsIdSubmit"/>
  </testsuite>
  <testsuite name="01 - 全接口未登录安全边界 (170) / GET /quality-inspections/create-options" id="44b3f76b-d3d1-4a67-8e08-da11a242aa31" timestamp="2026-07-17T15:56:06.150Z" tests="3" failures="0" errors="0" time="0.003">
    <testcase name="未登录请求返回 401" time="0.003" classname="01170GetQualityInspectionsCreateOptions"/>
    <testcase name="错误响应为 JSON" time="0.003" classname="01170GetQualityInspectionsCreateOptions"/>
    <testcase name="响应时间小于 2 秒" time="0.003" classname="01170GetQualityInspectionsCreateOptions"/>
  </testsuite>
  <testsuite name="01 - 全接口未登录安全边界 (170) / GET /quality-inspections/inspectors" id="a0ffb2a0-b609-4a27-aad9-fb250f93124f" timestamp="2026-07-17T15:56:06.150Z" tests="3" failures="0" errors="0" time="0.006">
    <testcase name="未登录请求返回 401" time="0.006" classname="01170GetQualityInspectionsInspectors"/>
    <testcase name="错误响应为 JSON" time="0.006" classname="01170GetQualityInspectionsInspectors"/>
    <testcase name="响应时间小于 2 秒" time="0.006" classname="01170GetQualityInspectionsInspectors"/>
  </testsuite>
  <testsuite name="01 - 全接口未登录安全边界 (170) / GET /quality-traces" id="da0173ab-1805-4cc5-af98-59fe67ddbc74" timestamp="2026-07-17T15:56:06.150Z" tests="3" failures="0" errors="0" time="0.003">
    <testcase name="未登录请求返回 401" time="0.003" classname="01170GetQualityTraces"/>
    <testcase name="错误响应为 JSON" time="0.003" classname="01170GetQualityTraces"/>
    <testcase name="响应时间小于 2 秒" time="0.003" classname="01170GetQualityTraces"/>
  </testsuite>
  <testsuite name="01 - 全接口未登录安全边界 (170) / GET /quality-traces/{id}" id="e434a7ac-026f-48c3-b69c-fe79305053a1" timestamp="2026-07-17T15:56:06.150Z" tests="3" failures="0" errors="0" time="0.003">
    <testcase name="未登录请求返回 401" time="0.003" classname="01170GetQualityTracesId"/>
    <testcase name="错误响应为 JSON" time="0.003" classname="01170GetQualityTracesId"/>
    <testcase name="响应时间小于 2 秒" time="0.003" classname="01170GetQualityTracesId"/>
  </testsuite>
  <testsuite name="01 - 全接口未登录安全边界 (170) / GET /quality-traces/by-inspection/{inspectionId}" id="b64114ac-00b4-40c8-8df9-0255a2c1805a" timestamp="2026-07-17T15:56:06.150Z" tests="3" failures="0" errors="0" time="0.004">
    <testcase name="未登录请求返回 401" time="0.004" classname="01170GetQualityTracesByInspectionInspectionId"/>
    <testcase name="错误响应为 JSON" time="0.004" classname="01170GetQualityTracesByInspectionInspectionId"/>
    <testcase name="响应时间小于 2 秒" time="0.004" classname="01170GetQualityTracesByInspectionInspectionId"/>
  </testsuite>
  <testsuite name="01 - 全接口未登录安全边界 (170) / GET /quality-traces/by-work-order/{workOrderId}" id="c2d643a2-d8c4-46f2-9318-765d335812b6" timestamp="2026-07-17T15:56:06.150Z" tests="3" failures="0" errors="0" time="0.003">
    <testcase name="未登录请求返回 401" time="0.003" classname="01170GetQualityTracesByWorkOrderWorkOrderId"/>
    <testcase name="错误响应为 JSON" time="0.003" classname="01170GetQualityTracesByWorkOrderWorkOrderId"/>
    <testcase name="响应时间小于 2 秒" time="0.003" classname="01170GetQualityTracesByWorkOrderWorkOrderId"/>
  </testsuite>
  <testsuite name="01 - 全接口未登录安全边界 (170) / GET /quality-traces/work-orders/{workOrderId}" id="b10232c9-e211-4115-9a69-27874b75c2b9" timestamp="2026-07-17T15:56:06.150Z" tests="3" failures="0" errors="0" time="0.003">
    <testcase name="未登录请求返回 401" time="0.003" classname="01170GetQualityTracesWorkOrdersWorkOrderId"/>
    <testcase name="错误响应为 JSON" time="0.003" classname="01170GetQualityTracesWorkOrdersWorkOrderId"/>
    <testcase name="响应时间小于 2 秒" time="0.003" classname="01170GetQualityTracesWorkOrdersWorkOrderId"/>
  </testsuite>
  <testsuite name="01 - 全接口未登录安全边界 (170) / GET /rework-orders" id="4c1747ef-f526-4908-ae44-cb80c9902173" timestamp="2026-07-17T15:56:06.150Z" tests="3" failures="0" errors="0" time="0.003">
    <testcase name="未登录请求返回 401" time="0.003" classname="01170GetReworkOrders"/>
    <testcase name="错误响应为 JSON" time="0.003" classname="01170GetReworkOrders"/>
    <testcase name="响应时间小于 2 秒" time="0.003" classname="01170GetReworkOrders"/>
  </testsuite>
  <testsuite name="01 - 全接口未登录安全边界 (170) / POST /rework-orders" id="75922d50-5fe2-4ad3-a6e5-de8a39bd6348" timestamp="2026-07-17T15:56:06.150Z" tests="3" failures="0" errors="0" time="0.004">
    <testcase name="未登录请求返回 401" time="0.004" classname="01170PostReworkOrders"/>
    <testcase name="错误响应为 JSON" time="0.004" classname="01170PostReworkOrders"/>
    <testcase name="响应时间小于 2 秒" time="0.004" classname="01170PostReworkOrders"/>
  </testsuite>
  <testsuite name="01 - 全接口未登录安全边界 (170) / GET /rework-orders/{id}" id="acfe293a-6189-4104-a78b-04a44ca17c50" timestamp="2026-07-17T15:56:06.150Z" tests="3" failures="0" errors="0" time="0.004">
    <testcase name="未登录请求返回 401" time="0.004" classname="01170GetReworkOrdersId"/>
    <testcase name="错误响应为 JSON" time="0.004" classname="01170GetReworkOrdersId"/>
    <testcase name="响应时间小于 2 秒" time="0.004" classname="01170GetReworkOrdersId"/>
  </testsuite>
  <testsuite name="01 - 全接口未登录安全边界 (170) / POST /rework-orders/{id}/dispatch" id="bdb59253-4f5f-4ad2-bee4-94978eaaaa8a" timestamp="2026-07-17T15:56:06.150Z" tests="3" failures="0" errors="0" time="0.003">
    <testcase name="未登录请求返回 401" time="0.003" classname="01170PostReworkOrdersIdDispatch"/>
    <testcase name="错误响应为 JSON" time="0.003" classname="01170PostReworkOrdersIdDispatch"/>
    <testcase name="响应时间小于 2 秒" time="0.003" classname="01170PostReworkOrdersIdDispatch"/>
  </testsuite>
  <testsuite name="01 - 全接口未登录安全边界 (170) / POST /rework-orders/{id}/finish" id="8f520672-1006-4cc9-8a2a-cc02c8be7795" timestamp="2026-07-17T15:56:06.150Z" tests="3" failures="0" errors="0" time="0.007">
    <testcase name="未登录请求返回 401" time="0.007" classname="01170PostReworkOrdersIdFinish"/>
    <testcase name="错误响应为 JSON" time="0.007" classname="01170PostReworkOrdersIdFinish"/>
    <testcase name="响应时间小于 2 秒" time="0.007" classname="01170PostReworkOrdersIdFinish"/>
  </testsuite>
  <testsuite name="01 - 全接口未登录安全边界 (170) / GET /planning/reworks" id="e081d2f1-2282-41c3-a736-493fc1fc921a" timestamp="2026-07-17T15:56:06.150Z" tests="3" failures="0" errors="0" time="0.055">
    <testcase name="未登录请求返回 401" time="0.055" classname="01170GetPlanningReworks"/>
    <testcase name="错误响应为 JSON" time="0.055" classname="01170GetPlanningReworks"/>
    <testcase name="响应时间小于 2 秒" time="0.055" classname="01170GetPlanningReworks"/>
  </testsuite>
  <testsuite name="01 - 全接口未登录安全边界 (170) / POST /planning/reworks/{id}/tasks" id="86f5c211-95ee-45e7-a513-2ec9fb80f90b" timestamp="2026-07-17T15:56:06.150Z" tests="3" failures="0" errors="0" time="0.008">
    <testcase name="未登录请求返回 401" time="0.008" classname="01170PostPlanningReworksIdTasks"/>
    <testcase name="错误响应为 JSON" time="0.008" classname="01170PostPlanningReworksIdTasks"/>
    <testcase name="响应时间小于 2 秒" time="0.008" classname="01170PostPlanningReworksIdTasks"/>
  </testsuite>
  <testsuite name="01 - 全接口未登录安全边界 (170) / GET /robot-delivery-tasks" id="ec209635-ad12-4685-a5da-1bd30e753558" timestamp="2026-07-17T15:56:06.150Z" tests="3" failures="0" errors="0" time="0.006">
    <testcase name="未登录请求返回 401" time="0.006" classname="01170GetRobotDeliveryTasks"/>
    <testcase name="错误响应为 JSON" time="0.006" classname="01170GetRobotDeliveryTasks"/>
    <testcase name="响应时间小于 2 秒" time="0.006" classname="01170GetRobotDeliveryTasks"/>
  </testsuite>
  <testsuite name="01 - 全接口未登录安全边界 (170) / POST /robot-delivery-tasks" id="586dfd22-6fd0-4813-ba1b-2ee25a5588ce" timestamp="2026-07-17T15:56:06.150Z" tests="3" failures="0" errors="0" time="0.004">
    <testcase name="未登录请求返回 401" time="0.004" classname="01170PostRobotDeliveryTasks"/>
    <testcase name="错误响应为 JSON" time="0.004" classname="01170PostRobotDeliveryTasks"/>
    <testcase name="响应时间小于 2 秒" time="0.004" classname="01170PostRobotDeliveryTasks"/>
  </testsuite>
  <testsuite name="01 - 全接口未登录安全边界 (170) / GET /robot-delivery-tasks/{id}" id="0bbd2dc0-2c15-4ee4-b802-567f23758887" timestamp="2026-07-17T15:56:06.150Z" tests="3" failures="0" errors="0" time="0.003">
    <testcase name="未登录请求返回 401" time="0.003" classname="01170GetRobotDeliveryTasksId"/>
    <testcase name="错误响应为 JSON" time="0.003" classname="01170GetRobotDeliveryTasksId"/>
    <testcase name="响应时间小于 2 秒" time="0.003" classname="01170GetRobotDeliveryTasksId"/>
  </testsuite>
  <testsuite name="01 - 全接口未登录安全边界 (170) / POST /robot-delivery-tasks/{id}/arrive" id="e525a71f-0ead-481a-8f5b-37422f1fc461" timestamp="2026-07-17T15:56:06.150Z" tests="3" failures="0" errors="0" time="0.004">
    <testcase name="未登录请求返回 401" time="0.004" classname="01170PostRobotDeliveryTasksIdArrive"/>
    <testcase name="错误响应为 JSON" time="0.004" classname="01170PostRobotDeliveryTasksIdArrive"/>
    <testcase name="响应时间小于 2 秒" time="0.004" classname="01170PostRobotDeliveryTasksIdArrive"/>
  </testsuite>
  <testsuite name="01 - 全接口未登录安全边界 (170) / POST /robot-delivery-tasks/{id}/confirm-receipt" id="d93df084-839f-4922-9378-a94e85f4b216" timestamp="2026-07-17T15:56:06.150Z" tests="3" failures="0" errors="0" time="0.005">
    <testcase name="未登录请求返回 401" time="0.005" classname="01170PostRobotDeliveryTasksIdConfirmReceipt"/>
    <testcase name="错误响应为 JSON" time="0.005" classname="01170PostRobotDeliveryTasksIdConfirmReceipt"/>
    <testcase name="响应时间小于 2 秒" time="0.005" classname="01170PostRobotDeliveryTasksIdConfirmReceipt"/>
  </testsuite>
  <testsuite name="01 - 全接口未登录安全边界 (170) / GET /robots" id="09f9a272-d665-4efb-83c4-c382f1b35b93" timestamp="2026-07-17T15:56:06.150Z" tests="3" failures="0" errors="0" time="0.005">
    <testcase name="未登录请求返回 401" time="0.005" classname="01170GetRobots"/>
    <testcase name="错误响应为 JSON" time="0.005" classname="01170GetRobots"/>
    <testcase name="响应时间小于 2 秒" time="0.005" classname="01170GetRobots"/>
  </testsuite>
  <testsuite name="01 - 全接口未登录安全边界 (170) / POST /robots" id="88f690e0-70aa-4367-aa65-6350bf85fec5" timestamp="2026-07-17T15:56:06.150Z" tests="3" failures="0" errors="0" time="0.007">
    <testcase name="未登录请求返回 401" time="0.007" classname="01170PostRobots"/>
    <testcase name="错误响应为 JSON" time="0.007" classname="01170PostRobots"/>
    <testcase name="响应时间小于 2 秒" time="0.007" classname="01170PostRobots"/>
  </testsuite>
  <testsuite name="01 - 全接口未登录安全边界 (170) / DELETE /robots/{id}" id="3df6936c-a331-4047-b034-3839e69fd5b5" timestamp="2026-07-17T15:56:06.150Z" tests="3" failures="0" errors="0" time="0.004">
    <testcase name="未登录请求返回 401" time="0.004" classname="01170DeleteRobotsId"/>
    <testcase name="错误响应为 JSON" time="0.004" classname="01170DeleteRobotsId"/>
    <testcase name="响应时间小于 2 秒" time="0.004" classname="01170DeleteRobotsId"/>
  </testsuite>
  <testsuite name="01 - 全接口未登录安全边界 (170) / GET /robots/{id}" id="8ec93da2-4384-4889-8b64-7da204d0dd7a" timestamp="2026-07-17T15:56:06.150Z" tests="3" failures="0" errors="0" time="0.003">
    <testcase name="未登录请求返回 401" time="0.003" classname="01170GetRobotsId"/>
    <testcase name="错误响应为 JSON" time="0.003" classname="01170GetRobotsId"/>
    <testcase name="响应时间小于 2 秒" time="0.003" classname="01170GetRobotsId"/>
  </testsuite>
  <testsuite name="01 - 全接口未登录安全边界 (170) / PUT /robots/{id}" id="dc7cd9b2-7eae-43dd-96dc-dec0fa966614" timestamp="2026-07-17T15:56:06.150Z" tests="3" failures="0" errors="0" time="0.005">
    <testcase name="未登录请求返回 401" time="0.005" classname="01170PutRobotsId"/>
    <testcase name="错误响应为 JSON" time="0.005" classname="01170PutRobotsId"/>
    <testcase name="响应时间小于 2 秒" time="0.005" classname="01170PutRobotsId"/>
  </testsuite>
  <testsuite name="01 - 全接口未登录安全边界 (170) / GET /shortage-alerts" id="7d17eb18-17d7-4bba-88a1-6b5b1203bf5b" timestamp="2026-07-17T15:56:06.150Z" tests="3" failures="0" errors="0" time="0.003">
    <testcase name="未登录请求返回 401" time="0.003" classname="01170GetShortageAlerts"/>
    <testcase name="错误响应为 JSON" time="0.003" classname="01170GetShortageAlerts"/>
    <testcase name="响应时间小于 2 秒" time="0.003" classname="01170GetShortageAlerts"/>
  </testsuite>
  <testsuite name="01 - 全接口未登录安全边界 (170) / POST /shortage-alerts/{id}/accept" id="54520d4b-9fa6-46ab-9625-4d85866478d3" timestamp="2026-07-17T15:56:06.150Z" tests="3" failures="0" errors="0" time="0.003">
    <testcase name="未登录请求返回 401" time="0.003" classname="01170PostShortageAlertsIdAccept"/>
    <testcase name="错误响应为 JSON" time="0.003" classname="01170PostShortageAlertsIdAccept"/>
    <testcase name="响应时间小于 2 秒" time="0.003" classname="01170PostShortageAlertsIdAccept"/>
  </testsuite>
  <testsuite name="01 - 全接口未登录安全边界 (170) / GET /tire-labels" id="a843c101-dfb5-47f2-ba84-340d55a20f95" timestamp="2026-07-17T15:56:06.150Z" tests="3" failures="0" errors="0" time="0.081">
    <testcase name="未登录请求返回 401" time="0.081" classname="01170GetTireLabels"/>
    <testcase name="错误响应为 JSON" time="0.081" classname="01170GetTireLabels"/>
    <testcase name="响应时间小于 2 秒" time="0.081" classname="01170GetTireLabels"/>
  </testsuite>
  <testsuite name="01 - 全接口未登录安全边界 (170) / GET /tire-labels/{id}/document" id="6cf33d82-fcbd-4e85-87b7-7afbd17f8e02" timestamp="2026-07-17T15:56:06.150Z" tests="3" failures="0" errors="0" time="0.004">
    <testcase name="未登录请求返回 401" time="0.004" classname="01170GetTireLabelsIdDocument"/>
    <testcase name="错误响应为 JSON" time="0.004" classname="01170GetTireLabelsIdDocument"/>
    <testcase name="响应时间小于 2 秒" time="0.004" classname="01170GetTireLabelsIdDocument"/>
  </testsuite>
  <testsuite name="01 - 全接口未登录安全边界 (170) / GET /tire-labels/{id}/label" id="b2dc245a-b2e6-45c5-8604-0a534bcf3e8b" timestamp="2026-07-17T15:56:06.150Z" tests="3" failures="0" errors="0" time="0.003">
    <testcase name="未登录请求返回 401" time="0.003" classname="01170GetTireLabelsIdLabel"/>
    <testcase name="错误响应为 JSON" time="0.003" classname="01170GetTireLabelsIdLabel"/>
    <testcase name="响应时间小于 2 秒" time="0.003" classname="01170GetTireLabelsIdLabel"/>
  </testsuite>
  <testsuite name="01 - 全接口未登录安全边界 (170) / POST /tire-labels/{id}/print" id="13923c9e-15f2-4a0d-b6aa-5deae1dce301" timestamp="2026-07-17T15:56:06.150Z" tests="3" failures="0" errors="0" time="0.003">
    <testcase name="未登录请求返回 401" time="0.003" classname="01170PostTireLabelsIdPrint"/>
    <testcase name="错误响应为 JSON" time="0.003" classname="01170PostTireLabelsIdPrint"/>
    <testcase name="响应时间小于 2 秒" time="0.003" classname="01170PostTireLabelsIdPrint"/>
  </testsuite>
  <testsuite name="01 - 全接口未登录安全边界 (170) / GET /tire-labels/{id}/qrcode" id="c59e1bf7-8e99-45b8-9df9-6a53bc2beca2" timestamp="2026-07-17T15:56:06.150Z" tests="3" failures="0" errors="0" time="0.004">
    <testcase name="未登录请求返回 401" time="0.004" classname="01170GetTireLabelsIdQrcode"/>
    <testcase name="错误响应为 JSON" time="0.004" classname="01170GetTireLabelsIdQrcode"/>
    <testcase name="响应时间小于 2 秒" time="0.004" classname="01170GetTireLabelsIdQrcode"/>
  </testsuite>
  <testsuite name="01 - 全接口未登录安全边界 (170) / POST /tire-labels/generate" id="1b33ecfd-4381-4dfb-8719-0647b45fb43b" timestamp="2026-07-17T15:56:06.150Z" tests="3" failures="0" errors="0" time="0.005">
    <testcase name="未登录请求返回 401" time="0.005" classname="01170PostTireLabelsGenerate"/>
    <testcase name="错误响应为 JSON" time="0.005" classname="01170PostTireLabelsGenerate"/>
    <testcase name="响应时间小于 2 秒" time="0.005" classname="01170PostTireLabelsGenerate"/>
  </testsuite>
  <testsuite name="01 - 全接口未登录安全边界 (170) / GET /tire-labels/generate-options" id="14084b9f-a2c2-4deb-9b29-82c6d5fe9480" timestamp="2026-07-17T15:56:06.150Z" tests="3" failures="0" errors="0" time="0.003">
    <testcase name="未登录请求返回 401" time="0.003" classname="01170GetTireLabelsGenerateOptions"/>
    <testcase name="错误响应为 JSON" time="0.003" classname="01170GetTireLabelsGenerateOptions"/>
    <testcase name="响应时间小于 2 秒" time="0.003" classname="01170GetTireLabelsGenerateOptions"/>
  </testsuite>
  <testsuite name="01 - 全接口未登录安全边界 (170) / GET /users" id="8d9f3711-23be-4890-9f38-0b9be46df85e" timestamp="2026-07-17T15:56:06.150Z" tests="3" failures="0" errors="0" time="0.020">
    <testcase name="未登录请求返回 401" time="0.020" classname="01170GetUsers"/>
    <testcase name="错误响应为 JSON" time="0.020" classname="01170GetUsers"/>
    <testcase name="响应时间小于 2 秒" time="0.020" classname="01170GetUsers"/>
  </testsuite>
  <testsuite name="01 - 全接口未登录安全边界 (170) / POST /users" id="3271234b-e79a-472f-be85-f08d15d0ec87" timestamp="2026-07-17T15:56:06.150Z" tests="3" failures="0" errors="0" time="0.003">
    <testcase name="未登录请求返回 401" time="0.003" classname="01170PostUsers"/>
    <testcase name="错误响应为 JSON" time="0.003" classname="01170PostUsers"/>
    <testcase name="响应时间小于 2 秒" time="0.003" classname="01170PostUsers"/>
  </testsuite>
  <testsuite name="01 - 全接口未登录安全边界 (170) / PUT /users/{userId}/role" id="a7358758-280c-4059-8596-14fc7e4bd30f" timestamp="2026-07-17T15:56:06.150Z" tests="3" failures="0" errors="0" time="0.005">
    <testcase name="未登录请求返回 401" time="0.005" classname="01170PutUsersUserIdRole"/>
    <testcase name="错误响应为 JSON" time="0.005" classname="01170PutUsersUserIdRole"/>
    <testcase name="响应时间小于 2 秒" time="0.005" classname="01170PutUsersUserIdRole"/>
  </testsuite>
  <testsuite name="01 - 全接口未登录安全边界 (170) / GET /warehouses" id="5ed43a2d-1be2-4ef9-9643-6586baa2b89e" timestamp="2026-07-17T15:56:06.150Z" tests="3" failures="0" errors="0" time="0.003">
    <testcase name="未登录请求返回 401" time="0.003" classname="01170GetWarehouses"/>
    <testcase name="错误响应为 JSON" time="0.003" classname="01170GetWarehouses"/>
    <testcase name="响应时间小于 2 秒" time="0.003" classname="01170GetWarehouses"/>
  </testsuite>
  <testsuite name="01 - 全接口未登录安全边界 (170) / POST /warehouses" id="9a85b74c-4762-4b72-92db-78ac2f28d8e2" timestamp="2026-07-17T15:56:06.150Z" tests="3" failures="0" errors="0" time="0.004">
    <testcase name="未登录请求返回 401" time="0.004" classname="01170PostWarehouses"/>
    <testcase name="错误响应为 JSON" time="0.004" classname="01170PostWarehouses"/>
    <testcase name="响应时间小于 2 秒" time="0.004" classname="01170PostWarehouses"/>
  </testsuite>
  <testsuite name="01 - 全接口未登录安全边界 (170) / DELETE /warehouses/{id}" id="c79f2731-5822-438f-8c89-2fc867d8b15d" timestamp="2026-07-17T15:56:06.150Z" tests="3" failures="0" errors="0" time="0.005">
    <testcase name="未登录请求返回 401" time="0.005" classname="01170DeleteWarehousesId"/>
    <testcase name="错误响应为 JSON" time="0.005" classname="01170DeleteWarehousesId"/>
    <testcase name="响应时间小于 2 秒" time="0.005" classname="01170DeleteWarehousesId"/>
  </testsuite>
  <testsuite name="01 - 全接口未登录安全边界 (170) / GET /warehouses/{id}" id="b41dcb07-1008-4542-bdd0-aa5919d7748a" timestamp="2026-07-17T15:56:06.150Z" tests="3" failures="0" errors="0" time="0.003">
    <testcase name="未登录请求返回 401" time="0.003" classname="01170GetWarehousesId"/>
    <testcase name="错误响应为 JSON" time="0.003" classname="01170GetWarehousesId"/>
    <testcase name="响应时间小于 2 秒" time="0.003" classname="01170GetWarehousesId"/>
  </testsuite>
  <testsuite name="01 - 全接口未登录安全边界 (170) / PUT /warehouses/{id}" id="b3d4b8a6-e45e-441b-b62d-2c718e848e69" timestamp="2026-07-17T15:56:06.150Z" tests="3" failures="0" errors="0" time="0.004">
    <testcase name="未登录请求返回 401" time="0.004" classname="01170PutWarehousesId"/>
    <testcase name="错误响应为 JSON" time="0.004" classname="01170PutWarehousesId"/>
    <testcase name="响应时间小于 2 秒" time="0.004" classname="01170PutWarehousesId"/>
  </testsuite>
  <testsuite name="01 - 全接口未登录安全边界 (170) / GET /warehouses/locations" id="5f27c216-21db-4450-9898-f8d8c6139cc2" timestamp="2026-07-17T15:56:06.150Z" tests="3" failures="0" errors="0" time="0.003">
    <testcase name="未登录请求返回 401" time="0.003" classname="01170GetWarehousesLocations"/>
    <testcase name="错误响应为 JSON" time="0.003" classname="01170GetWarehousesLocations"/>
    <testcase name="响应时间小于 2 秒" time="0.003" classname="01170GetWarehousesLocations"/>
  </testsuite>
  <testsuite name="01 - 全接口未登录安全边界 (170) / POST /warehouses/locations" id="72446a86-496d-4e52-8c25-635fa2903524" timestamp="2026-07-17T15:56:06.150Z" tests="3" failures="0" errors="0" time="0.003">
    <testcase name="未登录请求返回 401" time="0.003" classname="01170PostWarehousesLocations"/>
    <testcase name="错误响应为 JSON" time="0.003" classname="01170PostWarehousesLocations"/>
    <testcase name="响应时间小于 2 秒" time="0.003" classname="01170PostWarehousesLocations"/>
  </testsuite>
  <testsuite name="01 - 全接口未登录安全边界 (170) / DELETE /warehouses/locations/{id}" id="eb091f61-460d-457e-ac5f-32fd7e30698c" timestamp="2026-07-17T15:56:06.150Z" tests="3" failures="0" errors="0" time="0.005">
    <testcase name="未登录请求返回 401" time="0.005" classname="01170DeleteWarehousesLocationsId"/>
    <testcase name="错误响应为 JSON" time="0.005" classname="01170DeleteWarehousesLocationsId"/>
    <testcase name="响应时间小于 2 秒" time="0.005" classname="01170DeleteWarehousesLocationsId"/>
  </testsuite>
  <testsuite name="01 - 全接口未登录安全边界 (170) / GET /warehouses/locations/{id}" id="e86733ab-139d-4514-9a30-224edd5d9808" timestamp="2026-07-17T15:56:06.150Z" tests="3" failures="0" errors="0" time="0.004">
    <testcase name="未登录请求返回 401" time="0.004" classname="01170GetWarehousesLocationsId"/>
    <testcase name="错误响应为 JSON" time="0.004" classname="01170GetWarehousesLocationsId"/>
    <testcase name="响应时间小于 2 秒" time="0.004" classname="01170GetWarehousesLocationsId"/>
  </testsuite>
  <testsuite name="01 - 全接口未登录安全边界 (170) / PUT /warehouses/locations/{id}" id="1494e6ef-55ea-4d43-8420-c4b4030b2242" timestamp="2026-07-17T15:56:06.150Z" tests="3" failures="0" errors="0" time="0.002">
    <testcase name="未登录请求返回 401" time="0.002" classname="01170PutWarehousesLocationsId"/>
    <testcase name="错误响应为 JSON" time="0.002" classname="01170PutWarehousesLocationsId"/>
    <testcase name="响应时间小于 2 秒" time="0.002" classname="01170PutWarehousesLocationsId"/>
  </testsuite>
  <testsuite name="01 - 全接口未登录安全边界 (170) / GET /work-orders" id="83fdcd00-85f1-46b4-971d-098f9be837cb" timestamp="2026-07-17T15:56:06.150Z" tests="3" failures="0" errors="0" time="0.003">
    <testcase name="未登录请求返回 401" time="0.003" classname="01170GetWorkOrders"/>
    <testcase name="错误响应为 JSON" time="0.003" classname="01170GetWorkOrders"/>
    <testcase name="响应时间小于 2 秒" time="0.003" classname="01170GetWorkOrders"/>
  </testsuite>
  <testsuite name="01 - 全接口未登录安全边界 (170) / POST /work-orders" id="c909bf67-762a-44e1-9e16-835630ca6390" timestamp="2026-07-17T15:56:06.150Z" tests="3" failures="0" errors="0" time="0.009">
    <testcase name="未登录请求返回 401" time="0.009" classname="01170PostWorkOrders"/>
    <testcase name="错误响应为 JSON" time="0.009" classname="01170PostWorkOrders"/>
    <testcase name="响应时间小于 2 秒" time="0.009" classname="01170PostWorkOrders"/>
  </testsuite>
  <testsuite name="01 - 全接口未登录安全边界 (170) / GET /work-orders/{id}" id="b0cf7ccf-a2cd-433e-b16f-f2199a0eb06e" timestamp="2026-07-17T15:56:06.150Z" tests="3" failures="0" errors="0" time="0.003">
    <testcase name="未登录请求返回 401" time="0.003" classname="01170GetWorkOrdersId"/>
    <testcase name="错误响应为 JSON" time="0.003" classname="01170GetWorkOrdersId"/>
    <testcase name="响应时间小于 2 秒" time="0.003" classname="01170GetWorkOrdersId"/>
  </testsuite>
  <testsuite name="01 - 全接口未登录安全边界 (170) / POST /work-orders/{id}/dispatch" id="a1d6091e-8d29-4e2e-b5b7-d3bd06e0e5b0" timestamp="2026-07-17T15:56:06.150Z" tests="3" failures="0" errors="0" time="0.003">
    <testcase name="未登录请求返回 401" time="0.003" classname="01170PostWorkOrdersIdDispatch"/>
    <testcase name="错误响应为 JSON" time="0.003" classname="01170PostWorkOrdersIdDispatch"/>
    <testcase name="响应时间小于 2 秒" time="0.003" classname="01170PostWorkOrdersIdDispatch"/>
  </testsuite>
  <testsuite name="01 - 全接口未登录安全边界 (170) / GET /work-orders/{id}/logs" id="68564d25-267f-478d-8d1c-f2d872634f65" timestamp="2026-07-17T15:56:06.150Z" tests="3" failures="0" errors="0" time="0.002">
    <testcase name="未登录请求返回 401" time="0.002" classname="01170GetWorkOrdersIdLogs"/>
    <testcase name="错误响应为 JSON" time="0.002" classname="01170GetWorkOrdersIdLogs"/>
    <testcase name="响应时间小于 2 秒" time="0.002" classname="01170GetWorkOrdersIdLogs"/>
  </testsuite>
  <testsuite name="01 - 全接口未登录安全边界 (170) / POST /work-orders/{id}/receive" id="c69f6807-40c2-4837-a7b6-a8b18d0d3fb1" timestamp="2026-07-17T15:56:06.150Z" tests="3" failures="0" errors="0" time="0.004">
    <testcase name="未登录请求返回 401" time="0.004" classname="01170PostWorkOrdersIdReceive"/>
    <testcase name="错误响应为 JSON" time="0.004" classname="01170PostWorkOrdersIdReceive"/>
    <testcase name="响应时间小于 2 秒" time="0.004" classname="01170PostWorkOrdersIdReceive"/>
  </testsuite>
  <testsuite name="01 - 全接口未登录安全边界 (170) / GET /work-orders/logs" id="704c41e9-d877-4e93-89aa-d59615eef9b4" timestamp="2026-07-17T15:56:06.150Z" tests="3" failures="0" errors="0" time="0.004">
    <testcase name="未登录请求返回 401" time="0.004" classname="01170GetWorkOrdersLogs"/>
    <testcase name="错误响应为 JSON" time="0.004" classname="01170GetWorkOrdersLogs"/>
    <testcase name="响应时间小于 2 秒" time="0.004" classname="01170GetWorkOrdersLogs"/>
  </testsuite>
  <testsuite name="01 - 全接口未登录安全边界 (170) / GET /work-orders/operators" id="fd48e551-a608-43c1-a608-15d21a199bab" timestamp="2026-07-17T15:56:06.150Z" tests="3" failures="0" errors="0" time="0.003">
    <testcase name="未登录请求返回 401" time="0.003" classname="01170GetWorkOrdersOperators"/>
    <testcase name="错误响应为 JSON" time="0.003" classname="01170GetWorkOrdersOperators"/>
    <testcase name="响应时间小于 2 秒" time="0.003" classname="01170GetWorkOrdersOperators"/>
  </testsuite>
  <testsuite name="01 - 全接口未登录安全边界 (170) / GET /work-reports" id="57e335dd-54ac-493f-a447-076748d59550" timestamp="2026-07-17T15:56:06.150Z" tests="3" failures="0" errors="0" time="0.003">
    <testcase name="未登录请求返回 401" time="0.003" classname="01170GetWorkReports"/>
    <testcase name="错误响应为 JSON" time="0.003" classname="01170GetWorkReports"/>
    <testcase name="响应时间小于 2 秒" time="0.003" classname="01170GetWorkReports"/>
  </testsuite>
  <testsuite name="01 - 全接口未登录安全边界 (170) / POST /work-reports" id="7cd38cae-ae00-4134-a222-54fc0a424af6" timestamp="2026-07-17T15:56:06.150Z" tests="3" failures="0" errors="0" time="0.003">
    <testcase name="未登录请求返回 401" time="0.003" classname="01170PostWorkReports"/>
    <testcase name="错误响应为 JSON" time="0.003" classname="01170PostWorkReports"/>
    <testcase name="响应时间小于 2 秒" time="0.003" classname="01170PostWorkReports"/>
  </testsuite>
  <testsuite name="01 - 全接口未登录安全边界 (170) / DELETE /work-reports/{id}" id="9d8c06e5-8dd4-4b56-8f77-e3c94c165628" timestamp="2026-07-17T15:56:06.150Z" tests="3" failures="0" errors="0" time="0.003">
    <testcase name="未登录请求返回 401" time="0.003" classname="01170DeleteWorkReportsId"/>
    <testcase name="错误响应为 JSON" time="0.003" classname="01170DeleteWorkReportsId"/>
    <testcase name="响应时间小于 2 秒" time="0.003" classname="01170DeleteWorkReportsId"/>
  </testsuite>
  <testsuite name="01 - 全接口未登录安全边界 (170) / GET /work-reports/{id}" id="14f82eab-155d-4c35-91a3-1ea53263da52" timestamp="2026-07-17T15:56:06.150Z" tests="3" failures="0" errors="0" time="0.005">
    <testcase name="未登录请求返回 401" time="0.005" classname="01170GetWorkReportsId"/>
    <testcase name="错误响应为 JSON" time="0.005" classname="01170GetWorkReportsId"/>
    <testcase name="响应时间小于 2 秒" time="0.005" classname="01170GetWorkReportsId"/>
  </testsuite>
  <testsuite name="01 - 全接口未登录安全边界 (170) / PUT /work-reports/{id}" id="138dc4f1-ddc4-437b-abe0-6689f7313202" timestamp="2026-07-17T15:56:06.150Z" tests="3" failures="0" errors="0" time="0.004">
    <testcase name="未登录请求返回 401" time="0.004" classname="01170PutWorkReportsId"/>
[...]
    <testcase name="登录态未被拒绝" time="1.052" classname="0288GetQualityTraces"/>
    <testcase name="权限策略已配置" time="1.052" classname="0288GetQualityTraces"/>
    <testcase name="服务端无 5xx 异常" time="1.052" classname="0288GetQualityTraces"/>
    <testcase name="响应时间小于 5 秒" time="1.052" classname="0288GetQualityTraces"/>
    <testcase name="成功响应 JSON 可解析" time="1.052" classname="0288GetQualityTraces"/>
  </testsuite>
  <testsuite name="02 - 登录后全量只读接口 (88) / GET /quality-traces/{id}" id="d112d0d0-4650-4388-b546-24a69eddbf6a" timestamp="2026-07-17T15:56:06.150Z" tests="4" failures="0" errors="0" time="0.987">
    <testcase name="登录态未被拒绝" time="0.987" classname="0288GetQualityTracesId"/>
    <testcase name="权限策略已配置" time="0.987" classname="0288GetQualityTracesId"/>
    <testcase name="服务端无 5xx 异常" time="0.987" classname="0288GetQualityTracesId"/>
    <testcase name="响应时间小于 5 秒" time="0.987" classname="0288GetQualityTracesId"/>
  </testsuite>
  <testsuite name="02 - 登录后全量只读接口 (88) / GET /quality-traces/by-inspection/{inspectionId}" id="7dc174bf-c970-4201-b99c-58fb81a072e0" timestamp="2026-07-17T15:56:06.150Z" tests="5" failures="0" errors="0" time="0.855">
    <testcase name="登录态未被拒绝" time="0.855" classname="0288GetQualityTracesByInspectionInspectionId"/>
    <testcase name="权限策略已配置" time="0.855" classname="0288GetQualityTracesByInspectionInspectionId"/>
    <testcase name="服务端无 5xx 异常" time="0.855" classname="0288GetQualityTracesByInspectionInspectionId"/>
    <testcase name="响应时间小于 5 秒" time="0.855" classname="0288GetQualityTracesByInspectionInspectionId"/>
    <testcase name="成功响应 JSON 可解析" time="0.855" classname="0288GetQualityTracesByInspectionInspectionId"/>
  </testsuite>
  <testsuite name="02 - 登录后全量只读接口 (88) / GET /quality-traces/by-work-order/{workOrderId}" id="248cf3c3-0e8a-4635-b97a-28f40c5b7d70" timestamp="2026-07-17T15:56:06.150Z" tests="5" failures="0" errors="0" time="0.777">
    <testcase name="登录态未被拒绝" time="0.777" classname="0288GetQualityTracesByWorkOrderWorkOrderId"/>
    <testcase name="权限策略已配置" time="0.777" classname="0288GetQualityTracesByWorkOrderWorkOrderId"/>
    <testcase name="服务端无 5xx 异常" time="0.777" classname="0288GetQualityTracesByWorkOrderWorkOrderId"/>
    <testcase name="响应时间小于 5 秒" time="0.777" classname="0288GetQualityTracesByWorkOrderWorkOrderId"/>
    <testcase name="成功响应 JSON 可解析" time="0.777" classname="0288GetQualityTracesByWorkOrderWorkOrderId"/>
  </testsuite>
  <testsuite name="02 - 登录后全量只读接口 (88) / GET /quality-traces/work-orders/{workOrderId}" id="307f685f-1217-46ff-883f-f4dc8786a249" timestamp="2026-07-17T15:56:06.150Z" tests="5" failures="0" errors="0" time="0.956">
    <testcase name="登录态未被拒绝" time="0.956" classname="0288GetQualityTracesWorkOrdersWorkOrderId"/>
    <testcase name="权限策略已配置" time="0.956" classname="0288GetQualityTracesWorkOrdersWorkOrderId"/>
    <testcase name="服务端无 5xx 异常" time="0.956" classname="0288GetQualityTracesWorkOrdersWorkOrderId"/>
    <testcase name="响应时间小于 5 秒" time="0.956" classname="0288GetQualityTracesWorkOrdersWorkOrderId"/>
    <testcase name="成功响应 JSON 可解析" time="0.956" classname="0288GetQualityTracesWorkOrdersWorkOrderId"/>
  </testsuite>
  <testsuite name="02 - 登录后全量只读接口 (88) / GET /rework-orders" id="e17d482d-09e0-4952-bdb2-44fa7690acab" timestamp="2026-07-17T15:56:06.150Z" tests="5" failures="0" errors="0" time="0.901">
    <testcase name="登录态未被拒绝" time="0.901" classname="0288GetReworkOrders"/>
    <testcase name="权限策略已配置" time="0.901" classname="0288GetReworkOrders"/>
    <testcase name="服务端无 5xx 异常" time="0.901" classname="0288GetReworkOrders"/>
    <testcase name="响应时间小于 5 秒" time="0.901" classname="0288GetReworkOrders"/>
    <testcase name="成功响应 JSON 可解析" time="0.901" classname="0288GetReworkOrders"/>
  </testsuite>
  <testsuite name="02 - 登录后全量只读接口 (88) / GET /rework-orders/{id}" id="b9dcc5c1-1136-42b2-a4a0-f302924614e3" timestamp="2026-07-17T15:56:06.150Z" tests="5" failures="0" errors="0" time="0.964">
    <testcase name="登录态未被拒绝" time="0.964" classname="0288GetReworkOrdersId"/>
    <testcase name="权限策略已配置" time="0.964" classname="0288GetReworkOrdersId"/>
    <testcase name="服务端无 5xx 异常" time="0.964" classname="0288GetReworkOrdersId"/>
    <testcase name="响应时间小于 5 秒" time="0.964" classname="0288GetReworkOrdersId"/>
    <testcase name="成功响应 JSON 可解析" time="0.964" classname="0288GetReworkOrdersId"/>
  </testsuite>
  <testsuite name="02 - 登录后全量只读接口 (88) / GET /planning/reworks" id="97af7451-1b41-4774-8ab3-39f5d1da0929" timestamp="2026-07-17T15:56:06.150Z" tests="5" failures="0" errors="0" time="0.915">
    <testcase name="登录态未被拒绝" time="0.915" classname="0288GetPlanningReworks"/>
    <testcase name="权限策略已配置" time="0.915" classname="0288GetPlanningReworks"/>
    <testcase name="服务端无 5xx 异常" time="0.915" classname="0288GetPlanningReworks"/>
    <testcase name="响应时间小于 5 秒" time="0.915" classname="0288GetPlanningReworks"/>
    <testcase name="成功响应 JSON 可解析" time="0.915" classname="0288GetPlanningReworks"/>
  </testsuite>
  <testsuite name="02 - 登录后全量只读接口 (88) / GET /robot-delivery-tasks" id="29003073-90c9-4ddd-b1be-9bc7e0dfc79b" timestamp="2026-07-17T15:56:06.150Z" tests="5" failures="0" errors="0" time="1.036">
    <testcase name="登录态未被拒绝" time="1.036" classname="0288GetRobotDeliveryTasks"/>
    <testcase name="权限策略已配置" time="1.036" classname="0288GetRobotDeliveryTasks"/>
    <testcase name="服务端无 5xx 异常" time="1.036" classname="0288GetRobotDeliveryTasks"/>
    <testcase name="响应时间小于 5 秒" time="1.036" classname="0288GetRobotDeliveryTasks"/>
    <testcase name="成功响应 JSON 可解析" time="1.036" classname="0288GetRobotDeliveryTasks"/>
  </testsuite>
  <testsuite name="02 - 登录后全量只读接口 (88) / GET /robot-delivery-tasks/{id}" id="9b86d24e-da69-45e5-9bb5-4e0d6431dd01" timestamp="2026-07-17T15:56:06.150Z" tests="5" failures="0" errors="0" time="0.909">
    <testcase name="登录态未被拒绝" time="0.909" classname="0288GetRobotDeliveryTasksId"/>
    <testcase name="权限策略已配置" time="0.909" classname="0288GetRobotDeliveryTasksId"/>
    <testcase name="服务端无 5xx 异常" time="0.909" classname="0288GetRobotDeliveryTasksId"/>
    <testcase name="响应时间小于 5 秒" time="0.909" classname="0288GetRobotDeliveryTasksId"/>
    <testcase name="成功响应 JSON 可解析" time="0.909" classname="0288GetRobotDeliveryTasksId"/>
  </testsuite>
  <testsuite name="02 - 登录后全量只读接口 (88) / GET /robots" id="290f4a2c-e8ae-4b5d-8a49-bb578ac6dbfd" timestamp="2026-07-17T15:56:06.150Z" tests="5" failures="0" errors="0" time="0.910">
    <testcase name="登录态未被拒绝" time="0.910" classname="0288GetRobots"/>
    <testcase name="权限策略已配置" time="0.910" classname="0288GetRobots"/>
    <testcase name="服务端无 5xx 异常" time="0.910" classname="0288GetRobots"/>
    <testcase name="响应时间小于 5 秒" time="0.910" classname="0288GetRobots"/>
    <testcase name="成功响应 JSON 可解析" time="0.910" classname="0288GetRobots"/>
  </testsuite>
  <testsuite name="02 - 登录后全量只读接口 (88) / GET /robots/{id}" id="60fba5e6-369d-4798-9457-4ed363743afa" timestamp="2026-07-17T15:56:06.150Z" tests="5" failures="0" errors="0" time="0.977">
    <testcase name="登录态未被拒绝" time="0.977" classname="0288GetRobotsId"/>
    <testcase name="权限策略已配置" time="0.977" classname="0288GetRobotsId"/>
    <testcase name="服务端无 5xx 异常" time="0.977" classname="0288GetRobotsId"/>
    <testcase name="响应时间小于 5 秒" time="0.977" classname="0288GetRobotsId"/>
    <testcase name="成功响应 JSON 可解析" time="0.977" classname="0288GetRobotsId"/>
  </testsuite>
  <testsuite name="02 - 登录后全量只读接口 (88) / GET /shortage-alerts" id="bad699d4-a143-4a19-bbea-003b7629c875" timestamp="2026-07-17T15:56:06.150Z" tests="5" failures="0" errors="0" time="0.805">
    <testcase name="登录态未被拒绝" time="0.805" classname="0288GetShortageAlerts"/>
    <testcase name="权限策略已配置" time="0.805" classname="0288GetShortageAlerts"/>
    <testcase name="服务端无 5xx 异常" time="0.805" classname="0288GetShortageAlerts"/>
    <testcase name="响应时间小于 5 秒" time="0.805" classname="0288GetShortageAlerts"/>
    <testcase name="成功响应 JSON 可解析" time="0.805" classname="0288GetShortageAlerts"/>
  </testsuite>
  <testsuite name="02 - 登录后全量只读接口 (88) / GET /tire-labels" id="11687d78-36f3-4b9d-90fd-c009577039a9" timestamp="2026-07-17T15:56:06.150Z" tests="5" failures="0" errors="0" time="0.969">
    <testcase name="登录态未被拒绝" time="0.969" classname="0288GetTireLabels"/>
    <testcase name="权限策略已配置" time="0.969" classname="0288GetTireLabels"/>
    <testcase name="服务端无 5xx 异常" time="0.969" classname="0288GetTireLabels"/>
    <testcase name="响应时间小于 5 秒" time="0.969" classname="0288GetTireLabels"/>
    <testcase name="成功响应 JSON 可解析" time="0.969" classname="0288GetTireLabels"/>
  </testsuite>
  <testsuite name="02 - 登录后全量只读接口 (88) / GET /tire-labels/{id}/document" id="3d0846b7-e4a6-4748-8353-18595c7a5a24" timestamp="2026-07-17T15:56:06.150Z" tests="5" failures="0" errors="0" time="1.263">
    <testcase name="登录态未被拒绝" time="1.263" classname="0288GetTireLabelsIdDocument"/>
    <testcase name="权限策略已配置" time="1.263" classname="0288GetTireLabelsIdDocument"/>
    <testcase name="服务端无 5xx 异常" time="1.263" classname="0288GetTireLabelsIdDocument"/>
    <testcase name="响应时间小于 5 秒" time="1.263" classname="0288GetTireLabelsIdDocument"/>
    <testcase name="文档下载类型正确" time="1.263" classname="0288GetTireLabelsIdDocument"/>
  </testsuite>
  <testsuite name="02 - 登录后全量只读接口 (88) / GET /tire-labels/{id}/label" id="ddf62c66-9747-4bbc-84c1-1ceb282c0520" timestamp="2026-07-17T15:56:06.150Z" tests="5" failures="0" errors="0" time="1.182">
    <testcase name="登录态未被拒绝" time="1.182" classname="0288GetTireLabelsIdLabel"/>
    <testcase name="权限策略已配置" time="1.182" classname="0288GetTireLabelsIdLabel"/>
    <testcase name="服务端无 5xx 异常" time="1.182" classname="0288GetTireLabelsIdLabel"/>
    <testcase name="响应时间小于 5 秒" time="1.182" classname="0288GetTireLabelsIdLabel"/>
    <testcase name="图片下载类型正确" time="1.182" classname="0288GetTireLabelsIdLabel"/>
  </testsuite>
  <testsuite name="02 - 登录后全量只读接口 (88) / GET /tire-labels/{id}/qrcode" id="670a6a6c-4fe0-4748-bc04-3fa44522f3dd" timestamp="2026-07-17T15:56:06.150Z" tests="5" failures="0" errors="0" time="1.247">
    <testcase name="登录态未被拒绝" time="1.247" classname="0288GetTireLabelsIdQrcode"/>
    <testcase name="权限策略已配置" time="1.247" classname="0288GetTireLabelsIdQrcode"/>
    <testcase name="服务端无 5xx 异常" time="1.247" classname="0288GetTireLabelsIdQrcode"/>
    <testcase name="响应时间小于 5 秒" time="1.247" classname="0288GetTireLabelsIdQrcode"/>
    <testcase name="图片下载类型正确" time="1.247" classname="0288GetTireLabelsIdQrcode"/>
  </testsuite>
  <testsuite name="02 - 登录后全量只读接口 (88) / GET /tire-labels/generate-options" id="5d4cd847-6bd1-458d-8c94-bf1be83ec601" timestamp="2026-07-17T15:56:06.150Z" tests="5" failures="0" errors="0" time="1.368">
    <testcase name="登录态未被拒绝" time="1.368" classname="0288GetTireLabelsGenerateOptions"/>
    <testcase name="权限策略已配置" time="1.368" classname="0288GetTireLabelsGenerateOptions"/>
    <testcase name="服务端无 5xx 异常" time="1.368" classname="0288GetTireLabelsGenerateOptions"/>
    <testcase name="响应时间小于 5 秒" time="1.368" classname="0288GetTireLabelsGenerateOptions"/>
    <testcase name="成功响应 JSON 可解析" time="1.368" classname="0288GetTireLabelsGenerateOptions"/>
  </testsuite>
  <testsuite name="02 - 登录后全量只读接口 (88) / GET /users" id="deb64000-04fe-4444-9937-afd551b955d3" timestamp="2026-07-17T15:56:06.150Z" tests="5" failures="0" errors="0" time="0.992">
    <testcase name="登录态未被拒绝" time="0.992" classname="0288GetUsers"/>
    <testcase name="权限策略已配置" time="0.992" classname="0288GetUsers"/>
    <testcase name="服务端无 5xx 异常" time="0.992" classname="0288GetUsers"/>
    <testcase name="响应时间小于 5 秒" time="0.992" classname="0288GetUsers"/>
    <testcase name="成功响应 JSON 可解析" time="0.992" classname="0288GetUsers"/>
  </testsuite>
  <testsuite name="02 - 登录后全量只读接口 (88) / GET /warehouses" id="83c8eae6-b728-4cf3-8ee6-29f7cfb2b541" timestamp="2026-07-17T15:56:06.150Z" tests="5" failures="0" errors="0" time="0.849">
    <testcase name="登录态未被拒绝" time="0.849" classname="0288GetWarehouses"/>
    <testcase name="权限策略已配置" time="0.849" classname="0288GetWarehouses"/>
    <testcase name="服务端无 5xx 异常" time="0.849" classname="0288GetWarehouses"/>
    <testcase name="响应时间小于 5 秒" time="0.849" classname="0288GetWarehouses"/>
    <testcase name="成功响应 JSON 可解析" time="0.849" classname="0288GetWarehouses"/>
  </testsuite>
  <testsuite name="02 - 登录后全量只读接口 (88) / GET /warehouses/{id}" id="30a1d633-ae7e-42a2-b407-3b75b6599dcf" timestamp="2026-07-17T15:56:06.150Z" tests="4" failures="0" errors="0" time="0.849">
    <testcase name="登录态未被拒绝" time="0.849" classname="0288GetWarehousesId"/>
    <testcase name="权限策略已配置" time="0.849" classname="0288GetWarehousesId"/>
    <testcase name="服务端无 5xx 异常" time="0.849" classname="0288GetWarehousesId"/>
    <testcase name="响应时间小于 5 秒" time="0.849" classname="0288GetWarehousesId"/>
  </testsuite>
  <testsuite name="02 - 登录后全量只读接口 (88) / GET /warehouses/locations" id="0b41ae07-fbdf-497a-941a-1b777b31d6ba" timestamp="2026-07-17T15:56:06.150Z" tests="5" failures="0" errors="0" time="0.857">
    <testcase name="登录态未被拒绝" time="0.857" classname="0288GetWarehousesLocations"/>
    <testcase name="权限策略已配置" time="0.857" classname="0288GetWarehousesLocations"/>
    <testcase name="服务端无 5xx 异常" time="0.857" classname="0288GetWarehousesLocations"/>
    <testcase name="响应时间小于 5 秒" time="0.857" classname="0288GetWarehousesLocations"/>
    <testcase name="成功响应 JSON 可解析" time="0.857" classname="0288GetWarehousesLocations"/>
  </testsuite>
  <testsuite name="02 - 登录后全量只读接口 (88) / GET /warehouses/locations/{id}" id="3f597f00-a4bb-4c53-b81e-917ad8e731f7" timestamp="2026-07-17T15:56:06.150Z" tests="4" failures="0" errors="0" time="0.790">
    <testcase name="登录态未被拒绝" time="0.790" classname="0288GetWarehousesLocationsId"/>
    <testcase name="权限策略已配置" time="0.790" classname="0288GetWarehousesLocationsId"/>
    <testcase name="服务端无 5xx 异常" time="0.790" classname="0288GetWarehousesLocationsId"/>
    <testcase name="响应时间小于 5 秒" time="0.790" classname="0288GetWarehousesLocationsId"/>
  </testsuite>
  <testsuite name="02 - 登录后全量只读接口 (88) / GET /work-orders" id="97b528bd-31cd-4b62-b2ba-325e9e38c709" timestamp="2026-07-17T15:56:06.150Z" tests="5" failures="0" errors="0" time="0.942">
    <testcase name="登录态未被拒绝" time="0.942" classname="0288GetWorkOrders"/>
    <testcase name="权限策略已配置" time="0.942" classname="0288GetWorkOrders"/>
    <testcase name="服务端无 5xx 异常" time="0.942" classname="0288GetWorkOrders"/>
    <testcase name="响应时间小于 5 秒" time="0.942" classname="0288GetWorkOrders"/>
    <testcase name="成功响应 JSON 可解析" time="0.942" classname="0288GetWorkOrders"/>
  </testsuite>
  <testsuite name="02 - 登录后全量只读接口 (88) / GET /work-orders/{id}" id="8d7b4527-638c-4ee2-a312-9654818562ff" timestamp="2026-07-17T15:56:06.150Z" tests="5" failures="0" errors="0" time="0.943">
    <testcase name="登录态未被拒绝" time="0.943" classname="0288GetWorkOrdersId"/>
    <testcase name="权限策略已配置" time="0.943" classname="0288GetWorkOrdersId"/>
    <testcase name="服务端无 5xx 异常" time="0.943" classname="0288GetWorkOrdersId"/>
    <testcase name="响应时间小于 5 秒" time="0.943" classname="0288GetWorkOrdersId"/>
    <testcase name="成功响应 JSON 可解析" time="0.943" classname="0288GetWorkOrdersId"/>
  </testsuite>
  <testsuite name="02 - 登录后全量只读接口 (88) / GET /work-orders/{id}/logs" id="412cb217-74d0-4ee7-a475-88206a5a9a52" timestamp="2026-07-17T15:56:06.150Z" tests="5" failures="0" errors="0" time="1.273">
    <testcase name="登录态未被拒绝" time="1.273" classname="0288GetWorkOrdersIdLogs"/>
    <testcase name="权限策略已配置" time="1.273" classname="0288GetWorkOrdersIdLogs"/>
    <testcase name="服务端无 5xx 异常" time="1.273" classname="0288GetWorkOrdersIdLogs"/>
    <testcase name="响应时间小于 5 秒" time="1.273" classname="0288GetWorkOrdersIdLogs"/>
    <testcase name="成功响应 JSON 可解析" time="1.273" classname="0288GetWorkOrdersIdLogs"/>
  </testsuite>
  <testsuite name="02 - 登录后全量只读接口 (88) / GET /work-orders/logs" id="35c5347d-edd8-4c11-a34a-e2a3862dfea0" timestamp="2026-07-17T15:56:06.150Z" tests="5" failures="0" errors="0" time="0.834">
    <testcase name="登录态未被拒绝" time="0.834" classname="0288GetWorkOrdersLogs"/>
    <testcase name="权限策略已配置" time="0.834" classname="0288GetWorkOrdersLogs"/>
    <testcase name="服务端无 5xx 异常" time="0.834" classname="0288GetWorkOrdersLogs"/>
    <testcase name="响应时间小于 5 秒" time="0.834" classname="0288GetWorkOrdersLogs"/>
    <testcase name="成功响应 JSON 可解析" time="0.834" classname="0288GetWorkOrdersLogs"/>
  </testsuite>
  <testsuite name="02 - 登录后全量只读接口 (88) / GET /work-orders/operators" id="4e606f2e-adad-460a-abf9-d8a9d7511fbf" timestamp="2026-07-17T15:56:06.150Z" tests="5" failures="0" errors="0" time="0.903">
    <testcase name="登录态未被拒绝" time="0.903" classname="0288GetWorkOrdersOperators"/>
    <testcase name="权限策略已配置" time="0.903" classname="0288GetWorkOrdersOperators"/>
    <testcase name="服务端无 5xx 异常" time="0.903" classname="0288GetWorkOrdersOperators"/>
    <testcase name="响应时间小于 5 秒" time="0.903" classname="0288GetWorkOrdersOperators"/>
    <testcase name="成功响应 JSON 可解析" time="0.903" classname="0288GetWorkOrdersOperators"/>
  </testsuite>
  <testsuite name="02 - 登录后全量只读接口 (88) / GET /work-reports" id="9104e623-169e-473b-81da-5552c5aac027" timestamp="2026-07-17T15:56:06.150Z" tests="5" failures="0" errors="0" time="0.915">
    <testcase name="登录态未被拒绝" time="0.915" classname="0288GetWorkReports"/>
    <testcase name="权限策略已配置" time="0.915" classname="0288GetWorkReports"/>
    <testcase name="服务端无 5xx 异常" time="0.915" classname="0288GetWorkReports"/>
    <testcase name="响应时间小于 5 秒" time="0.915" classname="0288GetWorkReports"/>
    <testcase name="成功响应 JSON 可解析" time="0.915" classname="0288GetWorkReports"/>
  </testsuite>
  <testsuite name="02 - 登录后全量只读接口 (88) / GET /work-reports/{id}" id="8b24d71c-bc7b-4b40-bf50-5799b5c03fb6" timestamp="2026-07-17T15:56:06.150Z" tests="5" failures="0" errors="0" time="0.914">
    <testcase name="登录态未被拒绝" time="0.914" classname="0288GetWorkReportsId"/>
    <testcase name="权限策略已配置" time="0.914" classname="0288GetWorkReportsId"/>
    <testcase name="服务端无 5xx 异常" time="0.914" classname="0288GetWorkReportsId"/>
    <testcase name="响应时间小于 5 秒" time="0.914" classname="0288GetWorkReportsId"/>
    <testcase name="成功响应 JSON 可解析" time="0.914" classname="0288GetWorkReportsId"/>
  </testsuite>
  <testsuite name="02 - 登录后全量只读接口 (88) / GET /work-reports/by-work-order/{workOrderId}" id="bf0355a3-2a70-41ef-8eb5-121c72297d88" timestamp="2026-07-17T15:56:06.150Z" tests="5" failures="0" errors="0" time="1.004">
    <testcase name="登录态未被拒绝" time="1.004" classname="0288GetWorkReportsByWorkOrderWorkOrderId"/>
    <testcase name="权限策略已配置" time="1.004" classname="0288GetWorkReportsByWorkOrderWorkOrderId"/>
    <testcase name="服务端无 5xx 异常" time="1.004" classname="0288GetWorkReportsByWorkOrderWorkOrderId"/>
    <testcase name="响应时间小于 5 秒" time="1.004" classname="0288GetWorkReportsByWorkOrderWorkOrderId"/>
    <testcase name="成功响应 JSON 可解析" time="1.004" classname="0288GetWorkReportsByWorkOrderWorkOrderId"/>
  </testsuite>
  <testsuite name="03 - 公开接口与异常场景 / 错误密码登录" id="ce887c9e-333b-478b-aa5c-4a807cbd4b4b" timestamp="2026-07-17T15:56:06.150Z" tests="2" failures="0" errors="0" time="0.544">
    <testcase name="错误密码被拒绝" time="0.544" classname="03"/>
    <testcase name="错误信息不泄露密码" time="0.544" classname="03"/>
  </testsuite>
  <testsuite name="03 - 公开接口与异常场景 / 不存在的公开追溯码" id="ab7572d2-ba01-49e5-a44e-45628dd72fa1" timestamp="2026-07-17T15:56:06.150Z" tests="2" failures="0" errors="0" time="0.344">
    <testcase name="公开接口无需登录" time="0.344" classname="03"/>
    <testcase name="不存在追溯码返回 404" time="0.344" classname="03"/>
  </testsuite>
  <testsuite name="99 - 清理会话 / 退出登录" id="4285d07f-66c7-43ce-8c2b-b3ceadf0b3eb" timestamp="2026-07-17T15:56:06.150Z" tests="1" failures="0" errors="0" time="1.004">
    <testcase name="退出登录成功" time="1.004" classname="99"/>
  </testsuite>
</testsuites>