<?xml version="1.0" encoding="UTF-8"?>
<testsuites name="双星轮胎 MES - 全量接口测试" tests="266" time="88.412">
  <testsuite name="00 - 基础与认证 / 数据库健康检查 - 未登录应拦截" id="475ad6f9-a5ac-4202-b1a7-3d4104251b52" timestamp="2026-07-17T10:28:40.258Z" tests="1" failures="0" errors="0" time="0.061">
    <testcase name="健康接口受认证保护" time="0.061" classname="00"/>
  </testsuite>
  <testsuite name="00 - 基础与认证 / 系统管理员登录（最小权限校验）" id="2feceb78-087e-4520-8b76-3d3f2cce42df" timestamp="2026-07-17T10:28:40.258Z" tests="1" failures="0" errors="0" time="0.996">
    <testcase name="系统管理员登录成功" time="0.996" classname="00"/>
  </testsuite>
  <testsuite name="00 - 基础与认证 / 系统管理员不能读取生产工单" id="e7e6fb74-0ff4-4b78-8d15-3199f8e1cde9" timestamp="2026-07-17T10:28:40.258Z" tests="2" failures="0" errors="0" time="0.553">
    <testcase name="最小权限边界生效" time="0.553" classname="00"/>
    <testcase name="返回明确权限提示" time="0.553" classname="00"/>
  </testsuite>
  <testsuite name="00 - 基础与认证 / 超级管理员登录" id="b0b766be-cc5e-4c61-86ba-1c91878c539e" timestamp="2026-07-17T10:28:40.258Z" tests="2" failures="0" errors="0" time="0.838">
    <testcase name="登录成功" time="0.838" classname="00"/>
    <testcase name="登录响应为成功 JSON" time="0.838" classname="00"/>
  </testsuite>
  <testsuite name="00 - 基础与认证 / 当前用户" id="d767bc8c-d336-4a7d-ac92-21b44b0f2a86" timestamp="2026-07-17T10:28:40.258Z" tests="2" failures="0" errors="0" time="0.552">
    <testcase name="当前用户查询成功" time="0.552" classname="00"/>
    <testcase name="返回超级管理员身份" time="0.552" classname="00"/>
  </testsuite>
  <testsuite name="01 - 全接口未登录安全边界 (170) / GET /access/account-applications" id="794a0d60-29ca-441f-bf45-5978acc67ae4" timestamp="2026-07-17T10:28:40.258Z" tests="3" failures="0" errors="0" time="0.002">
    <testcase name="未登录请求返回 401" time="0.002" classname="01170GetAccessAccountApplications"/>
    <testcase name="错误响应为 JSON" time="0.002" classname="01170GetAccessAccountApplications"/>
    <testcase name="响应时间小于 2 秒" time="0.002" classname="01170GetAccessAccountApplications"/>
  </testsuite>
  <testsuite name="01 - 全接口未登录安全边界 (170) / GET /access/permission-applications" id="dc293d8f-1a3d-41e2-9b50-d6056a129ac8" timestamp="2026-07-17T10:28:40.258Z" tests="3" failures="0" errors="0" time="0.003">
    <testcase name="未登录请求返回 401" time="0.003" classname="01170GetAccessPermissionApplications"/>
    <testcase name="错误响应为 JSON" time="0.003" classname="01170GetAccessPermissionApplications"/>
    <testcase name="响应时间小于 2 秒" time="0.003" classname="01170GetAccessPermissionApplications"/>
  </testsuite>
  <testsuite name="01 - 全接口未登录安全边界 (170) / GET /access/permissions" id="225e9d6e-262a-4ba7-b36d-2d5da7f5a86e" timestamp="2026-07-17T10:28:40.258Z" tests="3" failures="0" errors="0" time="0.003">
    <testcase name="未登录请求返回 401" time="0.003" classname="01170GetAccessPermissions"/>
    <testcase name="错误响应为 JSON" time="0.003" classname="01170GetAccessPermissions"/>
    <testcase name="响应时间小于 2 秒" time="0.003" classname="01170GetAccessPermissions"/>
  </testsuite>
  <testsuite name="01 - 全接口未登录安全边界 (170) / GET /access/roles" id="ca4bf4d4-dff1-4d85-acfa-a9f335cc010d" timestamp="2026-07-17T10:28:40.258Z" tests="3" failures="0" errors="0" time="0.003">
    <testcase name="未登录请求返回 401" time="0.003" classname="01170GetAccessRoles"/>
    <testcase name="错误响应为 JSON" time="0.003" classname="01170GetAccessRoles"/>
    <testcase name="响应时间小于 2 秒" time="0.003" classname="01170GetAccessRoles"/>
  </testsuite>
  <testsuite name="01 - 全接口未登录安全边界 (170) / GET /access/system-maintenance" id="5175ef4a-4a17-423e-b975-c54faa915141" timestamp="2026-07-17T10:28:40.258Z" tests="3" failures="0" errors="0" time="0.004">
    <testcase name="未登录请求返回 401" time="0.004" classname="01170GetAccessSystemMaintenance"/>
    <testcase name="错误响应为 JSON" time="0.004" classname="01170GetAccessSystemMaintenance"/>
    <testcase name="响应时间小于 2 秒" time="0.004" classname="01170GetAccessSystemMaintenance"/>
  </testsuite>
  <testsuite name="01 - 全接口未登录安全边界 (170) / GET /access/users/{userId}/data-scopes" id="fff0814e-e55d-4747-b52c-366a393e252c" timestamp="2026-07-17T10:28:40.258Z" tests="3" failures="0" errors="0" time="0.002">
    <testcase name="未登录请求返回 401" time="0.002" classname="01170GetAccessUsersUserIdDataScopes"/>
    <testcase name="错误响应为 JSON" time="0.002" classname="01170GetAccessUsersUserIdDataScopes"/>
    <testcase name="响应时间小于 2 秒" time="0.002" classname="01170GetAccessUsersUserIdDataScopes"/>
  </testsuite>
  <testsuite name="01 - 全接口未登录安全边界 (170) / PUT /access/users/{userId}/data-scopes" id="fa49c8dc-d986-4142-b4d1-89cd49af2f60" timestamp="2026-07-17T10:28:40.258Z" tests="3" failures="0" errors="0" time="0.002">
    <testcase name="未登录请求返回 401" time="0.002" classname="01170PutAccessUsersUserIdDataScopes"/>
    <testcase name="错误响应为 JSON" time="0.002" classname="01170PutAccessUsersUserIdDataScopes"/>
    <testcase name="响应时间小于 2 秒" time="0.002" classname="01170PutAccessUsersUserIdDataScopes"/>
  </testsuite>
  <testsuite name="01 - 全接口未登录安全边界 (170) / GET /access/users/{userId}/roles" id="a1953449-eec5-4aca-90e9-17f2d3e6aa8b" timestamp="2026-07-17T10:28:40.258Z" tests="3" failures="0" errors="0" time="0.003">
    <testcase name="未登录请求返回 401" time="0.003" classname="01170GetAccessUsersUserIdRoles"/>
    <testcase name="错误响应为 JSON" time="0.003" classname="01170GetAccessUsersUserIdRoles"/>
    <testcase name="响应时间小于 2 秒" time="0.003" classname="01170GetAccessUsersUserIdRoles"/>
  </testsuite>
  <testsuite name="01 - 全接口未登录安全边界 (170) / PUT /access/users/{userId}/roles" id="b20cf084-8f85-40d5-9209-d70524f2575f" timestamp="2026-07-17T10:28:40.258Z" tests="3" failures="0" errors="0" time="0.002">
    <testcase name="未登录请求返回 401" time="0.002" classname="01170PutAccessUsersUserIdRoles"/>
    <testcase name="错误响应为 JSON" time="0.002" classname="01170PutAccessUsersUserIdRoles"/>
    <testcase name="响应时间小于 2 秒" time="0.002" classname="01170PutAccessUsersUserIdRoles"/>
  </testsuite>
  <testsuite name="01 - 全接口未登录安全边界 (170) / POST /ai/planning/advice" id="102daf32-466d-42e8-a64e-66701d210b7b" timestamp="2026-07-17T10:28:40.258Z" tests="3" failures="0" errors="0" time="0.012">
    <testcase name="未登录请求返回 401" time="0.012" classname="01170PostAiPlanningAdvice"/>
    <testcase name="错误响应为 JSON" time="0.012" classname="01170PostAiPlanningAdvice"/>
    <testcase name="响应时间小于 2 秒" time="0.012" classname="01170PostAiPlanningAdvice"/>
  </testsuite>
  <testsuite name="01 - 全接口未登录安全边界 (170) / POST /auth/logout" id="f7183b46-4fda-49da-affa-b56265c644ce" timestamp="2026-07-17T10:28:40.258Z" tests="3" failures="0" errors="0" time="0.002">
    <testcase name="未登录请求返回 401" time="0.002" classname="01170PostAuthLogout"/>
    <testcase name="错误响应为 JSON" time="0.002" classname="01170PostAuthLogout"/>
    <testcase name="响应时间小于 2 秒" time="0.002" classname="01170PostAuthLogout"/>
  </testsuite>
  <testsuite name="01 - 全接口未登录安全边界 (170) / GET /auth/me" id="ca6275dc-2c58-4d2e-984a-45fb8801c119" timestamp="2026-07-17T10:28:40.258Z" tests="3" failures="0" errors="0" time="0.012">
    <testcase name="未登录请求返回 401" time="0.012" classname="01170GetAuthMe"/>
    <testcase name="错误响应为 JSON" time="0.012" classname="01170GetAuthMe"/>
    <testcase name="响应时间小于 2 秒" time="0.012" classname="01170GetAuthMe"/>
  </testsuite>
  <testsuite name="01 - 全接口未登录安全边界 (170) / GET /orders" id="b424dc6d-e847-4ba8-8c8d-c126a8bc6845" timestamp="2026-07-17T10:28:40.258Z" tests="3" failures="0" errors="0" time="0.002">
    <testcase name="未登录请求返回 401" time="0.002" classname="01170GetOrders"/>
    <testcase name="错误响应为 JSON" time="0.002" classname="01170GetOrders"/>
    <testcase name="响应时间小于 2 秒" time="0.002" classname="01170GetOrders"/>
  </testsuite>
  <testsuite name="01 - 全接口未登录安全边界 (170) / POST /orders" id="0a84023e-8e5d-4114-a160-190688622a58" timestamp="2026-07-17T10:28:40.258Z" tests="3" failures="0" errors="0" time="0.002">
    <testcase name="未登录请求返回 401" time="0.002" classname="01170PostOrders"/>
    <testcase name="错误响应为 JSON" time="0.002" classname="01170PostOrders"/>
    <testcase name="响应时间小于 2 秒" time="0.002" classname="01170PostOrders"/>
  </testsuite>
  <testsuite name="01 - 全接口未登录安全边界 (170) / GET /orders/{id}" id="d508459e-1598-4b1c-a216-6a277dfdf7e0" timestamp="2026-07-17T10:28:40.258Z" tests="3" failures="0" errors="0" time="0.002">
    <testcase name="未登录请求返回 401" time="0.002" classname="01170GetOrdersId"/>
    <testcase name="错误响应为 JSON" time="0.002" classname="01170GetOrdersId"/>
    <testcase name="响应时间小于 2 秒" time="0.002" classname="01170GetOrdersId"/>
  </testsuite>
  <testsuite name="01 - 全接口未登录安全边界 (170) / GET /dashboard/executive" id="ae85fe24-6e45-4618-9d43-8ee335ea2b7c" timestamp="2026-07-17T10:28:40.258Z" tests="3" failures="0" errors="0" time="0.002">
    <testcase name="未登录请求返回 401" time="0.002" classname="01170GetDashboardExecutive"/>
    <testcase name="错误响应为 JSON" time="0.002" classname="01170GetDashboardExecutive"/>
    <testcase name="响应时间小于 2 秒" time="0.002" classname="01170GetDashboardExecutive"/>
  </testsuite>
  <testsuite name="01 - 全接口未登录安全边界 (170) / GET /dashboard/my-summary" id="49e18fe1-4e99-4b49-8ef3-931bf2d3ee7c" timestamp="2026-07-17T10:28:40.258Z" tests="3" failures="0" errors="0" time="0.002">
    <testcase name="未登录请求返回 401" time="0.002" classname="01170GetDashboardMySummary"/>
    <testcase name="错误响应为 JSON" time="0.002" classname="01170GetDashboardMySummary"/>
    <testcase name="响应时间小于 2 秒" time="0.002" classname="01170GetDashboardMySummary"/>
  </testsuite>
  <testsuite name="01 - 全接口未登录安全边界 (170) / GET /db/ping" id="4c90bdf7-9a1f-4a24-a142-29269b096931" timestamp="2026-07-17T10:28:40.258Z" tests="3" failures="0" errors="0" time="0.002">
    <testcase name="未登录请求返回 401" time="0.002" classname="01170GetDbPing"/>
    <testcase name="错误响应为 JSON" time="0.002" classname="01170GetDbPing"/>
    <testcase name="响应时间小于 2 秒" time="0.002" classname="01170GetDbPing"/>
  </testsuite>
  <testsuite name="01 - 全接口未登录安全边界 (170) / GET /equipment-repair-reports" id="78b45384-913f-4ebd-b575-05fb47b99a9f" timestamp="2026-07-17T10:28:40.258Z" tests="3" failures="0" errors="0" time="0.002">
    <testcase name="未登录请求返回 401" time="0.002" classname="01170GetEquipmentRepairReports"/>
    <testcase name="错误响应为 JSON" time="0.002" classname="01170GetEquipmentRepairReports"/>
    <testcase name="响应时间小于 2 秒" time="0.002" classname="01170GetEquipmentRepairReports"/>
  </testsuite>
  <testsuite name="01 - 全接口未登录安全边界 (170) / POST /equipment-repair-reports" id="61e4d2a0-36fa-4162-8296-b9546953a2b1" timestamp="2026-07-17T10:28:40.258Z" tests="3" failures="0" errors="0" time="0.002">
    <testcase name="未登录请求返回 401" time="0.002" classname="01170PostEquipmentRepairReports"/>
    <testcase name="错误响应为 JSON" time="0.002" classname="01170PostEquipmentRepairReports"/>
    <testcase name="响应时间小于 2 秒" time="0.002" classname="01170PostEquipmentRepairReports"/>
  </testsuite>
  <testsuite name="01 - 全接口未登录安全边界 (170) / POST /equipment-repair-reports/{id}/approve" id="f2086769-10b6-444f-913a-76cb4f6da526" timestamp="2026-07-17T10:28:40.258Z" tests="3" failures="0" errors="0" time="0.002">
    <testcase name="未登录请求返回 401" time="0.002" classname="01170PostEquipmentRepairReportsIdApprove"/>
    <testcase name="错误响应为 JSON" time="0.002" classname="01170PostEquipmentRepairReportsIdApprove"/>
    <testcase name="响应时间小于 2 秒" time="0.002" classname="01170PostEquipmentRepairReportsIdApprove"/>
  </testsuite>
  <testsuite name="01 - 全接口未登录安全边界 (170) / POST /equipment-repair-reports/{id}/to-maintenance-order" id="48c898bb-683d-47b6-a8e3-28faf132ffde" timestamp="2026-07-17T10:28:40.258Z" tests="3" failures="0" errors="0" time="0.002">
    <testcase name="未登录请求返回 401" time="0.002" classname="01170PostEquipmentRepairReportsIdToMaintenanceOrder"/>
    <testcase name="错误响应为 JSON" time="0.002" classname="01170PostEquipmentRepairReportsIdToMaintenanceOrder"/>
    <testcase name="响应时间小于 2 秒" time="0.002" classname="01170PostEquipmentRepairReportsIdToMaintenanceOrder"/>
  </testsuite>
  <testsuite name="01 - 全接口未登录安全边界 (170) / GET /equipment" id="e8fe34a8-1907-4087-9777-8d7345166b15" timestamp="2026-07-17T10:28:40.258Z" tests="3" failures="0" errors="0" time="0.002">
    <testcase name="未登录请求返回 401" time="0.002" classname="01170GetEquipment"/>
    <testcase name="错误响应为 JSON" time="0.002" classname="01170GetEquipment"/>
    <testcase name="响应时间小于 2 秒" time="0.002" classname="01170GetEquipment"/>
  </testsuite>
  <testsuite name="01 - 全接口未登录安全边界 (170) / POST /equipment" id="49113cb7-176c-47b5-bf9d-d071ec2bb8ea" timestamp="2026-07-17T10:28:40.258Z" tests="3" failures="0" errors="0" time="0.002">
    <testcase name="未登录请求返回 401" time="0.002" classname="01170PostEquipment"/>
    <testcase name="错误响应为 JSON" time="0.002" classname="01170PostEquipment"/>
    <testcase name="响应时间小于 2 秒" time="0.002" classname="01170PostEquipment"/>
  </testsuite>
  <testsuite name="01 - 全接口未登录安全边界 (170) / GET /equipment/{id}" id="3d663089-33bd-4b4b-8821-60b505b23da6" timestamp="2026-07-17T10:28:40.258Z" tests="3" failures="0" errors="0" time="0.002">
    <testcase name="未登录请求返回 401" time="0.002" classname="01170GetEquipmentId"/>
    <testcase name="错误响应为 JSON" time="0.002" classname="01170GetEquipmentId"/>
    <testcase name="响应时间小于 2 秒" time="0.002" classname="01170GetEquipmentId"/>
  </testsuite>
  <testsuite name="01 - 全接口未登录安全边界 (170) / PUT /equipment/{id}/status" id="5d021d4b-cb0f-4e00-9007-68ca4083534e" timestamp="2026-07-17T10:28:40.258Z" tests="3" failures="0" errors="0" time="0.003">
    <testcase name="未登录请求返回 401" time="0.003" classname="01170PutEquipmentIdStatus"/>
    <testcase name="错误响应为 JSON" time="0.003" classname="01170PutEquipmentIdStatus"/>
    <testcase name="响应时间小于 2 秒" time="0.003" classname="01170PutEquipmentIdStatus"/>
  </testsuite>
  <testsuite name="01 - 全接口未登录安全边界 (170) / GET /equipment/by-line/{lineId}" id="337751bb-be3b-4883-bb55-95fb418db5fe" timestamp="2026-07-17T10:28:40.258Z" tests="3" failures="0" errors="0" time="0.002">
    <testcase name="未登录请求返回 401" time="0.002" classname="01170GetEquipmentByLineLineId"/>
    <testcase name="错误响应为 JSON" time="0.002" classname="01170GetEquipmentByLineLineId"/>
    <testcase name="响应时间小于 2 秒" time="0.002" classname="01170GetEquipmentByLineLineId"/>
  </testsuite>
  <testsuite name="01 - 全接口未登录安全边界 (170) / GET /inventory" id="5f52fc52-be64-4e13-b691-d23aadc27a45" timestamp="2026-07-17T10:28:40.258Z" tests="3" failures="0" errors="0" time="0.002">
    <testcase name="未登录请求返回 401" time="0.002" classname="01170GetInventory"/>
    <testcase name="错误响应为 JSON" time="0.002" classname="01170GetInventory"/>
    <testcase name="响应时间小于 2 秒" time="0.002" classname="01170GetInventory"/>
  </testsuite>
  <testsuite name="01 - 全接口未登录安全边界 (170) / POST /inventory" id="1636bb13-0053-4ecf-8b77-2f84b0c250c1" timestamp="2026-07-17T10:28:40.258Z" tests="3" failures="0" errors="0" time="0.002">
    <testcase name="未登录请求返回 401" time="0.002" classname="01170PostInventory"/>
    <testcase name="错误响应为 JSON" time="0.002" classname="01170PostInventory"/>
    <testcase name="响应时间小于 2 秒" time="0.002" classname="01170PostInventory"/>
  </testsuite>
  <testsuite name="01 - 全接口未登录安全边界 (170) / DELETE /inventory/{id}" id="f3210ca1-d17e-4886-8e7a-5ab6a10bc427" timestamp="2026-07-17T10:28:40.258Z" tests="3" failures="0" errors="0" time="0.002">
    <testcase name="未登录请求返回 401" time="0.002" classname="01170DeleteInventoryId"/>
    <testcase name="错误响应为 JSON" time="0.002" classname="01170DeleteInventoryId"/>
    <testcase name="响应时间小于 2 秒" time="0.002" classname="01170DeleteInventoryId"/>
  </testsuite>
  <testsuite name="01 - 全接口未登录安全边界 (170) / GET /inventory/{id}" id="59dfc3ef-8de0-436b-8ac5-c8aba9ed1b7c" timestamp="2026-07-17T10:28:40.258Z" tests="3" failures="0" errors="0" time="0.002">
    <testcase name="未登录请求返回 401" time="0.002" classname="01170GetInventoryId"/>
    <testcase name="错误响应为 JSON" time="0.002" classname="01170GetInventoryId"/>
    <testcase name="响应时间小于 2 秒" time="0.002" classname="01170GetInventoryId"/>
  </testsuite>
  <testsuite name="01 - 全接口未登录安全边界 (170) / PUT /inventory/{id}" id="0985e634-d92a-4df0-ae13-23b9089752da" timestamp="2026-07-17T10:28:40.258Z" tests="3" failures="0" errors="0" time="0.002">
    <testcase name="未登录请求返回 401" time="0.002" classname="01170PutInventoryId"/>
    <testcase name="错误响应为 JSON" time="0.002" classname="01170PutInventoryId"/>
    <testcase name="响应时间小于 2 秒" time="0.002" classname="01170PutInventoryId"/>
  </testsuite>
  <testsuite name="01 - 全接口未登录安全边界 (170) / POST /inventory/external-purchase" id="e932b0e6-baf7-42cb-ab52-2983425782d0" timestamp="2026-07-17T10:28:40.258Z" tests="3" failures="0" errors="0" time="0.002">
    <testcase name="未登录请求返回 401" time="0.002" classname="01170PostInventoryExternalPurchase"/>
    <testcase name="错误响应为 JSON" time="0.002" classname="01170PostInventoryExternalPurchase"/>
    <testcase name="响应时间小于 2 秒" time="0.002" classname="01170PostInventoryExternalPurchase"/>
  </testsuite>
  <testsuite name="01 - 全接口未登录安全边界 (170) / GET /inventory/material/{materialId}" id="2c22b19c-8333-4be6-9865-211215198efb" timestamp="2026-07-17T10:28:40.258Z" tests="3" failures="0" errors="0" time="0.002">
    <testcase name="未登录请求返回 401" time="0.002" classname="01170GetInventoryMaterialMaterialId"/>
    <testcase name="错误响应为 JSON" time="0.002" classname="01170GetInventoryMaterialMaterialId"/>
    <testcase name="响应时间小于 2 秒" time="0.002" classname="01170GetInventoryMaterialMaterialId"/>
  </testsuite>
  <testsuite name="01 - 全接口未登录安全边界 (170) / GET /inventory/transactions" id="44fc8b58-f558-401a-9bd9-b5bc3857af95" timestamp="2026-07-17T10:28:40.258Z" tests="3" failures="0" errors="0" time="0.007">
    <testcase name="未登录请求返回 401" time="0.007" classname="01170GetInventoryTransactions"/>
    <testcase name="错误响应为 JSON" time="0.007" classname="01170GetInventoryTransactions"/>
    <testcase name="响应时间小于 2 秒" time="0.007" classname="01170GetInventoryTransactions"/>
  </testsuite>
  <testsuite name="01 - 全接口未登录安全边界 (170) / POST /inventory/transactions" id="7f0f2d2f-36ed-4d34-a3de-f49c95231390" timestamp="2026-07-17T10:28:40.258Z" tests="3" failures="0" errors="0" time="0.002">
    <testcase name="未登录请求返回 401" time="0.002" classname="01170PostInventoryTransactions"/>
    <testcase name="错误响应为 JSON" time="0.002" classname="01170PostInventoryTransactions"/>
    <testcase name="响应时间小于 2 秒" time="0.002" classname="01170PostInventoryTransactions"/>
  </testsuite>
  <testsuite name="01 - 全接口未登录安全边界 (170) / GET /inventory/transactions/{id}" id="9b734d2f-cd6b-4fbe-aba5-4202d1656a97" timestamp="2026-07-17T10:28:40.258Z" tests="3" failures="0" errors="0" time="0.002">
    <testcase name="未登录请求返回 401" time="0.002" classname="01170GetInventoryTransactionsId"/>
    <testcase name="错误响应为 JSON" time="0.002" classname="01170GetInventoryTransactionsId"/>
    <testcase name="响应时间小于 2 秒" time="0.002" classname="01170GetInventoryTransactionsId"/>
  </testsuite>
  <testsuite name="01 - 全接口未登录安全边界 (170) / GET /maintenance-orders" id="478be315-c2d5-4f0e-879b-14ad9e6b257c" timestamp="2026-07-17T10:28:40.258Z" tests="3" failures="0" errors="0" time="0.002">
    <testcase name="未登录请求返回 401" time="0.002" classname="01170GetMaintenanceOrders"/>
    <testcase name="错误响应为 JSON" time="0.002" classname="01170GetMaintenanceOrders"/>
    <testcase name="响应时间小于 2 秒" time="0.002" classname="01170GetMaintenanceOrders"/>
  </testsuite>
  <testsuite name="01 - 全接口未登录安全边界 (170) / POST /maintenance-orders/{id}/accept" id="6cc99c4f-eec3-457d-a371-0587f8d25197" timestamp="2026-07-17T10:28:40.258Z" tests="3" failures="0" errors="0" time="0.002">
    <testcase name="未登录请求返回 401" time="0.002" classname="01170PostMaintenanceOrdersIdAccept"/>
    <testcase name="错误响应为 JSON" time="0.002" classname="01170PostMaintenanceOrdersIdAccept"/>
    <testcase name="响应时间小于 2 秒" time="0.002" classname="01170PostMaintenanceOrdersIdAccept"/>
  </testsuite>
  <testsuite name="01 - 全接口未登录安全边界 (170) / POST /maintenance-orders/{id}/assign" id="6b07146c-5049-4731-bf25-13fe4291ca57" timestamp="2026-07-17T10:28:40.258Z" tests="3" failures="0" errors="0" time="0.003">
    <testcase name="未登录请求返回 401" time="0.003" classname="01170PostMaintenanceOrdersIdAssign"/>
    <testcase name="错误响应为 JSON" time="0.003" classname="01170PostMaintenanceOrdersIdAssign"/>
    <testcase name="响应时间小于 2 秒" time="0.003" classname="01170PostMaintenanceOrdersIdAssign"/>
  </testsuite>
  <testsuite name="01 - 全接口未登录安全边界 (170) / POST /maintenance-orders/{id}/finish" id="2bbf459b-fd7a-49e2-85ec-15789118d396" timestamp="2026-07-17T10:28:40.258Z" tests="3" failures="0" errors="0" time="0.001">
    <testcase name="未登录请求返回 401" time="0.001" classname="01170PostMaintenanceOrdersIdFinish"/>
    <testcase name="错误响应为 JSON" time="0.001" classname="01170PostMaintenanceOrdersIdFinish"/>
    <testcase name="响应时间小于 2 秒" time="0.001" classname="01170PostMaintenanceOrdersIdFinish"/>
  </testsuite>
  <testsuite name="01 - 全接口未登录安全边界 (170) / GET /maintenance-orders/maintainers" id="dd1d8378-a215-4136-9eac-80ddf0dacd01" timestamp="2026-07-17T10:28:40.258Z" tests="3" failures="0" errors="0" time="0.002">
    <testcase name="未登录请求返回 401" time="0.002" classname="01170GetMaintenanceOrdersMaintainers"/>
    <testcase name="错误响应为 JSON" time="0.002" classname="01170GetMaintenanceOrdersMaintainers"/>
    <testcase name="响应时间小于 2 秒" time="0.002" classname="01170GetMaintenanceOrdersMaintainers"/>
  </testsuite>
  <testsuite name="01 - 全接口未登录安全边界 (170) / GET /maintenance-plans" id="b2ddb349-87de-48cb-b489-d908276027b6" timestamp="2026-07-17T10:28:40.258Z" tests="3" failures="0" errors="0" time="0.002">
    <testcase name="未登录请求返回 401" time="0.002" classname="01170GetMaintenancePlans"/>
    <testcase name="错误响应为 JSON" time="0.002" classname="01170GetMaintenancePlans"/>
    <testcase name="响应时间小于 2 秒" time="0.002" classname="01170GetMaintenancePlans"/>
  </testsuite>
  <testsuite name="01 - 全接口未登录安全边界 (170) / POST /maintenance-plans" id="58c2570c-9265-45d0-868e-876071904072" timestamp="2026-07-17T10:28:40.258Z" tests="3" failures="0" errors="0" time="0.002">
    <testcase name="未登录请求返回 401" time="0.002" classname="01170PostMaintenancePlans"/>
    <testcase name="错误响应为 JSON" time="0.002" classname="01170PostMaintenancePlans"/>
    <testcase name="响应时间小于 2 秒" time="0.002" classname="01170PostMaintenancePlans"/>
  </testsuite>
  <testsuite name="01 - 全接口未登录安全边界 (170) / GET /management-feedback" id="29b1912c-85a1-4fd4-b71e-f01e12d4841f" timestamp="2026-07-17T10:28:40.258Z" tests="3" failures="0" errors="0" time="0.002">
    <testcase name="未登录请求返回 401" time="0.002" classname="01170GetManagementFeedback"/>
    <testcase name="错误响应为 JSON" time="0.002" classname="01170GetManagementFeedback"/>
    <testcase name="响应时间小于 2 秒" time="0.002" classname="01170GetManagementFeedback"/>
  </testsuite>
  <testsuite name="01 - 全接口未登录安全边界 (170) / POST /management-feedback" id="a8f0286b-09be-4a47-a304-eaa76c6af1de" timestamp="2026-07-17T10:28:40.258Z" tests="3" failures="0" errors="0" time="0.002">
    <testcase name="未登录请求返回 401" time="0.002" classname="01170PostManagementFeedback"/>
    <testcase name="错误响应为 JSON" time="0.002" classname="01170PostManagementFeedback"/>
    <testcase name="响应时间小于 2 秒" time="0.002" classname="01170PostManagementFeedback"/>
  </testsuite>
  <testsuite name="01 - 全接口未登录安全边界 (170) / GET /management-feedback/{id}" id="28e75434-20e9-4f1d-b746-73c5250eee49" timestamp="2026-07-17T10:28:40.258Z" tests="3" failures="0" errors="0" time="0.003">
    <testcase name="未登录请求返回 401" time="0.003" classname="01170GetManagementFeedbackId"/>
    <testcase name="错误响应为 JSON" time="0.003" classname="01170GetManagementFeedbackId"/>
    <testcase name="响应时间小于 2 秒" time="0.003" classname="01170GetManagementFeedbackId"/>
  </testsuite>
  <testsuite name="01 - 全接口未登录安全边界 (170) / POST /management-feedback/{id}/close" id="13b7494c-6d1c-43e0-b32c-2510e084a62c" timestamp="2026-07-17T10:28:40.258Z" tests="3" failures="0" errors="0" time="0.002">
    <testcase name="未登录请求返回 401" time="0.002" classname="01170PostManagementFeedbackIdClose"/>
    <testcase name="错误响应为 JSON" time="0.002" classname="01170PostManagementFeedbackIdClose"/>
    <testcase name="响应时间小于 2 秒" time="0.002" classname="01170PostManagementFeedbackIdClose"/>
  </testsuite>
  <testsuite name="01 - 全接口未登录安全边界 (170) / GET /management-feedback/create-options" id="5823b205-1edf-45a9-9ad8-92ff4789ef1e" timestamp="2026-07-17T10:28:40.258Z" tests="3" failures="0" errors="0" time="0.002">
    <testcase name="未登录请求返回 401" time="0.002" classname="01170GetManagementFeedbackCreateOptions"/>
    <testcase name="错误响应为 JSON" time="0.002" classname="01170GetManagementFeedbackCreateOptions"/>
    <testcase name="响应时间小于 2 秒" time="0.002" classname="01170GetManagementFeedbackCreateOptions"/>
  </testsuite>
  <testsuite name="01 - 全接口未登录安全边界 (170) / GET /process-routes" id="98ec6ca5-84bf-4f90-8216-8f4fc8f897e6" timestamp="2026-07-17T10:28:40.258Z" tests="3" failures="0" errors="0" time="0.002">
    <testcase name="未登录请求返回 401" time="0.002" classname="01170GetProcessRoutes"/>
    <testcase name="错误响应为 JSON" time="0.002" classname="01170GetProcessRoutes"/>
    <testcase name="响应时间小于 2 秒" time="0.002" classname="01170GetProcessRoutes"/>
  </testsuite>
  <testsuite name="01 - 全接口未登录安全边界 (170) / POST /process-routes" id="fbf89db7-eb51-45ca-996e-3a5c59e2dd88" timestamp="2026-07-17T10:28:40.258Z" tests="3" failures="0" errors="0" time="0.002">
    <testcase name="未登录请求返回 401" time="0.002" classname="01170PostProcessRoutes"/>
    <testcase name="错误响应为 JSON" time="0.002" classname="01170PostProcessRoutes"/>
    <testcase name="响应时间小于 2 秒" time="0.002" classname="01170PostProcessRoutes"/>
  </testsuite>
  <testsuite name="01 - 全接口未登录安全边界 (170) / DELETE /process-routes/{id}" id="fec4446a-8ce0-495b-8a51-f70301715bf4" timestamp="2026-07-17T10:28:40.258Z" tests="3" failures="0" errors="0" time="0.004">
    <testcase name="未登录请求返回 401" time="0.004" classname="01170DeleteProcessRoutesId"/>
    <testcase name="错误响应为 JSON" time="0.004" classname="01170DeleteProcessRoutesId"/>
    <testcase name="响应时间小于 2 秒" time="0.004" classname="01170DeleteProcessRoutesId"/>
  </testsuite>
  <testsuite name="01 - 全接口未登录安全边界 (170) / PUT /process-routes/{id}" id="22047e3a-9763-4685-be37-5263be30267b" timestamp="2026-07-17T10:28:40.258Z" tests="3" failures="0" errors="0" time="0.002">
    <testcase name="未登录请求返回 401" time="0.002" classname="01170PutProcessRoutesId"/>
    <testcase name="错误响应为 JSON" time="0.002" classname="01170PutProcessRoutesId"/>
    <testcase name="响应时间小于 2 秒" time="0.002" classname="01170PutProcessRoutesId"/>
  </testsuite>
  <testsuite name="01 - 全接口未登录安全边界 (170) / GET /product-boms" id="9311614d-0b5d-4826-a721-eed65efb448f" timestamp="2026-07-17T10:28:40.258Z" tests="3" failures="0" errors="0" time="0.012">
    <testcase name="未登录请求返回 401" time="0.012" classname="01170GetProductBoms"/>
    <testcase name="错误响应为 JSON" time="0.012" classname="01170GetProductBoms"/>
    <testcase name="响应时间小于 2 秒" time="0.012" classname="01170GetProductBoms"/>
  </testsuite>
  <testsuite name="01 - 全接口未登录安全边界 (170) / POST /product-boms" id="7aa0cecd-dc1d-455f-a522-f471a6aaea6b" timestamp="2026-07-17T10:28:40.258Z" tests="3" failures="0" errors="0" time="0.002">
    <testcase name="未登录请求返回 401" time="0.002" classname="01170PostProductBoms"/>
    <testcase name="错误响应为 JSON" time="0.002" classname="01170PostProductBoms"/>
    <testcase name="响应时间小于 2 秒" time="0.002" classname="01170PostProductBoms"/>
  </testsuite>
  <testsuite name="01 - 全接口未登录安全边界 (170) / DELETE /product-boms/{id}" id="867f2f52-2a94-4350-8d96-bf7c4cb558ad" timestamp="2026-07-17T10:28:40.258Z" tests="3" failures="0" errors="0" time="0.004">
    <testcase name="未登录请求返回 401" time="0.004" classname="01170DeleteProductBomsId"/>
    <testcase name="错误响应为 JSON" time="0.004" classname="01170DeleteProductBomsId"/>
    <testcase name="响应时间小于 2 秒" time="0.004" classname="01170DeleteProductBomsId"/>
  </testsuite>
  <testsuite name="01 - 全接口未登录安全边界 (170) / PUT /product-boms/{id}" id="3586763d-65f2-43f4-a9de-672b7978ed21" timestamp="2026-07-17T10:28:40.258Z" tests="3" failures="0" errors="0" time="0.002">
    <testcase name="未登录请求返回 401" time="0.002" classname="01170PutProductBomsId"/>
    <testcase name="错误响应为 JSON" time="0.002" classname="01170PutProductBomsId"/>
    <testcase name="响应时间小于 2 秒" time="0.002" classname="01170PutProductBomsId"/>
  </testsuite>
  <testsuite name="01 - 全接口未登录安全边界 (170) / GET /production-lines" id="aa4822c9-3e50-414d-a29d-8d17e3c4ff68" timestamp="2026-07-17T10:28:40.258Z" tests="3" failures="0" errors="0" time="0.003">
    <testcase name="未登录请求返回 401" time="0.003" classname="01170GetProductionLines"/>
    <testcase name="错误响应为 JSON" time="0.003" classname="01170GetProductionLines"/>
    <testcase name="响应时间小于 2 秒" time="0.003" classname="01170GetProductionLines"/>
  </testsuite>
  <testsuite name="01 - 全接口未登录安全边界 (170) / POST /production-lines" id="f1517174-ff8e-436e-a9f4-220f610c2f17" timestamp="2026-07-17T10:28:40.258Z" tests="3" failures="0" errors="0" time="0.003">
    <testcase name="未登录请求返回 401" time="0.003" classname="01170PostProductionLines"/>
    <testcase name="错误响应为 JSON" time="0.003" classname="01170PostProductionLines"/>
    <testcase name="响应时间小于 2 秒" time="0.003" classname="01170PostProductionLines"/>
  </testsuite>
  <testsuite name="01 - 全接口未登录安全边界 (170) / DELETE /production-lines/{id}" id="40fd6372-610c-4717-9c67-770dd4e4c86d" timestamp="2026-07-17T10:28:40.258Z" tests="3" failures="0" errors="0" time="0.002">
    <testcase name="未登录请求返回 401" time="0.002" classname="01170DeleteProductionLinesId"/>
    <testcase name="错误响应为 JSON" time="0.002" classname="01170DeleteProductionLinesId"/>
    <testcase name="响应时间小于 2 秒" time="0.002" classname="01170DeleteProductionLinesId"/>
  </testsuite>
  <testsuite name="01 - 全接口未登录安全边界 (170) / PUT /production-lines/{id}" id="4bf68cc7-4a57-42ff-a549-bf87e9400d2b" timestamp="2026-07-17T10:28:40.258Z" tests="3" failures="0" errors="0" time="0.002">
    <testcase name="未登录请求返回 401" time="0.002" classname="01170PutProductionLinesId"/>
    <testcase name="错误响应为 JSON" time="0.002" classname="01170PutProductionLinesId"/>
    <testcase name="响应时间小于 2 秒" time="0.002" classname="01170PutProductionLinesId"/>
  </testsuite>
  <testsuite name="01 - 全接口未登录安全边界 (170) / GET /products" id="13a40826-8911-46e5-b577-b6d063d03a90" timestamp="2026-07-17T10:28:40.258Z" tests="3" failures="0" errors="0" time="0.002">
    <testcase name="未登录请求返回 401" time="0.002" classname="01170GetProducts"/>
    <testcase name="错误响应为 JSON" time="0.002" classname="01170GetProducts"/>
    <testcase name="响应时间小于 2 秒" time="0.002" classname="01170GetProducts"/>
  </testsuite>
  <testsuite name="01 - 全接口未登录安全边界 (170) / POST /products" id="82bbc761-7319-4f7e-a778-f8eaad5c289e" timestamp="2026-07-17T10:28:40.258Z" tests="3" failures="0" errors="0" time="0.002">
    <testcase name="未登录请求返回 401" time="0.002" classname="01170PostProducts"/>
    <testcase name="错误响应为 JSON" time="0.002" classname="01170PostProducts"/>
    <testcase name="响应时间小于 2 秒" time="0.002" classname="01170PostProducts"/>
  </testsuite>
  <testsuite name="01 - 全接口未登录安全边界 (170) / DELETE /products/{id}" id="95db777d-4ee6-4bd4-90ce-029591f9459d" timestamp="2026-07-17T10:28:40.258Z" tests="3" failures="0" errors="0" time="0.002">
    <testcase name="未登录请求返回 401" time="0.002" classname="01170DeleteProductsId"/>
    <testcase name="错误响应为 JSON" time="0.002" classname="01170DeleteProductsId"/>
    <testcase name="响应时间小于 2 秒" time="0.002" classname="01170DeleteProductsId"/>
  </testsuite>
  <testsuite name="01 - 全接口未登录安全边界 (170) / PUT /products/{id}" id="7c59281c-a2cc-44aa-8c40-d7cb9b6d6fd2" timestamp="2026-07-17T10:28:40.258Z" tests="3" failures="0" errors="0" time="0.002">
    <testcase name="未登录请求返回 401" time="0.002" classname="01170PutProductsId"/>
    <testcase name="错误响应为 JSON" time="0.002" classname="01170PutProductsId"/>
    <testcase name="响应时间小于 2 秒" time="0.002" classname="01170PutProductsId"/>
  </testsuite>
  <testsuite name="01 - 全接口未登录安全边界 (170) / GET /products/{id}/bom" id="afadb108-4443-48e9-beda-7670c5265c40" timestamp="2026-07-17T10:28:40.258Z" tests="3" failures="0" errors="0" time="0.002">
    <testcase name="未登录请求返回 401" time="0.002" classname="01170GetProductsIdBom"/>
    <testcase name="错误响应为 JSON" time="0.002" classname="01170GetProductsIdBom"/>
    <testcase name="响应时间小于 2 秒" time="0.002" classname="01170GetProductsIdBom"/>
  </testsuite>
  <testsuite name="01 - 全接口未登录安全边界 (170) / POST /products/{id}/bom" id="93927573-7f03-49de-90ef-89ee3e2a14d5" timestamp="2026-07-17T10:28:40.258Z" tests="3" failures="0" errors="0" time="0.002">
    <testcase name="未登录请求返回 401" time="0.002" classname="01170PostProductsIdBom"/>
    <testcase name="错误响应为 JSON" time="0.002" classname="01170PostProductsIdBom"/>
    <testcase name="响应时间小于 2 秒" time="0.002" classname="01170PostProductsIdBom"/>
  </testsuite>
  <testsuite name="01 - 全接口未登录安全边界 (170) / GET /sync-logs" id="96ca5032-86d4-4101-a84b-9e5f3359ec29" timestamp="2026-07-17T10:28:40.258Z" tests="3" failures="0" errors="0" time="0.001">
    <testcase name="未登录请求返回 401" time="0.001" classname="01170GetSyncLogs"/>
    <testcase name="错误响应为 JSON" time="0.001" classname="01170GetSyncLogs"/>
    <testcase name="响应时间小于 2 秒" time="0.001" classname="01170GetSyncLogs"/>
  </testsuite>
  <testsuite name="01 - 全接口未登录安全边界 (170) / GET /requisitions" id="d5eafe86-168a-4852-9e4b-944bc27c331a" timestamp="2026-07-17T10:28:40.258Z" tests="3" failures="0" errors="0" time="0.002">
    <testcase name="未登录请求返回 401" time="0.002" classname="01170GetRequisitions"/>
    <testcase name="错误响应为 JSON" time="0.002" classname="01170GetRequisitions"/>
    <testcase name="响应时间小于 2 秒" time="0.002" classname="01170GetRequisitions"/>
  </testsuite>
  <testsuite name="01 - 全接口未登录安全边界 (170) / POST /requisitions" id="958e593d-3ebb-41af-ba25-f2b298a14dfa" timestamp="2026-07-17T10:28:40.258Z" tests="3" failures="0" errors="0" time="0.001">
    <testcase name="未登录请求返回 401" time="0.001" classname="01170PostRequisitions"/>
    <testcase name="错误响应为 JSON" time="0.001" classname="01170PostRequisitions"/>
    <testcase name="响应时间小于 2 秒" time="0.001" classname="01170PostRequisitions"/>
  </testsuite>
  <testsuite name="01 - 全接口未登录安全边界 (170) / GET /requisitions/{id}" id="67bf0320-dfed-4355-a909-c5d9e1b11812" timestamp="2026-07-17T10:28:40.258Z" tests="3" failures="0" errors="0" time="0.002">
    <testcase name="未登录请求返回 401" time="0.002" classname="01170GetRequisitionsId"/>
    <testcase name="错误响应为 JSON" time="0.002" classname="01170GetRequisitionsId"/>
    <testcase name="响应时间小于 2 秒" time="0.002" classname="01170GetRequisitionsId"/>
  </testsuite>
  <testsuite name="01 - 全接口未登录安全边界 (170) / POST /requisitions/{id}/approve" id="afeb177b-ca15-417f-a76f-fcc0db06bd8b" timestamp="2026-07-17T10:28:40.258Z" tests="3" failures="0" errors="0" time="0.002">
    <testcase name="未登录请求返回 401" time="0.002" classname="01170PostRequisitionsIdApprove"/>
    <testcase name="错误响应为 JSON" time="0.002" classname="01170PostRequisitionsIdApprove"/>
    <testcase name="响应时间小于 2 秒" time="0.002" classname="01170PostRequisitionsIdApprove"/>
  </testsuite>
  <testsuite name="01 - 全接口未登录安全边界 (170) / POST /requisitions/{id}/receive" id="f381be23-2cd5-443b-9fa4-03888a67f455" timestamp="2026-07-17T10:28:40.258Z" tests="3" failures="0" errors="0" time="0.002">
    <testcase name="未登录请求返回 401" time="0.002" classname="01170PostRequisitionsIdReceive"/>
    <testcase name="错误响应为 JSON" time="0.002" classname="01170PostRequisitionsIdReceive"/>
    <testcase name="响应时间小于 2 秒" time="0.002" classname="01170PostRequisitionsIdReceive"/>
  </testsuite>
  <testsuite name="01 - 全接口未登录安全边界 (170) / POST /requisitions/{id}/reject" id="41fc6dec-95f4-4ac5-9b78-731f3f7e3680" timestamp="2026-07-17T10:28:40.258Z" tests="3" failures="0" errors="0" time="0.002">
    <testcase name="未登录请求返回 401" time="0.002" classname="01170PostRequisitionsIdReject"/>
    <testcase name="错误响应为 JSON" time="0.002" classname="01170PostRequisitionsIdReject"/>
    <testcase name="响应时间小于 2 秒" time="0.002" classname="01170PostRequisitionsIdReject"/>
  </testsuite>
  <testsuite name="01 - 全接口未登录安全边界 (170) / GET /requisitions/by-work-order/{workOrderId}" id="0f530dd1-81a1-4ed9-9a9d-772c7c552b30" timestamp="2026-07-17T10:28:40.258Z" tests="3" failures="0" errors="0" time="0.003">
    <testcase name="未登录请求返回 401" time="0.003" classname="01170GetRequisitionsByWorkOrderWorkOrderId"/>
    <testcase name="错误响应为 JSON" time="0.003" classname="01170GetRequisitionsByWorkOrderWorkOrderId"/>
    <testcase name="响应时间小于 2 秒" time="0.003" classname="01170GetRequisitionsByWorkOrderWorkOrderId"/>
  </testsuite>
  <testsuite name="01 - 全接口未登录安全边界 (170) / GET /requisitions/create-options" id="0a83701f-f95a-44c3-8423-9683fd6c6876" timestamp="2026-07-17T10:28:40.258Z" tests="3" failures="0" errors="0" time="0.002">
    <testcase name="未登录请求返回 401" time="0.002" classname="01170GetRequisitionsCreateOptions"/>
    <testcase name="错误响应为 JSON" time="0.002" classname="01170GetRequisitionsCreateOptions"/>
    <testcase name="响应时间小于 2 秒" time="0.002" classname="01170GetRequisitionsCreateOptions"/>
  </testsuite>
  <testsuite name="01 - 全接口未登录安全边界 (170) / GET /materials" id="732e6b33-cc13-4111-8d84-9d5ec968e97a" timestamp="2026-07-17T10:28:40.258Z" tests="3" failures="0" errors="0" time="0.002">
    <testcase name="未登录请求返回 401" time="0.002" classname="01170GetMaterials"/>
    <testcase name="错误响应为 JSON" time="0.002" classname="01170GetMaterials"/>
    <testcase name="响应时间小于 2 秒" time="0.002" classname="01170GetMaterials"/>
  </testsuite>
  <testsuite name="01 - 全接口未登录安全边界 (170) / POST /materials" id="181ba910-07b5-4e96-b091-3d27c1b36b04" timestamp="2026-07-17T10:28:40.258Z" tests="3" failures="0" errors="0" time="0.002">
    <testcase name="未登录请求返回 401" time="0.002" classname="01170PostMaterials"/>
    <testcase name="错误响应为 JSON" time="0.002" classname="01170PostMaterials"/>
    <testcase name="响应时间小于 2 秒" time="0.002" classname="01170PostMaterials"/>
  </testsuite>
  <testsuite name="01 - 全接口未登录安全边界 (170) / DELETE /materials/{id}" id="9a50f6dc-1890-49b6-91a4-a08bd8054d30" timestamp="2026-07-17T10:28:40.258Z" tests="3" failures="0" errors="0" time="0.002">
    <testcase name="未登录请求返回 401" time="0.002" classname="01170DeleteMaterialsId"/>
    <testcase name="错误响应为 JSON" time="0.002" classname="01170DeleteMaterialsId"/>
    <testcase name="响应时间小于 2 秒" time="0.002" classname="01170DeleteMaterialsId"/>
  </testsuite>
  <testsuite name="01 - 全接口未登录安全边界 (170) / GET /materials/{id}" id="5f67c138-4352-437c-b1cc-2431c0ddd4b9" timestamp="2026-07-17T10:28:40.258Z" tests="3" failures="0" errors="0" time="0.004">
    <testcase name="未登录请求返回 401" time="0.004" classname="01170GetMaterialsId"/>
    <testcase name="错误响应为 JSON" time="0.004" classname="01170GetMaterialsId"/>
    <testcase name="响应时间小于 2 秒" time="0.004" classname="01170GetMaterialsId"/>
  </testsuite>
  <testsuite name="01 - 全接口未登录安全边界 (170) / PUT /materials/{id}" id="c62805c3-c481-44f3-8cfb-95d1ca7d2fd5" timestamp="2026-07-17T10:28:40.258Z" tests="3" failures="0" errors="0" time="0.002">
    <testcase name="未登录请求返回 401" time="0.002" classname="01170PutMaterialsId"/>
    <testcase name="错误响应为 JSON" time="0.002" classname="01170PutMaterialsId"/>
    <testcase name="响应时间小于 2 秒" time="0.002" classname="01170PutMaterialsId"/>
  </testsuite>
  <testsuite name="01 - 全接口未登录安全边界 (170) / GET /picking-tasks" id="b0c84caf-9c7d-46f2-884a-87e09f4e5ee6" timestamp="2026-07-17T10:28:40.258Z" tests="3" failures="0" errors="0" time="0.002">
    <testcase name="未登录请求返回 401" time="0.002" classname="01170GetPickingTasks"/>
    <testcase name="错误响应为 JSON" time="0.002" classname="01170GetPickingTasks"/>
    <testcase name="响应时间小于 2 秒" time="0.002" classname="01170GetPickingTasks"/>
  </testsuite>
  <testsuite name="01 - 全接口未登录安全边界 (170) / POST /picking-tasks" id="c3b66304-73a4-411d-9671-f94683b05bcd" timestamp="2026-07-17T10:28:40.258Z" tests="3" failures="0" errors="0" time="0.002">
    <testcase name="未登录请求返回 401" time="0.002" classname="01170PostPickingTasks"/>
    <testcase name="错误响应为 JSON" time="0.002" classname="01170PostPickingTasks"/>
    <testcase name="响应时间小于 2 秒" time="0.002" classname="01170PostPickingTasks"/>
  </testsuite>
  <testsuite name="01 - 全接口未登录安全边界 (170) / GET /picking-tasks/{id}" id="792b4082-e99b-48d6-8cf3-054950bd4849" timestamp="2026-07-17T10:28:40.258Z" tests="3" failures="0" errors="0" time="0.002">
    <testcase name="未登录请求返回 401" time="0.002" classname="01170GetPickingTasksId"/>
    <testcase name="错误响应为 JSON" time="0.002" classname="01170GetPickingTasksId"/>
    <testcase name="响应时间小于 2 秒" time="0.002" classname="01170GetPickingTasksId"/>
  </testsuite>
  <testsuite name="01 - 全接口未登录安全边界 (170) / POST /picking-tasks/{id}/complete" id="328df98e-733c-46de-998b-5bd116060cc8" timestamp="2026-07-17T10:28:40.258Z" tests="3" failures="0" errors="0" time="0.002">
    <testcase name="未登录请求返回 401" time="0.002" classname="01170PostPickingTasksIdComplete"/>
    <testcase name="错误响应为 JSON" time="0.002" classname="01170PostPickingTasksIdComplete"/>
    <testcase name="响应时间小于 2 秒" time="0.002" classname="01170PostPickingTasksIdComplete"/>
  </testsuite>
  <testsuite name="01 - 全接口未登录安全边界 (170) / GET /piecework-wages" id="c4b3fce1-2a7e-4777-8d9c-d132da781bcc" timestamp="2026-07-17T10:28:40.258Z" tests="3" failures="0" errors="0" time="0.003">
    <testcase name="未登录请求返回 401" time="0.003" classname="01170GetPieceworkWages"/>
    <testcase name="错误响应为 JSON" time="0.003" classname="01170GetPieceworkWages"/>
    <testcase name="响应时间小于 2 秒" time="0.003" classname="01170GetPieceworkWages"/>
  </testsuite>
  <testsuite name="01 - 全接口未登录安全边界 (170) / GET /piecework-wages/{id}" id="456b8874-c1d3-423a-8251-2a7811f41542" timestamp="2026-07-17T10:28:40.258Z" tests="3" failures="0" errors="0" time="0.011">
    <testcase name="未登录请求返回 401" time="0.011" classname="01170GetPieceworkWagesId"/>
    <testcase name="错误响应为 JSON" time="0.011" classname="01170GetPieceworkWagesId"/>
    <testcase name="响应时间小于 2 秒" time="0.011" classname="01170GetPieceworkWagesId"/>
  </testsuite>
  <testsuite name="01 - 全接口未登录安全边界 (170) / GET /piecework-wages/by-report/{workReportId}" id="10d5fdb8-76e8-4eef-8265-f43f763def50" timestamp="2026-07-17T10:28:40.258Z" tests="3" failures="0" errors="0" time="0.003">
    <testcase name="未登录请求返回 401" time="0.003" classname="01170GetPieceworkWagesByReportWorkReportId"/>
    <testcase name="错误响应为 JSON" time="0.003" classname="01170GetPieceworkWagesByReportWorkReportId"/>
    <testcase name="响应时间小于 2 秒" time="0.003" classname="01170GetPieceworkWagesByReportWorkReportId"/>
  </testsuite>
  <testsuite name="01 - 全接口未登录安全边界 (170) / GET /production-tasks" id="a8460f3c-1c60-4315-95ed-1d9bd1aa3fb6" timestamp="2026-07-17T10:28:40.258Z" tests="3" failures="0" errors="0" time="0.002">
    <testcase name="未登录请求返回 401" time="0.002" classname="01170GetProductionTasks"/>
    <testcase name="错误响应为 JSON" time="0.002" classname="01170GetProductionTasks"/>
    <testcase name="响应时间小于 2 秒" time="0.002" classname="01170GetProductionTasks"/>
  </testsuite>
  <testsuite name="01 - 全接口未登录安全边界 (170) / POST /production-tasks" id="6a46b0d1-a00e-45fa-9060-050e86c0687b" timestamp="2026-07-17T10:28:40.258Z" tests="3" failures="0" errors="0" time="0.003">
    <testcase name="未登录请求返回 401" time="0.003" classname="01170PostProductionTasks"/>
    <testcase name="错误响应为 JSON" time="0.003" classname="01170PostProductionTasks"/>
    <testcase name="响应时间小于 2 秒" time="0.003" classname="01170PostProductionTasks"/>
  </testsuite>
  <testsuite name="01 - 全接口未登录安全边界 (170) / POST /production-tasks/{id}/kitting" id="835febc5-0547-406c-87bd-8aaa1799df8b" timestamp="2026-07-17T10:28:40.258Z" tests="3" failures="0" errors="0" time="0.001">
    <testcase name="未登录请求返回 401" time="0.001" classname="01170PostProductionTasksIdKitting"/>
    <testcase name="错误响应为 JSON" time="0.001" classname="01170PostProductionTasksIdKitting"/>
    <testcase name="响应时间小于 2 秒" time="0.001" classname="01170PostProductionTasksIdKitting"/>
  </testsuite>
  <testsuite name="01 - 全接口未登录安全边界 (170) / POST /production-tasks/{id}/shortage-alerts" id="121d79af-b022-4b16-8a20-79b7e70173de" timestamp="2026-07-17T10:28:40.258Z" tests="3" failures="0" errors="0" time="0.002">
    <testcase name="未登录请求返回 401" time="0.002" classname="01170PostProductionTasksIdShortageAlerts"/>
    <testcase name="错误响应为 JSON" time="0.002" classname="01170PostProductionTasksIdShortageAlerts"/>
    <testcase name="响应时间小于 2 秒" time="0.002" classname="01170PostProductionTasksIdShortageAlerts"/>
  </testsuite>
  <testsuite name="01 - 全接口未登录安全边界 (170) / GET /production-tasks/kitting-analyses" id="70c96c70-f0ac-46a7-9e67-91a133b7ea71" timestamp="2026-07-17T10:28:40.258Z" tests="3" failures="0" errors="0" time="0.003">
    <testcase name="未登录请求返回 401" time="0.003" classname="01170GetProductionTasksKittingAnalyses"/>
    <testcase name="错误响应为 JSON" time="0.003" classname="01170GetProductionTasksKittingAnalyses"/>
    <testcase name="响应时间小于 2 秒" time="0.003" classname="01170GetProductionTasksKittingAnalyses"/>
  </testsuite>
  <testsuite name="01 - 全接口未登录安全边界 (170) / GET /production-tasks/shortage-alerts" id="5d6bf87b-4db4-4107-b2c4-9d2f4c643702" timestamp="2026-07-17T10:28:40.258Z" tests="3" failures="0" errors="0" time="0.002">
    <testcase name="未登录请求返回 401" time="0.002" classname="01170GetProductionTasksShortageAlerts"/>
    <testcase name="错误响应为 JSON" time="0.002" classname="01170GetProductionTasksShortageAlerts"/>
    <testcase name="响应时间小于 2 秒" time="0.002" classname="01170GetProductionTasksShortageAlerts"/>
  </testsuite>
  <testsuite name="01 - 全接口未登录安全边界 (170) / GET /product-traces" id="a80a0b44-5d27-4f93-896d-1979d539c9b7" timestamp="2026-07-17T10:28:40.258Z" tests="3" failures="0" errors="0" time="0.003">
    <testcase name="未登录请求返回 401" time="0.003" classname="01170GetProductTraces"/>
    <testcase name="错误响应为 JSON" time="0.003" classname="01170GetProductTraces"/>
    <testcase name="响应时间小于 2 秒" time="0.003" classname="01170GetProductTraces"/>
  </testsuite>
  <testsuite name="01 - 全接口未登录安全边界 (170) / POST /product-traces" id="8590dfe2-e125-4e28-9646-ccf9a2225ceb" timestamp="2026-07-17T10:28:40.258Z" tests="3" failures="0" errors="0" time="0.003">
    <testcase name="未登录请求返回 401" time="0.003" classname="01170PostProductTraces"/>
    <testcase name="错误响应为 JSON" time="0.003" classname="01170PostProductTraces"/>
    <testcase name="响应时间小于 2 秒" time="0.003" classname="01170PostProductTraces"/>
  </testsuite>
  <testsuite name="01 - 全接口未登录安全边界 (170) / GET /product-traces/{id}" id="afe82191-de36-44f4-a353-016316eb122b" timestamp="2026-07-17T10:28:40.258Z" tests="3" failures="0" errors="0" time="0.003">
    <testcase name="未登录请求返回 401" time="0.003" classname="01170GetProductTracesId"/>
    <testcase name="错误响应为 JSON" time="0.003" classname="01170GetProductTracesId"/>
    <testcase name="响应时间小于 2 秒" time="0.003" classname="01170GetProductTracesId"/>
  </testsuite>
  <testsuite name="01 - 全接口未登录安全边界 (170) / GET /product-traces/work-orders/{workOrderId}" id="9c6e9e5d-f209-48f6-8ec6-488a9153efa1" timestamp="2026-07-17T10:28:40.258Z" tests="3" failures="0" errors="0" time="0.002">
    <testcase name="未登录请求返回 401" time="0.002" classname="01170GetProductTracesWorkOrdersWorkOrderId"/>
    <testcase name="错误响应为 JSON" time="0.002" classname="01170GetProductTracesWorkOrdersWorkOrderId"/>
    <testcase name="响应时间小于 2 秒" time="0.002" classname="01170GetProductTracesWorkOrdersWorkOrderId"/>
  </testsuite>
  <testsuite name="01 - 全接口未登录安全边界 (170) / GET /profile" id="1434c57f-b5c6-4129-a45c-a28c40efdce7" timestamp="2026-07-17T10:28:40.258Z" tests="3" failures="0" errors="0" time="0.002">
    <testcase name="未登录请求返回 401" time="0.002" classname="01170GetProfile"/>
    <testcase name="错误响应为 JSON" time="0.002" classname="01170GetProfile"/>
    <testcase name="响应时间小于 2 秒" time="0.002" classname="01170GetProfile"/>
  </testsuite>
  <testsuite name="01 - 全接口未登录安全边界 (170) / PUT /profile" id="21c7147e-aea6-4f8d-8cda-06b51ee97382" timestamp="2026-07-17T10:28:40.258Z" tests="3" failures="0" errors="0" time="0.002">
    <testcase name="未登录请求返回 401" time="0.002" classname="01170PutProfile"/>
    <testcase name="错误响应为 JSON" time="0.002" classname="01170PutProfile"/>
    <testcase name="响应时间小于 2 秒" time="0.002" classname="01170PutProfile"/>
  </testsuite>
  <testsuite name="01 - 全接口未登录安全边界 (170) / GET /quality-inspections" id="c4333927-f241-453e-b3f1-61db4b7e0625" timestamp="2026-07-17T10:28:40.258Z" tests="3" failures="0" errors="0" time="0.002">
    <testcase name="未登录请求返回 401" time="0.002" classname="01170GetQualityInspections"/>
    <testcase name="错误响应为 JSON" time="0.002" classname="01170GetQualityInspections"/>
    <testcase name="响应时间小于 2 秒" time="0.002" classname="01170GetQualityInspections"/>
  </testsuite>
  <testsuite name="01 - 全接口未登录安全边界 (170) / POST /quality-inspections" id="72c73460-d39c-49c9-bcbd-b9714945525f" timestamp="2026-07-17T10:28:40.258Z" tests="3" failures="0" errors="0" time="0.003">
    <testcase name="未登录请求返回 401" time="0.003" classname="01170PostQualityInspections"/>
    <testcase name="错误响应为 JSON" time="0.003" classname="01170PostQualityInspections"/>
    <testcase name="响应时间小于 2 秒" time="0.003" classname="01170PostQualityInspections"/>
  </testsuite>
  <testsuite name="01 - 全接口未登录安全边界 (170) / GET /quality-inspections/{id}" id="1052e5a0-5e49-4994-a154-ed6a9f426ac5" timestamp="2026-07-17T10:28:40.258Z" tests="3" failures="0" errors="0" time="0.003">
    <testcase name="未登录请求返回 401" time="0.003" classname="01170GetQualityInspectionsId"/>
    <testcase name="错误响应为 JSON" time="0.003" classname="01170GetQualityInspectionsId"/>
    <testcase name="响应时间小于 2 秒" time="0.003" classname="01170GetQualityInspectionsId"/>
  </testsuite>
  <testsuite name="01 - 全接口未登录安全边界 (170) / POST /quality-inspections/{id}/assign" id="08c27118-94c6-4abc-b793-ff6f3096f060" timestamp="2026-07-17T10:28:40.258Z" tests="3" failures="0" errors="0" time="0.002">
    <testcase name="未登录请求返回 401" time="0.002" classname="01170PostQualityInspectionsIdAssign"/>
    <testcase name="错误响应为 JSON" time="0.002" classname="01170PostQualityInspectionsIdAssign"/>
    <testcase name="响应时间小于 2 秒" time="0.002" classname="01170PostQualityInspectionsIdAssign"/>
  </testsuite>
  <testsuite name="01 - 全接口未登录安全边界 (170) / GET /quality-inspections/{id}/items" id="0f830ac3-ccd3-4d90-8193-16711724fa49" timestamp="2026-07-17T10:28:40.258Z" tests="3" failures="0" errors="0" time="0.002">
    <testcase name="未登录请求返回 401" time="0.002" classname="01170GetQualityInspectionsIdItems"/>
    <testcase name="错误响应为 JSON" time="0.002" classname="01170GetQualityInspectionsIdItems"/>
    <testcase name="响应时间小于 2 秒" time="0.002" classname="01170GetQualityInspectionsIdItems"/>
  </testsuite>
  <testsuite name="01 - 全接口未登录安全边界 (170) / POST /quality-inspections/{id}/items" id="8e37ed55-5945-4ccb-87fd-8540de7eab67" timestamp="2026-07-17T10:28:40.258Z" tests="3" failures="0" errors="0" time="0.002">
    <testcase name="未登录请求返回 401" time="0.002" classname="01170PostQualityInspectionsIdItems"/>
    <testcase name="错误响应为 JSON" time="0.002" classname="01170PostQualityInspectionsIdItems"/>
    <testcase name="响应时间小于 2 秒" time="0.002" classname="01170PostQualityInspectionsIdItems"/>
  </testsuite>
  <testsuite name="01 - 全接口未登录安全边界 (170) / POST /quality-inspections/{id}/judge" id="dd6bd06c-1803-42fa-bbea-707e86f0a922" timestamp="2026-07-17T10:28:40.258Z" tests="3" failures="0" errors="0" time="0.002">
    <testcase name="未登录请求返回 401" time="0.002" classname="01170PostQualityInspectionsIdJudge"/>
    <testcase name="错误响应为 JSON" time="0.002" classname="01170PostQualityInspectionsIdJudge"/>
    <testcase name="响应时间小于 2 秒" time="0.002" classname="01170PostQualityInspectionsIdJudge"/>
  </testsuite>
  <testsuite name="01 - 全接口未登录安全边界 (170) / POST /quality-inspections/{id}/submit" id="28c8778f-1dbb-46fb-aa0d-807951d6b36b" timestamp="2026-07-17T10:28:40.258Z" tests="3" failures="0" errors="0" time="0.002">
    <testcase name="未登录请求返回 401" time="0.002" classname="01170PostQualityInspectionsIdSubmit"/>
    <testcase name="错误响应为 JSON" time="0.002" classname="01170PostQualityInspectionsIdSubmit"/>
    <testcase name="响应时间小于 2 秒" time="0.002" classname="01170PostQualityInspectionsIdSubmit"/>
  </testsuite>
  <testsuite name="01 - 全接口未登录安全边界 (170) / GET /quality-inspections/create-options" id="93160c6a-4612-4e3c-adae-ac5b6a5fc985" timestamp="2026-07-17T10:28:40.258Z" tests="3" failures="0" errors="0" time="0.003">
    <testcase name="未登录请求返回 401" time="0.003" classname="01170GetQualityInspectionsCreateOptions"/>
    <testcase name="错误响应为 JSON" time="0.003" classname="01170GetQualityInspectionsCreateOptions"/>
    <testcase name="响应时间小于 2 秒" time="0.003" classname="01170GetQualityInspectionsCreateOptions"/>
  </testsuite>
  <testsuite name="01 - 全接口未登录安全边界 (170) / GET /quality-inspections/inspectors" id="0c06bcd3-4798-4c76-9cf8-44a80e72a475" timestamp="2026-07-17T10:28:40.258Z" tests="3" failures="0" errors="0" time="0.002">
    <testcase name="未登录请求返回 401" time="0.002" classname="01170GetQualityInspectionsInspectors"/>
    <testcase name="错误响应为 JSON" time="0.002" classname="01170GetQualityInspectionsInspectors"/>
    <testcase name="响应时间小于 2 秒" time="0.002" classname="01170GetQualityInspectionsInspectors"/>
  </testsuite>
  <testsuite name="01 - 全接口未登录安全边界 (170) / GET /quality-traces" id="6c4bb914-a8dc-4d05-9c7f-bd739c6c112f" timestamp="2026-07-17T10:28:40.258Z" tests="3" failures="0" errors="0" time="0.002">
    <testcase name="未登录请求返回 401" time="0.002" classname="01170GetQualityTraces"/>
    <testcase name="错误响应为 JSON" time="0.002" classname="01170GetQualityTraces"/>
    <testcase name="响应时间小于 2 秒" time="0.002" classname="01170GetQualityTraces"/>
  </testsuite>
  <testsuite name="01 - 全接口未登录安全边界 (170) / GET /quality-traces/{id}" id="e345df85-bfab-480c-9ec9-e7dea2a3274c" timestamp="2026-07-17T10:28:40.258Z" tests="3" failures="0" errors="0" time="0.002">
    <testcase name="未登录请求返回 401" time="0.002" classname="01170GetQualityTracesId"/>
    <testcase name="错误响应为 JSON" time="0.002" classname="01170GetQualityTracesId"/>
    <testcase name="响应时间小于 2 秒" time="0.002" classname="01170GetQualityTracesId"/>
  </testsuite>
  <testsuite name="01 - 全接口未登录安全边界 (170) / GET /quality-traces/by-inspection/{inspectionId}" id="045600d9-4220-406f-8944-9b519cda4cf8" timestamp="2026-07-17T10:28:40.258Z" tests="3" failures="0" errors="0" time="0.003">
    <testcase name="未登录请求返回 401" time="0.003" classname="01170GetQualityTracesByInspectionInspectionId"/>
    <testcase name="错误响应为 JSON" time="0.003" classname="01170GetQualityTracesByInspectionInspectionId"/>
    <testcase name="响应时间小于 2 秒" time="0.003" classname="01170GetQualityTracesByInspectionInspectionId"/>
  </testsuite>
  <testsuite name="01 - 全接口未登录安全边界 (170) / GET /quality-traces/by-work-order/{workOrderId}" id="f7a8fa7f-bc16-4ebd-b4ad-b7cc1f77a01d" timestamp="2026-07-17T10:28:40.258Z" tests="3" failures="0" errors="0" time="0.002">
    <testcase name="未登录请求返回 401" time="0.002" classname="01170GetQualityTracesByWorkOrderWorkOrderId"/>
    <testcase name="错误响应为 JSON" time="0.002" classname="01170GetQualityTracesByWorkOrderWorkOrderId"/>
    <testcase name="响应时间小于 2 秒" time="0.002" classname="01170GetQualityTracesByWorkOrderWorkOrderId"/>
  </testsuite>
  <testsuite name="01 - 全接口未登录安全边界 (170) / GET /quality-traces/work-orders/{workOrderId}" id="bde9dbbd-f155-41a0-b4d0-de161e0ebbe1" timestamp="2026-07-17T10:28:40.258Z" tests="3" failures="0" errors="0" time="0.002">
    <testcase name="未登录请求返回 401" time="0.002" classname="01170GetQualityTracesWorkOrdersWorkOrderId"/>
    <testcase name="错误响应为 JSON" time="0.002" classname="01170GetQualityTracesWorkOrdersWorkOrderId"/>
    <testcase name="响应时间小于 2 秒" time="0.002" classname="01170GetQualityTracesWorkOrdersWorkOrderId"/>
  </testsuite>
  <testsuite name="01 - 全接口未登录安全边界 (170) / GET /rework-orders" id="df70f8b5-75c6-4fbd-9349-01aabaa0cd09" timestamp="2026-07-17T10:28:40.258Z" tests="3" failures="0" errors="0" time="0.001">
    <testcase name="未登录请求返回 401" time="0.001" classname="01170GetReworkOrders"/>
    <testcase name="错误响应为 JSON" time="0.001" classname="01170GetReworkOrders"/>
    <testcase name="响应时间小于 2 秒" time="0.001" classname="01170GetReworkOrders"/>
  </testsuite>
  <testsuite name="01 - 全接口未登录安全边界 (170) / POST /rework-orders" id="4eca9a38-49ca-40cb-bb08-8a9eb91b2022" timestamp="2026-07-17T10:28:40.258Z" tests="3" failures="0" errors="0" time="0.002">
    <testcase name="未登录请求返回 401" time="0.002" classname="01170PostReworkOrders"/>
    <testcase name="错误响应为 JSON" time="0.002" classname="01170PostReworkOrders"/>
    <testcase name="响应时间小于 2 秒" time="0.002" classname="01170PostReworkOrders"/>
  </testsuite>
  <testsuite name="01 - 全接口未登录安全边界 (170) / GET /rework-orders/{id}" id="e8f25bd8-2a95-4049-ae32-d4d49594fa97" timestamp="2026-07-17T10:28:40.258Z" tests="3" failures="0" errors="0" time="0.002">
    <testcase name="未登录请求返回 401" time="0.002" classname="01170GetReworkOrdersId"/>
    <testcase name="错误响应为 JSON" time="0.002" classname="01170GetReworkOrdersId"/>
    <testcase name="响应时间小于 2 秒" time="0.002" classname="01170GetReworkOrdersId"/>
  </testsuite>
  <testsuite name="01 - 全接口未登录安全边界 (170) / POST /rework-orders/{id}/dispatch" id="52ed8766-b036-4dae-a45d-3838f37934a3" timestamp="2026-07-17T10:28:40.258Z" tests="3" failures="0" errors="0" time="0.002">
    <testcase name="未登录请求返回 401" time="0.002" classname="01170PostReworkOrdersIdDispatch"/>
    <testcase name="错误响应为 JSON" time="0.002" classname="01170PostReworkOrdersIdDispatch"/>
    <testcase name="响应时间小于 2 秒" time="0.002" classname="01170PostReworkOrdersIdDispatch"/>
  </testsuite>
  <testsuite name="01 - 全接口未登录安全边界 (170) / POST /rework-orders/{id}/finish" id="923824c4-ba81-4d8d-a69d-9ae1ee2bd31e" timestamp="2026-07-17T10:28:40.258Z" tests="3" failures="0" errors="0" time="0.003">
    <testcase name="未登录请求返回 401" time="0.003" classname="01170PostReworkOrdersIdFinish"/>
    <testcase name="错误响应为 JSON" time="0.003" classname="01170PostReworkOrdersIdFinish"/>
    <testcase name="响应时间小于 2 秒" time="0.003" classname="01170PostReworkOrdersIdFinish"/>
  </testsuite>
  <testsuite name="01 - 全接口未登录安全边界 (170) / GET /planning/reworks" id="cc13f958-b5f6-44ef-b554-8c7502a74925" timestamp="2026-07-17T10:28:40.258Z" tests="3" failures="0" errors="0" time="0.003">
    <testcase name="未登录请求返回 401" time="0.003" classname="01170GetPlanningReworks"/>
    <testcase name="错误响应为 JSON" time="0.003" classname="01170GetPlanningReworks"/>
    <testcase name="响应时间小于 2 秒" time="0.003" classname="01170GetPlanningReworks"/>
  </testsuite>
  <testsuite name="01 - 全接口未登录安全边界 (170) / POST /planning/reworks/{id}/tasks" id="c2a54bc1-6b45-4043-81b8-2515fe6e517a" timestamp="2026-07-17T10:28:40.258Z" tests="3" failures="0" errors="0" time="0.002">
    <testcase name="未登录请求返回 401" time="0.002" classname="01170PostPlanningReworksIdTasks"/>
    <testcase name="错误响应为 JSON" time="0.002" classname="01170PostPlanningReworksIdTasks"/>
    <testcase name="响应时间小于 2 秒" time="0.002" classname="01170PostPlanningReworksIdTasks"/>
  </testsuite>
  <testsuite name="01 - 全接口未登录安全边界 (170) / GET /robot-delivery-tasks" id="f12c1667-7144-4621-9783-5f0a69984040" timestamp="2026-07-17T10:28:40.258Z" tests="3" failures="0" errors="0" time="0.002">
    <testcase name="未登录请求返回 401" time="0.002" classname="01170GetRobotDeliveryTasks"/>
    <testcase name="错误响应为 JSON" time="0.002" classname="01170GetRobotDeliveryTasks"/>
    <testcase name="响应时间小于 2 秒" time="0.002" classname="01170GetRobotDeliveryTasks"/>
  </testsuite>
  <testsuite name="01 - 全接口未登录安全边界 (170) / POST /robot-delivery-tasks" id="15a23325-8375-49f0-acb9-0c8f96bc7d3c" timestamp="2026-07-17T10:28:40.258Z" tests="3" failures="0" errors="0" time="0.002">
    <testcase name="未登录请求返回 401" time="0.002" classname="01170PostRobotDeliveryTasks"/>
    <testcase name="错误响应为 JSON" time="0.002" classname="01170PostRobotDeliveryTasks"/>
    <testcase name="响应时间小于 2 秒" time="0.002" classname="01170PostRobotDeliveryTasks"/>
  </testsuite>
  <testsuite name="01 - 全接口未登录安全边界 (170) / GET /robot-delivery-tasks/{id}" id="3664db9e-45f7-4ad4-9391-ea1a3282cc25" timestamp="2026-07-17T10:28:40.258Z" tests="3" failures="0" errors="0" time="0.002">
    <testcase name="未登录请求返回 401" time="0.002" classname="01170GetRobotDeliveryTasksId"/>
    <testcase name="错误响应为 JSON" time="0.002" classname="01170GetRobotDeliveryTasksId"/>
    <testcase name="响应时间小于 2 秒" time="0.002" classname="01170GetRobotDeliveryTasksId"/>
  </testsuite>
  <testsuite name="01 - 全接口未登录安全边界 (170) / POST /robot-delivery-tasks/{id}/arrive" id="a4eeb4ea-fd87-4879-a6e1-056d7cae5055" timestamp="2026-07-17T10:28:40.258Z" tests="3" failures="0" errors="0" time="0.002">
    <testcase name="未登录请求返回 401" time="0.002" classname="01170PostRobotDeliveryTasksIdArrive"/>
    <testcase name="错误响应为 JSON" time="0.002" classname="01170PostRobotDeliveryTasksIdArrive"/>
    <testcase name="响应时间小于 2 秒" time="0.002" classname="01170PostRobotDeliveryTasksIdArrive"/>
  </testsuite>
  <testsuite name="01 - 全接口未登录安全边界 (170) / POST /robot-delivery-tasks/{id}/confirm-receipt" id="47696086-2a52-4ff8-9b33-71e1c56eb521" timestamp="2026-07-17T10:28:40.258Z" tests="3" failures="0" errors="0" time="0.005">
    <testcase name="未登录请求返回 401" time="0.005" classname="01170PostRobotDeliveryTasksIdConfirmReceipt"/>
    <testcase name="错误响应为 JSON" time="0.005" classname="01170PostRobotDeliveryTasksIdConfirmReceipt"/>
    <testcase name="响应时间小于 2 秒" time="0.005" classname="01170PostRobotDeliveryTasksIdConfirmReceipt"/>
  </testsuite>
  <testsuite name="01 - 全接口未登录安全边界 (170) / GET /robots" id="4ce00bca-ce58-4743-9c26-d9702665a91c" timestamp="2026-07-17T10:28:40.258Z" tests="3" failures="0" errors="0" time="0.002">
    <testcase name="未登录请求返回 401" time="0.002" classname="01170GetRobots"/>
    <testcase name="错误响应为 JSON" time="0.002" classname="01170GetRobots"/>
    <testcase name="响应时间小于 2 秒" time="0.002" classname="01170GetRobots"/>
  </testsuite>
  <testsuite name="01 - 全接口未登录安全边界 (170) / POST /robots" id="50b3f6a3-bfbe-4df8-bbb2-d24f8a009577" timestamp="2026-07-17T10:28:40.258Z" tests="3" failures="0" errors="0" time="0.003">
    <testcase name="未登录请求返回 401" time="0.003" classname="01170PostRobots"/>
    <testcase name="错误响应为 JSON" time="0.003" classname="01170PostRobots"/>
    <testcase name="响应时间小于 2 秒" time="0.003" classname="01170PostRobots"/>
  </testsuite>
  <testsuite name="01 - 全接口未登录安全边界 (170) / DELETE /robots/{id}" id="54c5541c-9a2b-4766-b765-43b3c70b04db" timestamp="2026-07-17T10:28:40.258Z" tests="3" failures="0" errors="0" time="0.002">
    <testcase name="未登录请求返回 401" time="0.002" classname="01170DeleteRobotsId"/>
    <testcase name="错误响应为 JSON" time="0.002" classname="01170DeleteRobotsId"/>
    <testcase name="响应时间小于 2 秒" time="0.002" classname="01170DeleteRobotsId"/>
  </testsuite>
  <testsuite name="01 - 全接口未登录安全边界 (170) / GET /robots/{id}" id="02fb9073-83dd-4466-8c31-54b588be17d8" timestamp="2026-07-17T10:28:40.258Z" tests="3" failures="0" errors="0" time="0.002">
    <testcase name="未登录请求返回 401" time="0.002" classname="01170GetRobotsId"/>
    <testcase name="错误响应为 JSON" time="0.002" classname="01170GetRobotsId"/>
    <testcase name="响应时间小于 2 秒" time="0.002" classname="01170GetRobotsId"/>
  </testsuite>
  <testsuite name="01 - 全接口未登录安全边界 (170) / PUT /robots/{id}" id="2e3bd727-57cc-43e9-89de-ba24d73a3151" timestamp="2026-07-17T10:28:40.258Z" tests="3" failures="0" errors="0" time="0.002">
    <testcase name="未登录请求返回 401" time="0.002" classname="01170PutRobotsId"/>
    <testcase name="错误响应为 JSON" time="0.002" classname="01170PutRobotsId"/>
    <testcase name="响应时间小于 2 秒" time="0.002" classname="01170PutRobotsId"/>
  </testsuite>
  <testsuite name="01 - 全接口未登录安全边界 (170) / GET /shortage-alerts" id="85bf0f66-2020-4d8a-a1c2-f4489c1ea8e5" timestamp="2026-07-17T10:28:40.258Z" tests="3" failures="0" errors="0" time="0.002">
    <testcase name="未登录请求返回 401" time="0.002" classname="01170GetShortageAlerts"/>
    <testcase name="错误响应为 JSON" time="0.002" classname="01170GetShortageAlerts"/>
    <testcase name="响应时间小于 2 秒" time="0.002" classname="01170GetShortageAlerts"/>
  </testsuite>
  <testsuite name="01 - 全接口未登录安全边界 (170) / POST /shortage-alerts/{id}/accept" id="c93013fd-a587-48be-8a51-08c5c5ca47af" timestamp="2026-07-17T10:28:40.258Z" tests="3" failures="0" errors="0" time="0.002">
    <testcase name="未登录请求返回 401" time="0.002" classname="01170PostShortageAlertsIdAccept"/>
    <testcase name="错误响应为 JSON" time="0.002" classname="01170PostShortageAlertsIdAccept"/>
    <testcase name="响应时间小于 2 秒" time="0.002" classname="01170PostShortageAlertsIdAccept"/>
  </testsuite>
  <testsuite name="01 - 全接口未登录安全边界 (170) / GET /tire-labels" id="697788bd-7185-4439-8f4c-91efb81a2354" timestamp="2026-07-17T10:28:40.258Z" tests="3" failures="0" errors="0" time="0.002">
    <testcase name="未登录请求返回 401" time="0.002" classname="01170GetTireLabels"/>
    <testcase name="错误响应为 JSON" time="0.002" classname="01170GetTireLabels"/>
    <testcase name="响应时间小于 2 秒" time="0.002" classname="01170GetTireLabels"/>
  </testsuite>
  <testsuite name="01 - 全接口未登录安全边界 (170) / GET /tire-labels/{id}/document" id="46b3708f-7314-4f43-acce-d7dc7f936dd2" timestamp="2026-07-17T10:28:40.258Z" tests="3" failures="0" errors="0" time="0.002">
    <testcase name="未登录请求返回 401" time="0.002" classname="01170GetTireLabelsIdDocument"/>
    <testcase name="错误响应为 JSON" time="0.002" classname="01170GetTireLabelsIdDocument"/>
    <testcase name="响应时间小于 2 秒" time="0.002" classname="01170GetTireLabelsIdDocument"/>
  </testsuite>
  <testsuite name="01 - 全接口未登录安全边界 (170) / GET /tire-labels/{id}/label" id="0d23fdbf-9b86-4fe4-b719-ad4374d14003" timestamp="2026-07-17T10:28:40.258Z" tests="3" failures="0" errors="0" time="0.002">
    <testcase name="未登录请求返回 401" time="0.002" classname="01170GetTireLabelsIdLabel"/>
    <testcase name="错误响应为 JSON" time="0.002" classname="01170GetTireLabelsIdLabel"/>
    <testcase name="响应时间小于 2 秒" time="0.002" classname="01170GetTireLabelsIdLabel"/>
  </testsuite>
  <testsuite name="01 - 全接口未登录安全边界 (170) / POST /tire-labels/{id}/print" id="acc781d3-b325-4dc3-ae8a-1c684c0fa99d" timestamp="2026-07-17T10:28:40.258Z" tests="3" failures="0" errors="0" time="0.002">
    <testcase name="未登录请求返回 401" time="0.002" classname="01170PostTireLabelsIdPrint"/>
    <testcase name="错误响应为 JSON" time="0.002" classname="01170PostTireLabelsIdPrint"/>
    <testcase name="响应时间小于 2 秒" time="0.002" classname="01170PostTireLabelsIdPrint"/>
  </testsuite>
  <testsuite name="01 - 全接口未登录安全边界 (170) / GET /tire-labels/{id}/qrcode" id="8c132e33-21ec-42e3-b891-469326d62f57" timestamp="2026-07-17T10:28:40.258Z" tests="3" failures="0" errors="0" time="0.002">
    <testcase name="未登录请求返回 401" time="0.002" classname="01170GetTireLabelsIdQrcode"/>
    <testcase name="错误响应为 JSON" time="0.002" classname="01170GetTireLabelsIdQrcode"/>
    <testcase name="响应时间小于 2 秒" time="0.002" classname="01170GetTireLabelsIdQrcode"/>
  </testsuite>
  <testsuite name="01 - 全接口未登录安全边界 (170) / POST /tire-labels/generate" id="97b9c4ef-1f78-4f4c-9850-0b209106f221" timestamp="2026-07-17T10:28:40.258Z" tests="3" failures="0" errors="0" time="0.002">
    <testcase name="未登录请求返回 401" time="0.002" classname="01170PostTireLabelsGenerate"/>
    <testcase name="错误响应为 JSON" time="0.002" classname="01170PostTireLabelsGenerate"/>
    <testcase name="响应时间小于 2 秒" time="0.002" classname="01170PostTireLabelsGenerate"/>
  </testsuite>
  <testsuite name="01 - 全接口未登录安全边界 (170) / GET /tire-labels/generate-options" id="47e7f0c2-66f9-44cd-8975-f5527ac8383e" timestamp="2026-07-17T10:28:40.258Z" tests="3" failures="0" errors="0" time="0.003">
    <testcase name="未登录请求返回 401" time="0.003" classname="01170GetTireLabelsGenerateOptions"/>
    <testcase name="错误响应为 JSON" time="0.003" classname="01170GetTireLabelsGenerateOptions"/>
    <testcase name="响应时间小于 2 秒" time="0.003" classname="01170GetTireLabelsGenerateOptions"/>
  </testsuite>
  <testsuite name="01 - 全接口未登录安全边界 (170) / GET /users" id="88febc36-01b1-4f2a-a319-762f1a866a7a" timestamp="2026-07-17T10:28:40.258Z" tests="3" failures="0" errors="0" time="0.003">
    <testcase name="未登录请求返回 401" time="0.003" classname="01170GetUsers"/>
    <testcase name="错误响应为 JSON" time="0.003" classname="01170GetUsers"/>
    <testcase name="响应时间小于 2 秒" time="0.003" classname="01170GetUsers"/>
  </testsuite>
  <testsuite name="01 - 全接口未登录安全边界 (170) / POST /users" id="bb11ae60-6c13-4de5-8c14-6dc82a49a23f" timestamp="2026-07-17T10:28:40.258Z" tests="3" failures="0" errors="0" time="0.002">
    <testcase name="未登录请求返回 401" time="0.002" classname="01170PostUsers"/>
    <testcase name="错误响应为 JSON" time="0.002" classname="01170PostUsers"/>
    <testcase name="响应时间小于 2 秒" time="0.002" classname="01170PostUsers"/>
  </testsuite>
  <testsuite name="01 - 全接口未登录安全边界 (170) / PUT /users/{userId}/role" id="e6f242dd-7b5b-4020-b535-9ed4a0db35f2" timestamp="2026-07-17T10:28:40.258Z" tests="3" failures="0" errors="0" time="0.002">
    <testcase name="未登录请求返回 401" time="0.002" classname="01170PutUsersUserIdRole"/>
    <testcase name="错误响应为 JSON" time="0.002" classname="01170PutUsersUserIdRole"/>
    <testcase name="响应时间小于 2 秒" time="0.002" classname="01170PutUsersUserIdRole"/>
  </testsuite>
  <testsuite name="01 - 全接口未登录安全边界 (170) / GET /warehouses" id="341ed81d-7142-4583-8d35-bd78effed97e" timestamp="2026-07-17T10:28:40.258Z" tests="3" failures="0" errors="0" time="0.002">
    <testcase name="未登录请求返回 401" time="0.002" classname="01170GetWarehouses"/>
    <testcase name="错误响应为 JSON" time="0.002" classname="01170GetWarehouses"/>
    <testcase name="响应时间小于 2 秒" time="0.002" classname="01170GetWarehouses"/>
  </testsuite>
  <testsuite name="01 - 全接口未登录安全边界 (170) / POST /warehouses" id="a0145013-dcf0-41fd-86ee-a423f8dcc3c6" timestamp="2026-07-17T10:28:40.258Z" tests="3" failures="0" errors="0" time="0.002">
    <testcase name="未登录请求返回 401" time="0.002" classname="01170PostWarehouses"/>
    <testcase name="错误响应为 JSON" time="0.002" classname="01170PostWarehouses"/>
    <testcase name="响应时间小于 2 秒" time="0.002" classname="01170PostWarehouses"/>
  </testsuite>
  <testsuite name="01 - 全接口未登录安全边界 (170) / DELETE /warehouses/{id}" id="d229d74e-aca0-498b-a39c-b61ce58bd70c" timestamp="2026-07-17T10:28:40.258Z" tests="3" failures="0" errors="0" time="0.002">
    <testcase name="未登录请求返回 401" time="0.002" classname="01170DeleteWarehousesId"/>
    <testcase name="错误响应为 JSON" time="0.002" classname="01170DeleteWarehousesId"/>
    <testcase name="响应时间小于 2 秒" time="0.002" classname="01170DeleteWarehousesId"/>
  </testsuite>
  <testsuite name="01 - 全接口未登录安全边界 (170) / GET /warehouses/{id}" id="81fff6df-4d64-4cd7-a6cb-1358ff67e792" timestamp="2026-07-17T10:28:40.258Z" tests="3" failures="0" errors="0" time="0.002">
    <testcase name="未登录请求返回 401" time="0.002" classname="01170GetWarehousesId"/>
    <testcase name="错误响应为 JSON" time="0.002" classname="01170GetWarehousesId"/>
    <testcase name="响应时间小于 2 秒" time="0.002" classname="01170GetWarehousesId"/>
  </testsuite>
  <testsuite name="01 - 全接口未登录安全边界 (170) / PUT /warehouses/{id}" id="3dc81b17-52d5-4ead-9e86-64824a5c958d" timestamp="2026-07-17T10:28:40.258Z" tests="3" failures="0" errors="0" time="0.003">
    <testcase name="未登录请求返回 401" time="0.003" classname="01170PutWarehousesId"/>
    <testcase name="错误响应为 JSON" time="0.003" classname="01170PutWarehousesId"/>
    <testcase name="响应时间小于 2 秒" time="0.003" classname="01170PutWarehousesId"/>
  </testsuite>
  <testsuite name="01 - 全接口未登录安全边界 (170) / GET /warehouses/locations" id="1781b16c-9575-4711-8ab4-340f39dc549a" timestamp="2026-07-17T10:28:40.258Z" tests="3" failures="0" errors="0" time="0.002">
    <testcase name="未登录请求返回 401" time="0.002" classname="01170GetWarehousesLocations"/>
    <testcase name="错误响应为 JSON" time="0.002" classname="01170GetWarehousesLocations"/>
    <testcase name="响应时间小于 2 秒" time="0.002" classname="01170GetWarehousesLocations"/>
  </testsuite>
  <testsuite name="01 - 全接口未登录安全边界 (170) / POST /warehouses/locations" id="e99feb4d-f960-4346-bd24-dc9157b9b017" timestamp="2026-07-17T10:28:40.258Z" tests="3" failures="0" errors="0" time="0.002">
    <testcase name="未登录请求返回 401" time="0.002" classname="01170PostWarehousesLocations"/>
    <testcase name="错误响应为 JSON" time="0.002" classname="01170PostWarehousesLocations"/>
    <testcase name="响应时间小于 2 秒" time="0.002" classname="01170PostWarehousesLocations"/>
  </testsuite>
  <testsuite name="01 - 全接口未登录安全边界 (170) / DELETE /warehouses/locations/{id}" id="6229d0d1-db49-4401-85b8-343471679af7" timestamp="2026-07-17T10:28:40.258Z" tests="3" failures="0" errors="0" time="0.002">
    <testcase name="未登录请求返回 401" time="0.002" classname="01170DeleteWarehousesLocationsId"/>
    <testcase name="错误响应为 JSON" time="0.002" classname="01170DeleteWarehousesLocationsId"/>
    <testcase name="响应时间小于 2 秒" time="0.002" classname="01170DeleteWarehousesLocationsId"/>
  </testsuite>
  <testsuite name="01 - 全接口未登录安全边界 (170) / GET /warehouses/locations/{id}" id="f22e9887-e69d-4ed9-abf0-c38f193a12be" timestamp="2026-07-17T10:28:40.258Z" tests="3" failures="0" errors="0" time="0.003">
    <testcase name="未登录请求返回 401" time="0.003" classname="01170GetWarehousesLocationsId"/>
    <testcase name="错误响应为 JSON" time="0.003" classname="01170GetWarehousesLocationsId"/>
    <testcase name="响应时间小于 2 秒" time="0.003" classname="01170GetWarehousesLocationsId"/>
  </testsuite>
  <testsuite name="01 - 全接口未登录安全边界 (170) / PUT /warehouses/locations/{id}" id="7987bc3d-97c7-4238-8710-bbb717b293fc" timestamp="2026-07-17T10:28:40.258Z" tests="3" failures="0" errors="0" time="0.002">
    <testcase name="未登录请求返回 401" time="0.002" classname="01170PutWarehousesLocationsId"/>
    <testcase name="错误响应为 JSON" time="0.002" classname="01170PutWarehousesLocationsId"/>
    <testcase name="响应时间小于 2 秒" time="0.002" classname="01170PutWarehousesLocationsId"/>
  </testsuite>
  <testsuite name="01 - 全接口未登录安全边界 (170) / GET /work-orders" id="87992edb-ce2e-4615-9e0f-50991aa8165f" timestamp="2026-07-17T10:28:40.258Z" tests="3" failures="0" errors="0" time="0.002">
    <testcase name="未登录请求返回 401" time="0.002" classname="01170GetWorkOrders"/>
    <testcase name="错误响应为 JSON" time="0.002" classname="01170GetWorkOrders"/>
    <testcase name="响应时间小于 2 秒" time="0.002" classname="01170GetWorkOrders"/>
  </testsuite>
  <testsuite name="01 - 全接口未登录安全边界 (170) / POST /work-orders" id="60c782d7-e5fc-4df1-82ea-f2909fd46f0d" timestamp="2026-07-17T10:28:40.258Z" tests="3" failures="0" errors="0" time="0.002">
    <testcase name="未登录请求返回 401" time="0.002" classname="01170PostWorkOrders"/>
    <testcase name="错误响应为 JSON" time="0.002" classname="01170PostWorkOrders"/>
    <testcase name="响应时间小于 2 秒" time="0.002" classname="01170PostWorkOrders"/>
  </testsuite>
  <testsuite name="01 - 全接口未登录安全边界 (170) / GET /work-orders/{id}" id="f73e9306-66a2-469c-be59-12ca636a502b" timestamp="2026-07-17T10:28:40.258Z" tests="3" failures="0" errors="0" time="0.003">
    <testcase name="未登录请求返回 401" time="0.003" classname="01170GetWorkOrdersId"/>
    <testcase name="错误响应为 JSON" time="0.003" classname="01170GetWorkOrdersId"/>
    <testcase name="响应时间小于 2 秒" time="0.003" classname="01170GetWorkOrdersId"/>
  </testsuite>
  <testsuite name="01 - 全接口未登录安全边界 (170) / POST /work-orders/{id}/dispatch" id="fcbfec61-693a-4a63-b948-20d5326b45b5" timestamp="2026-07-17T10:28:40.258Z" tests="3" failures="0" errors="0" time="0.002">
    <testcase name="未登录请求返回 401" time="0.002" classname="01170PostWorkOrdersIdDispatch"/>
    <testcase name="错误响应为 JSON" time="0.002" classname="01170PostWorkOrdersIdDispatch"/>
    <testcase name="响应时间小于 2 秒" time="0.002" classname="01170PostWorkOrdersIdDispatch"/>
  </testsuite>
  <testsuite name="01 - 全接口未登录安全边界 (170) / GET /work-orders/{id}/logs" id="d0d63a41-74c0-4f2e-a365-f516697af02d" timestamp="2026-07-17T10:28:40.258Z" tests="3" failures="0" errors="0" time="0.002">
    <testcase name="未登录请求返回 401" time="0.002" classname="01170GetWorkOrdersIdLogs"/>
    <testcase name="错误响应为 JSON" time="0.002" classname="01170GetWorkOrdersIdLogs"/>
    <testcase name="响应时间小于 2 秒" time="0.002" classname="01170GetWorkOrdersIdLogs"/>
  </testsuite>
  <testsuite name="01 - 全接口未登录安全边界 (170) / POST /work-orders/{id}/receive" id="9368e43c-6c7e-4eeb-b96a-605cd78611f9" timestamp="2026-07-17T10:28:40.258Z" tests="3" failures="0" errors="0" time="0.003">
    <testcase name="未登录请求返回 401" time="0.003" classname="01170PostWorkOrdersIdReceive"/>
    <testcase name="错误响应为 JSON" time="0.003" classname="01170PostWorkOrdersIdReceive"/>
    <testcase name="响应时间小于 2 秒" time="0.003" classname="01170PostWorkOrdersIdReceive"/>
  </testsuite>
  <testsuite name="01 - 全接口未登录安全边界 (170) / GET /work-orders/logs" id="066fa5e3-7eac-43f3-99b3-c206b593996d" timestamp="2026-07-17T10:28:40.258Z" tests="3" failures="0" errors="0" time="0.002">
    <testcase name="未登录请求返回 401" time="0.002" classname="01170GetWorkOrdersLogs"/>
    <testcase name="错误响应为 JSON" time="0.002" classname="01170GetWorkOrdersLogs"/>
    <testcase name="响应时间小于 2 秒" time="0.002" classname="01170GetWorkOrdersLogs"/>
  </testsuite>
  <testsuite name="01 - 全接口未登录安全边界 (170) / GET /work-orders/operators" id="fc27b0ac-805c-4cb9-b1bb-f81ab45b35fd" timestamp="2026-07-17T10:28:40.258Z" tests="3" failures="0" errors="0" time="0.002">
    <testcase name="未登录请求返回 401" time="0.002" classname="01170GetWorkOrdersOperators"/>
    <testcase name="错误响应为 JSON" time="0.002" classname="01170GetWorkOrdersOperators"/>
    <testcase name="响应时间小于 2 秒" time="0.002" classname="01170GetWorkOrdersOperators"/>
  </testsuite>
  <testsuite name="01 - 全接口未登录安全边界 (170) / GET /work-reports" id="eee4640c-0d06-4b6c-b7c3-5370c36ae0ae" timestamp="2026-07-17T10:28:40.258Z" tests="3" failures="0" errors="0" time="0.002">
    <testcase name="未登录请求返回 401" time="0.002" classname="01170GetWorkReports"/>
    <testcase name="错误响应为 JSON" time="0.002" classname="01170GetWorkReports"/>
    <testcase name="响应时间小于 2 秒" time="0.002" classname="01170GetWorkReports"/>
  </testsuite>
  <testsuite name="01 - 全接口未登录安全边界 (170) / POST /work-reports" id="d3980f0a-ca2d-41f2-b18f-6b78dde4da95" timestamp="2026-07-17T10:28:40.258Z" tests="3" failures="0" errors="0" time="0.002">
    <testcase name="未登录请求返回 401" time="0.002" classname="01170PostWorkReports"/>
    <testcase name="错误响应为 JSON" time="0.002" classname="01170PostWorkReports"/>
    <testcase name="响应时间小于 2 秒" time="0.002" classname="01170PostWorkReports"/>
  </testsuite>
  <testsuite name="01 - 全接口未登录安全边界 (170) / DELETE /work-reports/{id}" id="205ba460-5497-432d-ac73-4386302dcbd0" timestamp="2026-07-17T10:28:40.258Z" tests="3" failures="0" errors="0" time="0.003">
    <testcase name="未登录请求返回 401" time="0.003" classname="01170DeleteWorkReportsId"/>
    <testcase name="错误响应为 JSON" time="0.003" classname="01170DeleteWorkReportsId"/>
    <testcase name="响应时间小于 2 秒" time="0.003" classname="01170DeleteWorkReportsId"/>
  </testsuite>
  <testsuite name="01 - 全接口未登录安全边界 (170) / GET /work-reports/{id}" id="e1dd2cdb-d2f0-41d6-bc08-4f7996bf39ec" timestamp="2026-07-17T10:28:40.258Z" tests="3" failures="0" errors="0" time="0.002">
    <testcase name="未登录请求返回 401" time="0.002" classname="01170GetWorkReportsId"/>
    <testcase name="错误响应为 JSON" time="0.002" classname="01170GetWorkReportsId"/>
    <testcase name="响应时间小于 2 秒" time="0.002" classname="01170GetWorkReportsId"/>
  </testsuite>
  <testsuite name="01 - 全接口未登录安全边界 (170) / PUT /work-reports/{id}" id="fe60e381-b566-4805-bfe0-e704a3118329" timestamp="2026-07-17T10:28:40.258Z" tests="3" failures="0" errors="0" time="0.002">
    <testcase name="未登录请求返回 401" time="0.002" classname="01170PutWorkReportsId"/>
[...]
    <testcase name="登录态未被拒绝" time="0.938" classname="0288GetQualityTraces"/>
    <testcase name="权限策略已配置" time="0.938" classname="0288GetQualityTraces"/>
    <testcase name="服务端无 5xx 异常" time="0.938" classname="0288GetQualityTraces"/>
    <testcase name="响应时间小于 5 秒" time="0.938" classname="0288GetQualityTraces"/>
    <testcase name="成功响应 JSON 可解析" time="0.938" classname="0288GetQualityTraces"/>
  </testsuite>
  <testsuite name="02 - 登录后全量只读接口 (88) / GET /quality-traces/{id}" id="7fb63329-7c91-44ce-93e4-84d9f3cd13ee" timestamp="2026-07-17T10:28:40.258Z" tests="5" failures="0" errors="0" time="0.928">
    <testcase name="登录态未被拒绝" time="0.928" classname="0288GetQualityTracesId"/>
    <testcase name="权限策略已配置" time="0.928" classname="0288GetQualityTracesId"/>
    <testcase name="服务端无 5xx 异常" time="0.928" classname="0288GetQualityTracesId"/>
    <testcase name="响应时间小于 5 秒" time="0.928" classname="0288GetQualityTracesId"/>
    <testcase name="成功响应 JSON 可解析" time="0.928" classname="0288GetQualityTracesId"/>
  </testsuite>
  <testsuite name="02 - 登录后全量只读接口 (88) / GET /quality-traces/by-inspection/{inspectionId}" id="4362fbab-2a4a-4bfb-b182-8dbc08bf7539" timestamp="2026-07-17T10:28:40.258Z" tests="5" failures="0" errors="0" time="0.883">
    <testcase name="登录态未被拒绝" time="0.883" classname="0288GetQualityTracesByInspectionInspectionId"/>
    <testcase name="权限策略已配置" time="0.883" classname="0288GetQualityTracesByInspectionInspectionId"/>
    <testcase name="服务端无 5xx 异常" time="0.883" classname="0288GetQualityTracesByInspectionInspectionId"/>
    <testcase name="响应时间小于 5 秒" time="0.883" classname="0288GetQualityTracesByInspectionInspectionId"/>
    <testcase name="成功响应 JSON 可解析" time="0.883" classname="0288GetQualityTracesByInspectionInspectionId"/>
  </testsuite>
  <testsuite name="02 - 登录后全量只读接口 (88) / GET /quality-traces/by-work-order/{workOrderId}" id="0e9c83e0-aaf8-472f-bdd1-f75c43f0331c" timestamp="2026-07-17T10:28:40.258Z" tests="5" failures="0" errors="0" time="0.868">
    <testcase name="登录态未被拒绝" time="0.868" classname="0288GetQualityTracesByWorkOrderWorkOrderId"/>
    <testcase name="权限策略已配置" time="0.868" classname="0288GetQualityTracesByWorkOrderWorkOrderId"/>
    <testcase name="服务端无 5xx 异常" time="0.868" classname="0288GetQualityTracesByWorkOrderWorkOrderId"/>
    <testcase name="响应时间小于 5 秒" time="0.868" classname="0288GetQualityTracesByWorkOrderWorkOrderId"/>
    <testcase name="成功响应 JSON 可解析" time="0.868" classname="0288GetQualityTracesByWorkOrderWorkOrderId"/>
  </testsuite>
  <testsuite name="02 - 登录后全量只读接口 (88) / GET /quality-traces/work-orders/{workOrderId}" id="ce387a53-9185-4d4c-b3b5-7d0bc09cb580" timestamp="2026-07-17T10:28:40.258Z" tests="5" failures="0" errors="0" time="0.947">
    <testcase name="登录态未被拒绝" time="0.947" classname="0288GetQualityTracesWorkOrdersWorkOrderId"/>
    <testcase name="权限策略已配置" time="0.947" classname="0288GetQualityTracesWorkOrdersWorkOrderId"/>
    <testcase name="服务端无 5xx 异常" time="0.947" classname="0288GetQualityTracesWorkOrdersWorkOrderId"/>
    <testcase name="响应时间小于 5 秒" time="0.947" classname="0288GetQualityTracesWorkOrdersWorkOrderId"/>
    <testcase name="成功响应 JSON 可解析" time="0.947" classname="0288GetQualityTracesWorkOrdersWorkOrderId"/>
  </testsuite>
  <testsuite name="02 - 登录后全量只读接口 (88) / GET /rework-orders" id="009392c4-ba95-42ad-b968-dcbaf4e131e5" timestamp="2026-07-17T10:28:40.258Z" tests="5" failures="0" errors="0" time="0.813">
    <testcase name="登录态未被拒绝" time="0.813" classname="0288GetReworkOrders"/>
    <testcase name="权限策略已配置" time="0.813" classname="0288GetReworkOrders"/>
    <testcase name="服务端无 5xx 异常" time="0.813" classname="0288GetReworkOrders"/>
    <testcase name="响应时间小于 5 秒" time="0.813" classname="0288GetReworkOrders"/>
    <testcase name="成功响应 JSON 可解析" time="0.813" classname="0288GetReworkOrders"/>
  </testsuite>
  <testsuite name="02 - 登录后全量只读接口 (88) / GET /rework-orders/{id}" id="a556510e-b03b-4060-9883-721ddef2e8ff" timestamp="2026-07-17T10:28:40.258Z" tests="5" failures="0" errors="0" time="0.830">
    <testcase name="登录态未被拒绝" time="0.830" classname="0288GetReworkOrdersId"/>
    <testcase name="权限策略已配置" time="0.830" classname="0288GetReworkOrdersId"/>
    <testcase name="服务端无 5xx 异常" time="0.830" classname="0288GetReworkOrdersId"/>
    <testcase name="响应时间小于 5 秒" time="0.830" classname="0288GetReworkOrdersId"/>
    <testcase name="成功响应 JSON 可解析" time="0.830" classname="0288GetReworkOrdersId"/>
  </testsuite>
  <testsuite name="02 - 登录后全量只读接口 (88) / GET /planning/reworks" id="c2b1a8ac-ac39-4d71-a4c0-98bcaa2d98cc" timestamp="2026-07-17T10:28:40.258Z" tests="5" failures="0" errors="0" time="0.989">
    <testcase name="登录态未被拒绝" time="0.989" classname="0288GetPlanningReworks"/>
    <testcase name="权限策略已配置" time="0.989" classname="0288GetPlanningReworks"/>
    <testcase name="服务端无 5xx 异常" time="0.989" classname="0288GetPlanningReworks"/>
    <testcase name="响应时间小于 5 秒" time="0.989" classname="0288GetPlanningReworks"/>
    <testcase name="成功响应 JSON 可解析" time="0.989" classname="0288GetPlanningReworks"/>
  </testsuite>
  <testsuite name="02 - 登录后全量只读接口 (88) / GET /robot-delivery-tasks" id="c823b0e4-c776-4dc6-8069-b7c3e5641c9f" timestamp="2026-07-17T10:28:40.258Z" tests="5" failures="0" errors="0" time="1.177">
    <testcase name="登录态未被拒绝" time="1.177" classname="0288GetRobotDeliveryTasks"/>
    <testcase name="权限策略已配置" time="1.177" classname="0288GetRobotDeliveryTasks"/>
    <testcase name="服务端无 5xx 异常" time="1.177" classname="0288GetRobotDeliveryTasks"/>
    <testcase name="响应时间小于 5 秒" time="1.177" classname="0288GetRobotDeliveryTasks"/>
    <testcase name="成功响应 JSON 可解析" time="1.177" classname="0288GetRobotDeliveryTasks"/>
  </testsuite>
  <testsuite name="02 - 登录后全量只读接口 (88) / GET /robot-delivery-tasks/{id}" id="d2ac7666-4008-4630-8a6e-f8c050d7f372" timestamp="2026-07-17T10:28:40.258Z" tests="5" failures="0" errors="0" time="1.239">
    <testcase name="登录态未被拒绝" time="1.239" classname="0288GetRobotDeliveryTasksId"/>
    <testcase name="权限策略已配置" time="1.239" classname="0288GetRobotDeliveryTasksId"/>
    <testcase name="服务端无 5xx 异常" time="1.239" classname="0288GetRobotDeliveryTasksId"/>
    <testcase name="响应时间小于 5 秒" time="1.239" classname="0288GetRobotDeliveryTasksId"/>
    <testcase name="成功响应 JSON 可解析" time="1.239" classname="0288GetRobotDeliveryTasksId"/>
  </testsuite>
  <testsuite name="02 - 登录后全量只读接口 (88) / GET /robots" id="e99554b3-4342-4627-abf6-4ac049b42509" timestamp="2026-07-17T10:28:40.258Z" tests="5" failures="0" errors="0" time="0.816">
    <testcase name="登录态未被拒绝" time="0.816" classname="0288GetRobots"/>
    <testcase name="权限策略已配置" time="0.816" classname="0288GetRobots"/>
    <testcase name="服务端无 5xx 异常" time="0.816" classname="0288GetRobots"/>
    <testcase name="响应时间小于 5 秒" time="0.816" classname="0288GetRobots"/>
    <testcase name="成功响应 JSON 可解析" time="0.816" classname="0288GetRobots"/>
  </testsuite>
  <testsuite name="02 - 登录后全量只读接口 (88) / GET /robots/{id}" id="0147a7f6-c76c-4ac5-b658-25ff8f406b3e" timestamp="2026-07-17T10:28:40.258Z" tests="5" failures="0" errors="0" time="0.821">
    <testcase name="登录态未被拒绝" time="0.821" classname="0288GetRobotsId"/>
    <testcase name="权限策略已配置" time="0.821" classname="0288GetRobotsId"/>
    <testcase name="服务端无 5xx 异常" time="0.821" classname="0288GetRobotsId"/>
    <testcase name="响应时间小于 5 秒" time="0.821" classname="0288GetRobotsId"/>
    <testcase name="成功响应 JSON 可解析" time="0.821" classname="0288GetRobotsId"/>
  </testsuite>
  <testsuite name="02 - 登录后全量只读接口 (88) / GET /shortage-alerts" id="283d2512-e7b3-4e09-a6e7-06fec37ab305" timestamp="2026-07-17T10:28:40.258Z" tests="5" failures="0" errors="0" time="0.808">
    <testcase name="登录态未被拒绝" time="0.808" classname="0288GetShortageAlerts"/>
    <testcase name="权限策略已配置" time="0.808" classname="0288GetShortageAlerts"/>
    <testcase name="服务端无 5xx 异常" time="0.808" classname="0288GetShortageAlerts"/>
    <testcase name="响应时间小于 5 秒" time="0.808" classname="0288GetShortageAlerts"/>
    <testcase name="成功响应 JSON 可解析" time="0.808" classname="0288GetShortageAlerts"/>
  </testsuite>
  <testsuite name="02 - 登录后全量只读接口 (88) / GET /tire-labels" id="85acc8ca-bb93-4013-bf8b-5f8e0d85faca" timestamp="2026-07-17T10:28:40.258Z" tests="5" failures="0" errors="0" time="0.870">
    <testcase name="登录态未被拒绝" time="0.870" classname="0288GetTireLabels"/>
    <testcase name="权限策略已配置" time="0.870" classname="0288GetTireLabels"/>
    <testcase name="服务端无 5xx 异常" time="0.870" classname="0288GetTireLabels"/>
    <testcase name="响应时间小于 5 秒" time="0.870" classname="0288GetTireLabels"/>
    <testcase name="成功响应 JSON 可解析" time="0.870" classname="0288GetTireLabels"/>
  </testsuite>
  <testsuite name="02 - 登录后全量只读接口 (88) / GET /tire-labels/{id}/document" id="c0ae6543-030a-4b3d-930d-568e48852ab8" timestamp="2026-07-17T10:28:40.258Z" tests="5" failures="0" errors="0" time="0.830">
    <testcase name="登录态未被拒绝" time="0.830" classname="0288GetTireLabelsIdDocument"/>
    <testcase name="权限策略已配置" time="0.830" classname="0288GetTireLabelsIdDocument"/>
    <testcase name="服务端无 5xx 异常" time="0.830" classname="0288GetTireLabelsIdDocument"/>
    <testcase name="响应时间小于 5 秒" time="0.830" classname="0288GetTireLabelsIdDocument"/>
    <testcase name="文档下载类型正确" time="0.830" classname="0288GetTireLabelsIdDocument"/>
  </testsuite>
  <testsuite name="02 - 登录后全量只读接口 (88) / GET /tire-labels/{id}/label" id="c3d157a7-d2ff-4aac-aaa6-bb1230dd6538" timestamp="2026-07-17T10:28:40.258Z" tests="5" failures="0" errors="0" time="0.932">
    <testcase name="登录态未被拒绝" time="0.932" classname="0288GetTireLabelsIdLabel"/>
    <testcase name="权限策略已配置" time="0.932" classname="0288GetTireLabelsIdLabel"/>
    <testcase name="服务端无 5xx 异常" time="0.932" classname="0288GetTireLabelsIdLabel"/>
    <testcase name="响应时间小于 5 秒" time="0.932" classname="0288GetTireLabelsIdLabel"/>
    <testcase name="图片下载类型正确" time="0.932" classname="0288GetTireLabelsIdLabel"/>
  </testsuite>
  <testsuite name="02 - 登录后全量只读接口 (88) / GET /tire-labels/{id}/qrcode" id="a93debed-09eb-43fb-83aa-e120a6a25aa2" timestamp="2026-07-17T10:28:40.258Z" tests="5" failures="0" errors="0" time="0.742">
    <testcase name="登录态未被拒绝" time="0.742" classname="0288GetTireLabelsIdQrcode"/>
    <testcase name="权限策略已配置" time="0.742" classname="0288GetTireLabelsIdQrcode"/>
    <testcase name="服务端无 5xx 异常" time="0.742" classname="0288GetTireLabelsIdQrcode"/>
    <testcase name="响应时间小于 5 秒" time="0.742" classname="0288GetTireLabelsIdQrcode"/>
    <testcase name="图片下载类型正确" time="0.742" classname="0288GetTireLabelsIdQrcode"/>
  </testsuite>
  <testsuite name="02 - 登录后全量只读接口 (88) / GET /tire-labels/generate-options" id="3a6f5847-19b9-4ed2-b76c-09914a8fc5dd" timestamp="2026-07-17T10:28:40.258Z" tests="5" failures="0" errors="0" time="1.318">
    <testcase name="登录态未被拒绝" time="1.318" classname="0288GetTireLabelsGenerateOptions"/>
    <testcase name="权限策略已配置" time="1.318" classname="0288GetTireLabelsGenerateOptions"/>
    <testcase name="服务端无 5xx 异常" time="1.318" classname="0288GetTireLabelsGenerateOptions"/>
    <testcase name="响应时间小于 5 秒" time="1.318" classname="0288GetTireLabelsGenerateOptions"/>
    <testcase name="成功响应 JSON 可解析" time="1.318" classname="0288GetTireLabelsGenerateOptions"/>
  </testsuite>
  <testsuite name="02 - 登录后全量只读接口 (88) / GET /users" id="624aea33-5449-4d64-938a-b31e6163f403" timestamp="2026-07-17T10:28:40.258Z" tests="5" failures="0" errors="0" time="0.798">
    <testcase name="登录态未被拒绝" time="0.798" classname="0288GetUsers"/>
    <testcase name="权限策略已配置" time="0.798" classname="0288GetUsers"/>
    <testcase name="服务端无 5xx 异常" time="0.798" classname="0288GetUsers"/>
    <testcase name="响应时间小于 5 秒" time="0.798" classname="0288GetUsers"/>
    <testcase name="成功响应 JSON 可解析" time="0.798" classname="0288GetUsers"/>
  </testsuite>
  <testsuite name="02 - 登录后全量只读接口 (88) / GET /warehouses" id="41313c1a-038f-4567-be4d-915e46c8d956" timestamp="2026-07-17T10:28:40.258Z" tests="5" failures="0" errors="0" time="0.811">
    <testcase name="登录态未被拒绝" time="0.811" classname="0288GetWarehouses"/>
    <testcase name="权限策略已配置" time="0.811" classname="0288GetWarehouses"/>
    <testcase name="服务端无 5xx 异常" time="0.811" classname="0288GetWarehouses"/>
    <testcase name="响应时间小于 5 秒" time="0.811" classname="0288GetWarehouses"/>
    <testcase name="成功响应 JSON 可解析" time="0.811" classname="0288GetWarehouses"/>
  </testsuite>
  <testsuite name="02 - 登录后全量只读接口 (88) / GET /warehouses/{id}" id="4878b984-7920-44c1-b210-cc1d813b4ebe" timestamp="2026-07-17T10:28:40.258Z" tests="4" failures="0" errors="0" time="0.933">
    <testcase name="登录态未被拒绝" time="0.933" classname="0288GetWarehousesId"/>
    <testcase name="权限策略已配置" time="0.933" classname="0288GetWarehousesId"/>
    <testcase name="服务端无 5xx 异常" time="0.933" classname="0288GetWarehousesId"/>
    <testcase name="响应时间小于 5 秒" time="0.933" classname="0288GetWarehousesId"/>
  </testsuite>
  <testsuite name="02 - 登录后全量只读接口 (88) / GET /warehouses/locations" id="5a16549c-510c-4bf1-a59d-f00f5c5c1a8b" timestamp="2026-07-17T10:28:40.258Z" tests="5" failures="0" errors="0" time="0.848">
    <testcase name="登录态未被拒绝" time="0.848" classname="0288GetWarehousesLocations"/>
    <testcase name="权限策略已配置" time="0.848" classname="0288GetWarehousesLocations"/>
    <testcase name="服务端无 5xx 异常" time="0.848" classname="0288GetWarehousesLocations"/>
    <testcase name="响应时间小于 5 秒" time="0.848" classname="0288GetWarehousesLocations"/>
    <testcase name="成功响应 JSON 可解析" time="0.848" classname="0288GetWarehousesLocations"/>
  </testsuite>
  <testsuite name="02 - 登录后全量只读接口 (88) / GET /warehouses/locations/{id}" id="550f0f89-5df0-4b45-a424-2979d6bd58b9" timestamp="2026-07-17T10:28:40.258Z" tests="4" failures="0" errors="0" time="0.852">
    <testcase name="登录态未被拒绝" time="0.852" classname="0288GetWarehousesLocationsId"/>
    <testcase name="权限策略已配置" time="0.852" classname="0288GetWarehousesLocationsId"/>
    <testcase name="服务端无 5xx 异常" time="0.852" classname="0288GetWarehousesLocationsId"/>
    <testcase name="响应时间小于 5 秒" time="0.852" classname="0288GetWarehousesLocationsId"/>
  </testsuite>
  <testsuite name="02 - 登录后全量只读接口 (88) / GET /work-orders" id="f8e44509-8dd8-462d-8120-e2614cba0cd1" timestamp="2026-07-17T10:28:40.258Z" tests="5" failures="0" errors="0" time="0.753">
    <testcase name="登录态未被拒绝" time="0.753" classname="0288GetWorkOrders"/>
    <testcase name="权限策略已配置" time="0.753" classname="0288GetWorkOrders"/>
    <testcase name="服务端无 5xx 异常" time="0.753" classname="0288GetWorkOrders"/>
    <testcase name="响应时间小于 5 秒" time="0.753" classname="0288GetWorkOrders"/>
    <testcase name="成功响应 JSON 可解析" time="0.753" classname="0288GetWorkOrders"/>
  </testsuite>
  <testsuite name="02 - 登录后全量只读接口 (88) / GET /work-orders/{id}" id="b60f97b0-683c-4055-8404-6be8d207226d" timestamp="2026-07-17T10:28:40.258Z" tests="5" failures="0" errors="0" time="0.730">
    <testcase name="登录态未被拒绝" time="0.730" classname="0288GetWorkOrdersId"/>
    <testcase name="权限策略已配置" time="0.730" classname="0288GetWorkOrdersId"/>
    <testcase name="服务端无 5xx 异常" time="0.730" classname="0288GetWorkOrdersId"/>
    <testcase name="响应时间小于 5 秒" time="0.730" classname="0288GetWorkOrdersId"/>
    <testcase name="成功响应 JSON 可解析" time="0.730" classname="0288GetWorkOrdersId"/>
  </testsuite>
  <testsuite name="02 - 登录后全量只读接口 (88) / GET /work-orders/{id}/logs" id="bba8c6f2-f43d-47ae-8693-8e1177db7447" timestamp="2026-07-17T10:28:40.258Z" tests="5" failures="0" errors="0" time="1.070">
    <testcase name="登录态未被拒绝" time="1.070" classname="0288GetWorkOrdersIdLogs"/>
    <testcase name="权限策略已配置" time="1.070" classname="0288GetWorkOrdersIdLogs"/>
    <testcase name="服务端无 5xx 异常" time="1.070" classname="0288GetWorkOrdersIdLogs"/>
    <testcase name="响应时间小于 5 秒" time="1.070" classname="0288GetWorkOrdersIdLogs"/>
    <testcase name="成功响应 JSON 可解析" time="1.070" classname="0288GetWorkOrdersIdLogs"/>
  </testsuite>
  <testsuite name="02 - 登录后全量只读接口 (88) / GET /work-orders/logs" id="a557e041-1ab0-4690-a153-1d3f247219fa" timestamp="2026-07-17T10:28:40.258Z" tests="5" failures="0" errors="0" time="0.840">
    <testcase name="登录态未被拒绝" time="0.840" classname="0288GetWorkOrdersLogs"/>
    <testcase name="权限策略已配置" time="0.840" classname="0288GetWorkOrdersLogs"/>
    <testcase name="服务端无 5xx 异常" time="0.840" classname="0288GetWorkOrdersLogs"/>
    <testcase name="响应时间小于 5 秒" time="0.840" classname="0288GetWorkOrdersLogs"/>
    <testcase name="成功响应 JSON 可解析" time="0.840" classname="0288GetWorkOrdersLogs"/>
  </testsuite>
  <testsuite name="02 - 登录后全量只读接口 (88) / GET /work-orders/operators" id="33e3d0a7-53a5-4696-88b8-36e9307f3bac" timestamp="2026-07-17T10:28:40.258Z" tests="5" failures="0" errors="0" time="0.865">
    <testcase name="登录态未被拒绝" time="0.865" classname="0288GetWorkOrdersOperators"/>
    <testcase name="权限策略已配置" time="0.865" classname="0288GetWorkOrdersOperators"/>
    <testcase name="服务端无 5xx 异常" time="0.865" classname="0288GetWorkOrdersOperators"/>
    <testcase name="响应时间小于 5 秒" time="0.865" classname="0288GetWorkOrdersOperators"/>
    <testcase name="成功响应 JSON 可解析" time="0.865" classname="0288GetWorkOrdersOperators"/>
  </testsuite>
  <testsuite name="02 - 登录后全量只读接口 (88) / GET /work-reports" id="e00cec38-3975-4a78-a186-fcb3915c0cc8" timestamp="2026-07-17T10:28:40.258Z" tests="5" failures="0" errors="0" time="0.843">
    <testcase name="登录态未被拒绝" time="0.843" classname="0288GetWorkReports"/>
    <testcase name="权限策略已配置" time="0.843" classname="0288GetWorkReports"/>
    <testcase name="服务端无 5xx 异常" time="0.843" classname="0288GetWorkReports"/>
    <testcase name="响应时间小于 5 秒" time="0.843" classname="0288GetWorkReports"/>
    <testcase name="成功响应 JSON 可解析" time="0.843" classname="0288GetWorkReports"/>
  </testsuite>
  <testsuite name="02 - 登录后全量只读接口 (88) / GET /work-reports/{id}" id="4f139168-b6ae-4596-aba2-3ea674ac2db3" timestamp="2026-07-17T10:28:40.258Z" tests="5" failures="0" errors="0" time="0.816">
    <testcase name="登录态未被拒绝" time="0.816" classname="0288GetWorkReportsId"/>
    <testcase name="权限策略已配置" time="0.816" classname="0288GetWorkReportsId"/>
    <testcase name="服务端无 5xx 异常" time="0.816" classname="0288GetWorkReportsId"/>
    <testcase name="响应时间小于 5 秒" time="0.816" classname="0288GetWorkReportsId"/>
    <testcase name="成功响应 JSON 可解析" time="0.816" classname="0288GetWorkReportsId"/>
  </testsuite>
  <testsuite name="02 - 登录后全量只读接口 (88) / GET /work-reports/by-work-order/{workOrderId}" id="d86bd0c1-939d-4c05-90c8-ffe2fba8da55" timestamp="2026-07-17T10:28:40.258Z" tests="5" failures="0" errors="0" time="0.759">
    <testcase name="登录态未被拒绝" time="0.759" classname="0288GetWorkReportsByWorkOrderWorkOrderId"/>
    <testcase name="权限策略已配置" time="0.759" classname="0288GetWorkReportsByWorkOrderWorkOrderId"/>
    <testcase name="服务端无 5xx 异常" time="0.759" classname="0288GetWorkReportsByWorkOrderWorkOrderId"/>
    <testcase name="响应时间小于 5 秒" time="0.759" classname="0288GetWorkReportsByWorkOrderWorkOrderId"/>
    <testcase name="成功响应 JSON 可解析" time="0.759" classname="0288GetWorkReportsByWorkOrderWorkOrderId"/>
  </testsuite>
  <testsuite name="03 - 公开接口与异常场景 / 错误密码登录" id="5bf22638-b882-473e-99a2-831f873ef78e" timestamp="2026-07-17T10:28:40.258Z" tests="2" failures="0" errors="0" time="0.453">
    <testcase name="错误密码被拒绝" time="0.453" classname="03"/>
    <testcase name="错误信息不泄露密码" time="0.453" classname="03"/>
  </testsuite>
  <testsuite name="03 - 公开接口与异常场景 / 不存在的公开追溯码" id="ff5ca37c-84d3-48ea-aaa6-47f2912c5fd8" timestamp="2026-07-17T10:28:40.258Z" tests="2" failures="0" errors="0" time="0.237">
    <testcase name="公开接口无需登录" time="0.237" classname="03"/>
    <testcase name="不存在追溯码返回 404" time="0.237" classname="03"/>
  </testsuite>
  <testsuite name="99 - 清理会话 / 退出登录" id="99251b6d-03f7-4296-ac10-d256e1a732a9" timestamp="2026-07-17T10:28:40.258Z" tests="1" failures="0" errors="0" time="0.760">
    <testcase name="退出登录成功" time="0.760" classname="99"/>
  </testsuite>
</testsuites>